<?xml version="1.0" encoding="UTF-8"?>
<coverage generated="1772367887155" clover="3.2.0">
  <project timestamp="1772367887155" name="All files">
    <metrics statements="1045" coveredstatements="912" conditionals="334" coveredconditionals="224" methods="208" coveredmethods="163" elements="1587" coveredelements="1299" complexity="0" loc="1045" ncloc="1045" packages="11" files="65" classes="65"/>
    <package name="controllers">
      <metrics statements="302" coveredstatements="273" conditionals="87" coveredconditionals="64" methods="42" coveredmethods="39"/>
      <file name="auth.controller.ts" path="C:\Users\Acer\Documents\AI-powered-adaptive-quiz-system\quiz-backend\src\controllers\auth.controller.ts">
        <metrics statements="53" coveredstatements="53" conditionals="8" coveredconditionals="5" methods="8" coveredmethods="8"/>
        <line num="2" count="9" type="stmt"/>
        <line num="3" count="9" type="stmt"/>
        <line num="4" count="9" type="stmt"/>
        <line num="8" count="9" type="stmt"/>
        <line num="9" count="3" type="stmt"/>
        <line num="10" count="3" type="stmt"/>
        <line num="11" count="2" type="stmt"/>
        <line num="12" count="2" type="stmt"/>
        <line num="17" count="1" type="cond" truecount="1" falsecount="1"/>
        <line num="21" count="9" type="stmt"/>
        <line num="22" count="9" type="stmt"/>
        <line num="23" count="9" type="stmt"/>
        <line num="24" count="9" type="stmt"/>
        <line num="25" count="7" type="stmt"/>
        <line num="32" count="2" type="stmt"/>
        <line num="38" count="9" type="stmt"/>
        <line num="39" count="2" type="stmt"/>
        <line num="40" count="2" type="stmt"/>
        <line num="41" count="1" type="stmt"/>
        <line num="44" count="1" type="stmt"/>
        <line num="59" count="1" type="stmt"/>
        <line num="63" count="9" type="stmt"/>
        <line num="64" count="2" type="stmt"/>
        <line num="65" count="2" type="stmt"/>
        <line num="66" count="2" type="cond" truecount="1" falsecount="1"/>
        <line num="69" count="2" type="stmt"/>
        <line num="71" count="1" type="stmt"/>
        <line num="73" count="1" type="stmt"/>
        <line num="77" count="9" type="stmt"/>
        <line num="78" count="3" type="stmt"/>
        <line num="79" count="3" type="stmt"/>
        <line num="80" count="3" type="stmt"/>
        <line num="81" count="3" type="cond" truecount="2" falsecount="0"/>
        <line num="82" count="2" type="stmt"/>
        <line num="84" count="1" type="stmt"/>
        <line num="88" count="9" type="stmt"/>
        <line num="89" count="3" type="stmt"/>
        <line num="90" count="3" type="stmt"/>
        <line num="91" count="3" type="stmt"/>
        <line num="92" count="1" type="stmt"/>
        <line num="94" count="2" type="stmt"/>
        <line num="99" count="9" type="stmt"/>
        <line num="100" count="2" type="stmt"/>
        <line num="101" count="2" type="stmt"/>
        <line num="102" count="2" type="stmt"/>
        <line num="103" count="1" type="stmt"/>
        <line num="105" count="1" type="stmt"/>
        <line num="110" count="9" type="stmt"/>
        <line num="111" count="2" type="stmt"/>
        <line num="112" count="2" type="stmt"/>
        <line num="114" count="2" type="stmt"/>
        <line num="116" count="1" type="stmt"/>
        <line num="118" count="1" type="stmt"/>
      </file>
      <file name="question.controller.ts" path="C:\Users\Acer\Documents\AI-powered-adaptive-quiz-system\quiz-backend\src\controllers\question.controller.ts">
        <metrics statements="35" coveredstatements="23" conditionals="4" coveredconditionals="1" methods="6" coveredmethods="5"/>
        <line num="3" count="8" type="stmt"/>
        <line num="5" count="8" type="stmt"/>
        <line num="6" count="2" type="stmt"/>
        <line num="7" count="2" type="cond" truecount="1" falsecount="1"/>
        <line num="8" count="0" type="stmt"/>
        <line num="10" count="2" type="stmt"/>
        <line num="15" count="2" type="stmt"/>
        <line num="20" count="0" type="stmt"/>
        <line num="23" count="8" type="stmt"/>
        <line num="24" count="3" type="stmt"/>
        <line num="25" count="3" type="stmt"/>
        <line num="26" count="3" type="stmt"/>
        <line num="28" count="0" type="stmt"/>
        <line num="32" count="8" type="stmt"/>
        <line num="33" count="1" type="stmt"/>
        <line num="34" count="1" type="stmt"/>
        <line num="39" count="1" type="stmt"/>
        <line num="41" count="0" type="stmt"/>
        <line num="45" count="8" type="stmt"/>
        <line num="46" count="1" type="stmt"/>
        <line num="47" count="1" type="stmt"/>
        <line num="48" count="1" type="stmt"/>
        <line num="50" count="0" type="stmt"/>
        <line num="54" count="8" type="stmt"/>
        <line num="55" count="1" type="stmt"/>
        <line num="56" count="1" type="stmt"/>
        <line num="60" count="1" type="stmt"/>
        <line num="62" count="0" type="stmt"/>
        <line num="66" count="8" type="stmt"/>
        <line num="67" count="0" type="stmt"/>
        <line num="68" count="0" type="stmt"/>
        <line num="71" count="0" type="cond" truecount="0" falsecount="2"/>
        <line num="72" count="0" type="stmt"/>
        <line num="74" count="0" type="stmt"/>
        <line num="78" count="0" type="stmt"/>
      </file>
      <file name="quiz.controller.ts" path="C:\Users\Acer\Documents\AI-powered-adaptive-quiz-system\quiz-backend\src\controllers\quiz.controller.ts">
        <metrics statements="16" coveredstatements="16" conditionals="0" coveredconditionals="0" methods="2" coveredmethods="2"/>
        <line num="3" count="8" type="stmt"/>
        <line num="4" count="8" type="stmt"/>
        <line num="5" count="8" type="stmt"/>
        <line num="7" count="8" type="stmt"/>
        <line num="10" count="8" type="stmt"/>
        <line num="11" count="9" type="stmt"/>
        <line num="12" count="9" type="stmt"/>
        <line num="14" count="5" type="stmt"/>
        <line num="16" count="4" type="stmt"/>
        <line num="18" count="5" type="stmt"/>
        <line num="22" count="8" type="stmt"/>
        <line num="24" count="5" type="stmt"/>
        <line num="25" count="5" type="stmt"/>
        <line num="27" count="4" type="stmt"/>
        <line num="29" count="1" type="stmt"/>
        <line num="31" count="4" type="stmt"/>
      </file>
      <file name="resource.controller.ts" path="C:\Users\Acer\Documents\AI-powered-adaptive-quiz-system\quiz-backend\src\controllers\resource.controller.ts">
        <metrics statements="46" coveredstatements="45" conditionals="22" coveredconditionals="21" methods="5" coveredmethods="5"/>
        <line num="3" count="9" type="stmt"/>
        <line num="4" count="9" type="stmt"/>
        <line num="5" count="9" type="stmt"/>
        <line num="9" count="9" type="stmt"/>
        <line num="10" count="9" type="stmt"/>
        <line num="11" count="9" type="cond" truecount="2" falsecount="0"/>
        <line num="12" count="9" type="stmt"/>
        <line num="13" count="5" type="stmt"/>
        <line num="14" count="5" type="stmt"/>
        <line num="18" count="5" type="cond" truecount="2" falsecount="0"/>
        <line num="19" count="2" type="cond" truecount="2" falsecount="0"/>
        <line num="20" count="1" type="stmt"/>
        <line num="24" count="1" type="stmt"/>
        <line num="25" count="3" type="cond" truecount="1" falsecount="1"/>
        <line num="26" count="3" type="cond" truecount="2" falsecount="0"/>
        <line num="27" count="1" type="stmt"/>
        <line num="33" count="3" type="stmt"/>
        <line num="39" count="2" type="stmt"/>
        <line num="44" count="1" type="stmt"/>
        <line num="51" count="9" type="stmt"/>
        <line num="52" count="1" type="stmt"/>
        <line num="54" count="1" type="stmt"/>
        <line num="77" count="9" type="stmt"/>
        <line num="78" count="2" type="stmt"/>
        <line num="79" count="2" type="stmt"/>
        <line num="80" count="1" type="stmt"/>
        <line num="82" count="1" type="stmt"/>
        <line num="86" count="9" type="stmt"/>
        <line num="87" count="4" type="stmt"/>
        <line num="88" count="4" type="stmt"/>
        <line num="89" count="4" type="cond" truecount="2" falsecount="0"/>
        <line num="90" count="3" type="cond" truecount="2" falsecount="0"/>
        <line num="91" count="1" type="stmt"/>
        <line num="94" count="2" type="stmt"/>
        <line num="95" count="2" type="cond" truecount="2" falsecount="0"/>
        <line num="96" count="2" type="stmt"/>
        <line num="98" count="2" type="stmt"/>
        <line num="100" count="0" type="stmt"/>
        <line num="104" count="9" type="stmt"/>
        <line num="105" count="3" type="stmt"/>
        <line num="107" count="3" type="cond" truecount="2" falsecount="0"/>
        <line num="108" count="1" type="stmt"/>
        <line num="111" count="2" type="cond" truecount="4" falsecount="0"/>
        <line num="112" count="1" type="stmt"/>
        <line num="115" count="1" type="stmt"/>
        <line num="117" count="1" type="stmt"/>
      </file>
      <file name="school.controller.ts" path="C:\Users\Acer\Documents\AI-powered-adaptive-quiz-system\quiz-backend\src\controllers\school.controller.ts">
        <metrics statements="46" coveredstatements="38" conditionals="29" coveredconditionals="17" methods="8" coveredmethods="7"/>
        <line num="107" count="8" type="stmt"/>
        <line num="108" count="8" type="stmt"/>
        <line num="117" count="8" type="stmt"/>
        <line num="118" count="8" type="stmt"/>
        <line num="120" count="8" type="stmt"/>
        <line num="123" count="1" type="stmt"/>
        <line num="129" count="1" type="stmt"/>
        <line num="130" count="1" type="cond" truecount="1" falsecount="1"/>
        <line num="131" count="0" type="stmt"/>
        <line num="135" count="1" type="stmt"/>
        <line num="140" count="1" type="stmt"/>
        <line num="148" count="8" type="stmt"/>
        <line num="150" count="2" type="cond" truecount="3" falsecount="0"/>
        <line num="152" count="2" type="cond" truecount="1" falsecount="1"/>
        <line num="153" count="2" type="cond" truecount="1" falsecount="1"/>
        <line num="154" count="2" type="stmt"/>
        <line num="155" count="2" type="stmt"/>
        <line num="161" count="2" type="stmt"/>
        <line num="183" count="8" type="stmt"/>
        <line num="185" count="1" type="stmt"/>
        <line num="187" count="1" type="cond" truecount="1" falsecount="1"/>
        <line num="191" count="0" type="stmt"/>
        <line num="194" count="1" type="stmt"/>
        <line num="216" count="8" type="stmt"/>
        <line num="218" count="1" type="stmt"/>
        <line num="222" count="1" type="stmt"/>
        <line num="223" count="2" type="cond" truecount="2" falsecount="0"/>
        <line num="227" count="1" type="stmt"/>
        <line num="231" count="1" type="cond" truecount="1" falsecount="1"/>
        <line num="232" count="0" type="stmt"/>
        <line num="235" count="1" type="stmt"/>
        <line num="237" count="1" type="stmt"/>
        <line num="244" count="8" type="stmt"/>
        <line num="246" count="1" type="stmt"/>
        <line num="247" count="1" type="cond" truecount="1" falsecount="1"/>
        <line num="249" count="1" type="stmt"/>
        <line num="251" count="1" type="stmt"/>
        <line num="255" count="8" type="stmt"/>
        <line num="257" count="1" type="stmt"/>
        <line num="258" count="1" type="stmt"/>
        <line num="262" count="8" type="stmt"/>
        <line num="264" count="0" type="stmt"/>
        <line num="266" count="0" type="cond" truecount="0" falsecount="4"/>
        <line num="267" count="0" type="stmt"/>
        <line num="270" count="0" type="stmt"/>
        <line num="272" count="0" type="stmt"/>
      </file>
      <file name="schoolresults.controller.ts" path="C:\Users\Acer\Documents\AI-powered-adaptive-quiz-system\quiz-backend\src\controllers\schoolresults.controller.ts">
        <metrics statements="27" coveredstatements="27" conditionals="4" coveredconditionals="3" methods="4" coveredmethods="4"/>
        <line num="3" count="9" type="stmt"/>
        <line num="5" count="9" type="stmt"/>
        <line num="7" count="9" type="stmt"/>
        <line num="10" count="2" type="stmt"/>
        <line num="11" count="2" type="stmt"/>
        <line num="12" count="2" type="stmt"/>
        <line num="13" count="1" type="stmt"/>
        <line num="15" count="1" type="stmt"/>
        <line num="20" count="2" type="stmt"/>
        <line num="21" count="2" type="stmt"/>
        <line num="22" count="2" type="stmt"/>
        <line num="23" count="1" type="stmt"/>
        <line num="25" count="1" type="stmt"/>
        <line num="30" count="3" type="stmt"/>
        <line num="31" count="3" type="stmt"/>
        <line num="32" count="3" type="stmt"/>
        <line num="33" count="3" type="stmt"/>
        <line num="34" count="1" type="stmt"/>
        <line num="36" count="2" type="cond" truecount="2" falsecount="0"/>
        <line num="37" count="2" type="stmt"/>
        <line num="42" count="2" type="stmt"/>
        <line num="43" count="2" type="stmt"/>
        <line num="44" count="2" type="stmt"/>
        <line num="45" count="2" type="stmt"/>
        <line num="50" count="1" type="stmt"/>
        <line num="52" count="1" type="cond" truecount="1" falsecount="1"/>
        <line num="53" count="1" type="stmt"/>
      </file>
      <file name="student.controller.ts" path="C:\Users\Acer\Documents\AI-powered-adaptive-quiz-system\quiz-backend\src\controllers\student.controller.ts">
        <metrics statements="18" coveredstatements="18" conditionals="8" coveredconditionals="6" methods="2" coveredmethods="2"/>
        <line num="3" count="9" type="stmt"/>
        <line num="4" count="9" type="stmt"/>
        <line num="6" count="9" type="stmt"/>
        <line num="10" count="3" type="stmt"/>
        <line num="11" count="3" type="stmt"/>
        <line num="13" count="3" type="cond" truecount="2" falsecount="0"/>
        <line num="14" count="1" type="stmt"/>
        <line num="17" count="2" type="stmt"/>
        <line num="19" count="2" type="stmt"/>
        <line num="24" count="1" type="stmt"/>
        <line num="34" count="1" type="stmt"/>
        <line num="41" count="9" type="stmt"/>
        <line num="42" count="4" type="stmt"/>
        <line num="43" count="4" type="stmt"/>
        <line num="45" count="3" type="cond" truecount="2" falsecount="0"/>
        <line num="46" count="1" type="stmt"/>
        <line num="52" count="2" type="stmt"/>
        <line num="63" count="1" type="stmt"/>
      </file>
      <file name="studentQuiz.controller.ts" path="C:\Users\Acer\Documents\AI-powered-adaptive-quiz-system\quiz-backend\src\controllers\studentQuiz.controller.ts">
        <metrics statements="25" coveredstatements="22" conditionals="4" coveredconditionals="3" methods="3" coveredmethods="3"/>
        <line num="3" count="8" type="stmt"/>
        <line num="4" count="8" type="stmt"/>
        <line num="6" count="8" type="stmt"/>
        <line num="8" count="8" type="stmt"/>
        <line num="11" count="6" type="stmt"/>
        <line num="12" count="6" type="stmt"/>
        <line num="17" count="3" type="stmt"/>
        <line num="20" count="3" type="stmt"/>
        <line num="25" count="7" type="stmt"/>
        <line num="26" count="7" type="stmt"/>
        <line num="31" count="3" type="stmt"/>
        <line num="34" count="4" type="stmt"/>
        <line num="39" count="2" type="stmt"/>
        <line num="40" count="2" type="stmt"/>
        <line num="41" count="2" type="stmt"/>
        <line num="42" count="2" type="cond" truecount="1" falsecount="1"/>
        <line num="43" count="0" type="stmt"/>
        <line num="45" count="2" type="stmt"/>
        <line num="46" count="2" type="stmt"/>
        <line num="48" count="2" type="stmt"/>
        <line num="50" count="2" type="cond" truecount="2" falsecount="0"/>
        <line num="51" count="1" type="stmt"/>
        <line num="54" count="1" type="stmt"/>
        <line num="61" count="0" type="stmt"/>
        <line num="62" count="0" type="stmt"/>
      </file>
      <file name="studentVerify.controller.ts" path="C:\Users\Acer\Documents\AI-powered-adaptive-quiz-system\quiz-backend\src\controllers\studentVerify.controller.ts">
        <metrics statements="13" coveredstatements="13" conditionals="6" coveredconditionals="6" methods="1" coveredmethods="1"/>
        <line num="2" count="9" type="stmt"/>
        <line num="5" count="9" type="stmt"/>
        <line num="7" count="9" type="stmt"/>
        <line num="8" count="5" type="stmt"/>
        <line num="9" count="5" type="stmt"/>
        <line num="11" count="5" type="cond" truecount="2" falsecount="0"/>
        <line num="12" count="1" type="stmt"/>
        <line num="15" count="4" type="stmt"/>
        <line num="17" count="3" type="cond" truecount="4" falsecount="0"/>
        <line num="18" count="1" type="stmt"/>
        <line num="21" count="2" type="stmt"/>
        <line num="26" count="2" type="stmt"/>
        <line num="30" count="1" type="stmt"/>
      </file>
      <file name="studentresults.controller.ts" path="C:\Users\Acer\Documents\AI-powered-adaptive-quiz-system\quiz-backend\src\controllers\studentresults.controller.ts">
        <metrics statements="15" coveredstatements="15" conditionals="2" coveredconditionals="2" methods="2" coveredmethods="2"/>
        <line num="3" count="9" type="stmt"/>
        <line num="5" count="9" type="stmt"/>
        <line num="7" count="9" type="stmt"/>
        <line num="10" count="2" type="stmt"/>
        <line num="11" count="2" type="stmt"/>
        <line num="12" count="2" type="stmt"/>
        <line num="16" count="1" type="stmt"/>
        <line num="18" count="1" type="stmt"/>
        <line num="23" count="3" type="stmt"/>
        <line num="24" count="3" type="stmt"/>
        <line num="25" count="3" type="stmt"/>
        <line num="26" count="3" type="stmt"/>
        <line num="27" count="1" type="stmt"/>
        <line num="29" count="2" type="cond" truecount="2" falsecount="0"/>
        <line num="30" count="2" type="stmt"/>
      </file>
      <file name="superadminauth.controller.ts" path="C:\Users\Acer\Documents\AI-powered-adaptive-quiz-system\quiz-backend\src\controllers\superadminauth.controller.ts">
        <metrics statements="8" coveredstatements="3" conditionals="0" coveredconditionals="0" methods="1" coveredmethods="0"/>
        <line num="2" count="8" type="stmt"/>
        <line num="3" count="8" type="stmt"/>
        <line num="5" count="8" type="stmt"/>
        <line num="6" count="0" type="stmt"/>
        <line num="7" count="0" type="stmt"/>
        <line num="8" count="0" type="stmt"/>
        <line num="9" count="0" type="stmt"/>
        <line num="12" count="0" type="stmt"/>
      </file>
    </package>
    <package name="cron">
      <metrics statements="6" coveredstatements="3" conditionals="0" coveredconditionals="0" methods="1" coveredmethods="0"/>
      <file name="quiz.cron.ts" path="C:\Users\Acer\Documents\AI-powered-adaptive-quiz-system\quiz-backend\src\cron\quiz.cron.ts">
        <metrics statements="6" coveredstatements="3" conditionals="0" coveredconditionals="0" methods="1" coveredmethods="0"/>
        <line num="1" count="8" type="stmt"/>
        <line num="2" count="8" type="stmt"/>
        <line num="4" count="8" type="stmt"/>
        <line num="5" count="0" type="stmt"/>
        <line num="6" count="0" type="stmt"/>
        <line num="11" count="0" type="stmt"/>
      </file>
    </package>
    <package name="database">
      <metrics statements="20" coveredstatements="13" conditionals="4" coveredconditionals="3" methods="2" coveredmethods="1"/>
      <file name="db.ts" path="C:\Users\Acer\Documents\AI-powered-adaptive-quiz-system\quiz-backend\src\database\db.ts">
        <metrics statements="20" coveredstatements="13" conditionals="4" coveredconditionals="3" methods="2" coveredmethods="1"/>
        <line num="1" count="21" type="stmt"/>
        <line num="3" count="21" type="stmt"/>
        <line num="4" count="0" type="stmt"/>
        <line num="5" count="0" type="stmt"/>
        <line num="6" count="0" type="stmt"/>
        <line num="8" count="0" type="stmt"/>
        <line num="9" count="0" type="stmt"/>
        <line num="13" count="21" type="stmt"/>
        <line num="14" count="30" type="stmt"/>
        <line num="15" count="30" type="cond" truecount="2" falsecount="0"/>
        <line num="16" count="9" type="stmt"/>
        <line num="19" count="21" type="cond" truecount="1" falsecount="1"/>
        <line num="21" count="21" type="stmt"/>
        <line num="23" count="21" type="stmt"/>
        <line num="24" count="21" type="stmt"/>
        <line num="26" count="21" type="stmt"/>
        <line num="27" count="21" type="stmt"/>
        <line num="29" count="0" type="stmt"/>
        <line num="30" count="0" type="stmt"/>
        <line num="33" count="21" type="stmt"/>
      </file>
    </package>
    <package name="dtos">
      <metrics statements="19" coveredstatements="19" conditionals="0" coveredconditionals="0" methods="0" coveredmethods="0"/>
      <file name="auth.dto.ts" path="C:\Users\Acer\Documents\AI-powered-adaptive-quiz-system\quiz-backend\src\dtos\auth.dto.ts">
        <metrics statements="3" coveredstatements="3" conditionals="0" coveredconditionals="0" methods="0" coveredmethods="0"/>
        <line num="1" count="10" type="stmt"/>
        <line num="3" count="10" type="stmt"/>
        <line num="8" count="10" type="stmt"/>
      </file>
      <file name="question.dto.ts" path="C:\Users\Acer\Documents\AI-powered-adaptive-quiz-system\quiz-backend\src\dtos\question.dto.ts">
        <metrics statements="2" coveredstatements="2" conditionals="0" coveredconditionals="0" methods="0" coveredmethods="0"/>
        <line num="1" count="9" type="stmt"/>
        <line num="3" count="9" type="stmt"/>
      </file>
      <file name="quiz.dto.ts" path="C:\Users\Acer\Documents\AI-powered-adaptive-quiz-system\quiz-backend\src\dtos\quiz.dto.ts">
        <metrics statements="3" coveredstatements="3" conditionals="0" coveredconditionals="0" methods="0" coveredmethods="0"/>
        <line num="1" count="9" type="stmt"/>
        <line num="3" count="9" type="stmt"/>
        <line num="14" count="9" type="stmt"/>
      </file>
      <file name="resource.dto.ts" path="C:\Users\Acer\Documents\AI-powered-adaptive-quiz-system\quiz-backend\src\dtos\resource.dto.ts">
        <metrics statements="3" coveredstatements="3" conditionals="0" coveredconditionals="0" methods="0" coveredmethods="0"/>
        <line num="1" count="8" type="stmt"/>
        <line num="4" count="8" type="stmt"/>
        <line num="12" count="8" type="stmt"/>
      </file>
      <file name="school.dto.ts" path="C:\Users\Acer\Documents\AI-powered-adaptive-quiz-system\quiz-backend\src\dtos\school.dto.ts">
        <metrics statements="3" coveredstatements="3" conditionals="0" coveredconditionals="0" methods="0" coveredmethods="0"/>
        <line num="1" count="10" type="stmt"/>
        <line num="2" count="10" type="stmt"/>
        <line num="4" count="10" type="stmt"/>
      </file>
      <file name="student.dto.ts" path="C:\Users\Acer\Documents\AI-powered-adaptive-quiz-system\quiz-backend\src\dtos\student.dto.ts">
        <metrics statements="3" coveredstatements="3" conditionals="0" coveredconditionals="0" methods="0" coveredmethods="0"/>
        <line num="1" count="10" type="stmt"/>
        <line num="3" count="10" type="stmt"/>
        <line num="17" count="10" type="stmt"/>
      </file>
      <file name="superadmin.dto.ts" path="C:\Users\Acer\Documents\AI-powered-adaptive-quiz-system\quiz-backend\src\dtos\superadmin.dto.ts">
        <metrics statements="2" coveredstatements="2" conditionals="0" coveredconditionals="0" methods="0" coveredmethods="0"/>
        <line num="1" count="8" type="stmt"/>
        <line num="3" count="8" type="stmt"/>
      </file>
    </package>
    <package name="middlewares">
      <metrics statements="82" coveredstatements="60" conditionals="28" coveredconditionals="15" methods="17" coveredmethods="8"/>
      <file name="auth.middleware.ts" path="C:\Users\Acer\Documents\AI-powered-adaptive-quiz-system\quiz-backend\src\middlewares\auth.middleware.ts">
        <metrics statements="13" coveredstatements="13" conditionals="4" coveredconditionals="4" methods="1" coveredmethods="1"/>
        <line num="2" count="9" type="stmt"/>
        <line num="14" count="9" type="stmt"/>
        <line num="19" count="68" type="stmt"/>
        <line num="21" count="68" type="cond" truecount="2" falsecount="0"/>
        <line num="22" count="8" type="stmt"/>
        <line num="25" count="60" type="stmt"/>
        <line num="26" count="60" type="cond" truecount="2" falsecount="0"/>
        <line num="27" count="2" type="stmt"/>
        <line num="30" count="58" type="stmt"/>
        <line num="31" count="58" type="stmt"/>
        <line num="36" count="54" type="stmt"/>
        <line num="37" count="54" type="stmt"/>
        <line num="39" count="4" type="stmt"/>
      </file>
      <file name="csv_uploads.middleware.ts" path="C:\Users\Acer\Documents\AI-powered-adaptive-quiz-system\quiz-backend\src\middlewares\csv_uploads.middleware.ts">
        <metrics statements="17" coveredstatements="15" conditionals="6" coveredconditionals="3" methods="3" coveredmethods="3"/>
        <line num="1" count="8" type="stmt"/>
        <line num="2" count="8" type="stmt"/>
        <line num="3" count="8" type="stmt"/>
        <line num="6" count="8" type="stmt"/>
        <line num="8" count="8" type="stmt"/>
        <line num="10" count="8" type="cond" truecount="1" falsecount="1"/>
        <line num="11" count="0" type="stmt"/>
        <line num="14" count="8" type="stmt"/>
        <line num="16" count="2" type="stmt"/>
        <line num="19" count="2" type="stmt"/>
        <line num="20" count="2" type="stmt"/>
        <line num="24" count="8" type="stmt"/>
        <line num="25" count="2" type="cond" truecount="1" falsecount="1"/>
        <line num="27" count="2" type="cond" truecount="1" falsecount="1"/>
        <line num="28" count="2" type="stmt"/>
        <line num="30" count="0" type="stmt"/>
        <line num="33" count="8" type="stmt"/>
      </file>
      <file name="error.middleware.ts" path="C:\Users\Acer\Documents\AI-powered-adaptive-quiz-system\quiz-backend\src\middlewares\error.middleware.ts">
        <metrics statements="3" coveredstatements="0" conditionals="4" coveredconditionals="0" methods="1" coveredmethods="0"/>
        <line num="3" count="0" type="stmt"/>
        <line num="9" count="0" type="stmt"/>
        <line num="11" count="0" type="cond" truecount="0" falsecount="2"/>
      </file>
      <file name="pdf_uploads.middleware.ts" path="C:\Users\Acer\Documents\AI-powered-adaptive-quiz-system\quiz-backend\src\middlewares\pdf_uploads.middleware.ts">
        <metrics statements="15" coveredstatements="8" conditionals="4" coveredconditionals="1" methods="3" coveredmethods="0"/>
        <line num="1" count="8" type="stmt"/>
        <line num="2" count="8" type="stmt"/>
        <line num="3" count="8" type="stmt"/>
        <line num="6" count="8" type="stmt"/>
        <line num="8" count="8" type="cond" truecount="1" falsecount="1"/>
        <line num="9" count="0" type="stmt"/>
        <line num="12" count="8" type="stmt"/>
        <line num="14" count="0" type="stmt"/>
        <line num="18" count="0" type="stmt"/>
        <line num="19" count="0" type="stmt"/>
        <line num="23" count="8" type="stmt"/>
        <line num="28" count="0" type="cond" truecount="0" falsecount="2"/>
        <line num="29" count="0" type="stmt"/>
        <line num="31" count="0" type="stmt"/>
        <line num="35" count="8" type="stmt"/>
      </file>
      <file name="role.middleware.ts" path="C:\Users\Acer\Documents\AI-powered-adaptive-quiz-system\quiz-backend\src\middlewares\role.middleware.ts">
        <metrics statements="13" coveredstatements="13" conditionals="6" coveredconditionals="6" methods="3" coveredmethods="3"/>
        <line num="3" count="9" type="stmt"/>
        <line num="4" count="9" type="stmt"/>
        <line num="9" count="4" type="cond" truecount="2" falsecount="0"/>
        <line num="10" count="3" type="stmt"/>
        <line num="12" count="1" type="stmt"/>
        <line num="15" count="9" type="stmt"/>
        <line num="20" count="30" type="cond" truecount="2" falsecount="0"/>
        <line num="21" count="5" type="stmt"/>
        <line num="23" count="25" type="stmt"/>
        <line num="26" count="9" type="stmt"/>
        <line num="31" count="30" type="cond" truecount="2" falsecount="0"/>
        <line num="32" count="8" type="stmt"/>
        <line num="34" count="22" type="stmt"/>
      </file>
      <file name="uploads.middleware.ts" path="C:\Users\Acer\Documents\AI-powered-adaptive-quiz-system\quiz-backend\src\middlewares\uploads.middleware.ts">
        <metrics statements="21" coveredstatements="11" conditionals="4" coveredconditionals="1" methods="6" coveredmethods="1"/>
        <line num="1" count="8" type="stmt"/>
        <line num="2" count="8" type="stmt"/>
        <line num="3" count="8" type="stmt"/>
        <line num="4" count="8" type="stmt"/>
        <line num="6" count="8" type="stmt"/>
        <line num="7" count="8" type="cond" truecount="1" falsecount="1"/>
        <line num="8" count="0" type="stmt"/>
        <line num="11" count="8" type="stmt"/>
        <line num="13" count="0" type="stmt"/>
        <line num="16" count="0" type="stmt"/>
        <line num="17" count="0" type="stmt"/>
        <line num="18" count="0" type="stmt"/>
        <line num="21" count="8" type="stmt"/>
        <line num="23" count="0" type="cond" truecount="0" falsecount="2"/>
        <line num="24" count="0" type="stmt"/>
        <line num="26" count="0" type="stmt"/>
        <line num="28" count="8" type="stmt"/>
        <line num="34" count="8" type="stmt"/>
        <line num="35" count="32" type="stmt"/>
        <line num="36" count="0" type="stmt"/>
        <line num="37" count="0" type="stmt"/>
      </file>
    </package>
    <package name="models">
      <metrics statements="25" coveredstatements="25" conditionals="0" coveredconditionals="0" methods="0" coveredmethods="0"/>
      <file name="questions.model.ts" path="C:\Users\Acer\Documents\AI-powered-adaptive-quiz-system\quiz-backend\src\models\questions.model.ts">
        <metrics statements="3" coveredstatements="3" conditionals="0" coveredconditionals="0" methods="0" coveredmethods="0"/>
        <line num="1" count="10" type="stmt"/>
        <line num="3" count="10" type="stmt"/>
        <line num="35" count="10" type="stmt"/>
      </file>
      <file name="quiz.model.ts" path="C:\Users\Acer\Documents\AI-powered-adaptive-quiz-system\quiz-backend\src\models\quiz.model.ts">
        <metrics statements="3" coveredstatements="3" conditionals="0" coveredconditionals="0" methods="0" coveredmethods="0"/>
        <line num="1" count="11" type="stmt"/>
        <line num="3" count="11" type="stmt"/>
        <line num="17" count="11" type="stmt"/>
      </file>
      <file name="quizResult.model.ts" path="C:\Users\Acer\Documents\AI-powered-adaptive-quiz-system\quiz-backend\src\models\quizResult.model.ts">
        <metrics statements="3" coveredstatements="3" conditionals="0" coveredconditionals="0" methods="0" coveredmethods="0"/>
        <line num="1" count="12" type="stmt"/>
        <line num="3" count="12" type="stmt"/>
        <line num="26" count="12" type="stmt"/>
      </file>
      <file name="resource.model.ts" path="C:\Users\Acer\Documents\AI-powered-adaptive-quiz-system\quiz-backend\src\models\resource.model.ts">
        <metrics statements="3" coveredstatements="3" conditionals="0" coveredconditionals="0" methods="0" coveredmethods="0"/>
        <line num="1" count="10" type="stmt"/>
        <line num="18" count="10" type="stmt"/>
        <line num="52" count="10" type="stmt"/>
      </file>
      <file name="school.model.ts" path="C:\Users\Acer\Documents\AI-powered-adaptive-quiz-system\quiz-backend\src\models\school.model.ts">
        <metrics statements="4" coveredstatements="4" conditionals="0" coveredconditionals="0" methods="0" coveredmethods="0"/>
        <line num="1" count="10" type="stmt"/>
        <line num="2" count="10" type="stmt"/>
        <line num="4" count="10" type="stmt"/>
        <line num="35" count="10" type="stmt"/>
      </file>
      <file name="student.model.ts" path="C:\Users\Acer\Documents\AI-powered-adaptive-quiz-system\quiz-backend\src\models\student.model.ts">
        <metrics statements="3" coveredstatements="3" conditionals="0" coveredconditionals="0" methods="0" coveredmethods="0"/>
        <line num="1" count="13" type="stmt"/>
        <line num="3" count="13" type="stmt"/>
        <line num="20" count="13" type="stmt"/>
      </file>
      <file name="studentAnswer.model.ts" path="C:\Users\Acer\Documents\AI-powered-adaptive-quiz-system\quiz-backend\src\models\studentAnswer.model.ts">
        <metrics statements="3" coveredstatements="3" conditionals="0" coveredconditionals="0" methods="0" coveredmethods="0"/>
        <line num="1" count="9" type="stmt"/>
        <line num="3" count="9" type="stmt"/>
        <line num="34" count="9" type="stmt"/>
      </file>
      <file name="studentQuizPool.model.ts" path="C:\Users\Acer\Documents\AI-powered-adaptive-quiz-system\quiz-backend\src\models\studentQuizPool.model.ts">
        <metrics statements="3" coveredstatements="3" conditionals="0" coveredconditionals="0" methods="0" coveredmethods="0"/>
        <line num="1" count="9" type="stmt"/>
        <line num="3" count="9" type="stmt"/>
        <line num="9" count="9" type="stmt"/>
      </file>
    </package>
    <package name="repositories">
      <metrics statements="61" coveredstatements="52" conditionals="3" coveredconditionals="2" methods="42" coveredmethods="33"/>
      <file name="question.repository.ts" path="C:\Users\Acer\Documents\AI-powered-adaptive-quiz-system\quiz-backend\src\repositories\question.repository.ts">
        <metrics statements="7" coveredstatements="5" conditionals="0" coveredconditionals="0" methods="5" coveredmethods="3"/>
        <line num="1" count="9" type="stmt"/>
        <line num="3" count="9" type="stmt"/>
        <line num="5" count="2" type="stmt"/>
        <line num="9" count="3" type="stmt"/>
        <line num="13" count="0" type="stmt"/>
        <line num="17" count="6" type="stmt"/>
        <line num="21" count="0" type="stmt"/>
      </file>
      <file name="quiz.repository.ts" path="C:\Users\Acer\Documents\AI-powered-adaptive-quiz-system\quiz-backend\src\repositories\quiz.repository.ts">
        <metrics statements="5" coveredstatements="5" conditionals="0" coveredconditionals="0" methods="3" coveredmethods="3"/>
        <line num="1" count="10" type="stmt"/>
        <line num="3" count="10" type="stmt"/>
        <line num="5" count="7" type="stmt"/>
        <line num="12" count="4" type="stmt"/>
        <line num="22" count="1" type="stmt"/>
      </file>
      <file name="quizresult.repository.ts" path="C:\Users\Acer\Documents\AI-powered-adaptive-quiz-system\quiz-backend\src\repositories\quizresult.repository.ts">
        <metrics statements="6" coveredstatements="5" conditionals="0" coveredconditionals="0" methods="4" coveredmethods="3"/>
        <line num="1" count="11" type="stmt"/>
        <line num="3" count="11" type="stmt"/>
        <line num="5" count="1" type="stmt"/>
        <line num="9" count="1" type="stmt"/>
        <line num="16" count="0" type="stmt"/>
        <line num="22" count="1" type="stmt"/>
      </file>
      <file name="resource.repository.ts" path="C:\Users\Acer\Documents\AI-powered-adaptive-quiz-system\quiz-backend\src\repositories\resource.repository.ts">
        <metrics statements="8" coveredstatements="8" conditionals="0" coveredconditionals="0" methods="6" coveredmethods="6"/>
        <line num="1" count="10" type="stmt"/>
        <line num="4" count="10" type="stmt"/>
        <line num="6" count="1" type="stmt"/>
        <line num="10" count="1" type="stmt"/>
        <line num="14" count="1" type="stmt"/>
        <line num="18" count="1" type="stmt"/>
        <line num="22" count="1" type="stmt"/>
        <line num="26" count="1" type="stmt"/>
      </file>
      <file name="school.repository.ts" path="C:\Users\Acer\Documents\AI-powered-adaptive-quiz-system\quiz-backend\src\repositories\school.repository.ts">
        <metrics statements="9" coveredstatements="8" conditionals="0" coveredconditionals="0" methods="7" coveredmethods="6"/>
        <line num="1" count="10" type="stmt"/>
        <line num="4" count="10" type="stmt"/>
        <line num="6" count="1" type="stmt"/>
        <line num="10" count="9" type="stmt"/>
        <line num="14" count="0" type="stmt"/>
        <line num="17" count="1" type="stmt"/>
        <line num="21" count="1" type="stmt"/>
        <line num="25" count="1" type="stmt"/>
        <line num="29" count="1" type="stmt"/>
      </file>
      <file name="student.repository.ts" path="C:\Users\Acer\Documents\AI-powered-adaptive-quiz-system\quiz-backend\src\repositories\student.repository.ts">
        <metrics statements="12" coveredstatements="8" conditionals="1" coveredconditionals="0" methods="9" coveredmethods="5"/>
        <line num="1" count="12" type="stmt"/>
        <line num="2" count="12" type="stmt"/>
        <line num="19" count="12" type="stmt"/>
        <line num="21" count="0" type="stmt"/>
        <line num="24" count="0" type="stmt"/>
        <line num="28" count="1" type="stmt"/>
        <line num="32" count="1" type="stmt"/>
        <line num="36" count="1" type="stmt"/>
        <line num="43" count="1" type="stmt"/>
        <line num="47" count="0" type="stmt"/>
        <line num="48" count="0" type="stmt"/>
        <line num="53" count="1" type="stmt"/>
      </file>
      <file name="studentAnswer.repository.ts" path="C:\Users\Acer\Documents\AI-powered-adaptive-quiz-system\quiz-backend\src\repositories\studentAnswer.repository.ts">
        <metrics statements="14" coveredstatements="13" conditionals="2" coveredconditionals="2" methods="8" coveredmethods="7"/>
        <line num="1" count="9" type="stmt"/>
        <line num="2" count="9" type="stmt"/>
        <line num="4" count="9" type="stmt"/>
        <line num="6" count="3" type="stmt"/>
        <line num="10" count="3" type="stmt"/>
        <line num="14" count="3" type="stmt"/>
        <line num="18" count="3" type="stmt"/>
        <line num="19" count="3" type="stmt"/>
        <line num="24" count="4" type="stmt"/>
        <line num="29" count="4" type="stmt"/>
        <line num="33" count="0" type="stmt"/>
        <line num="41" count="2" type="stmt"/>
        <line num="52" count="3" type="stmt"/>
        <line num="53" count="3" type="cond" truecount="2" falsecount="0"/>
      </file>
    </package>
    <package name="routes">
      <metrics statements="104" coveredstatements="101" conditionals="0" coveredconditionals="0" methods="6" coveredmethods="0"/>
      <file name="auth.routes.ts" path="C:\Users\Acer\Documents\AI-powered-adaptive-quiz-system\quiz-backend\src\routes\auth.routes.ts">
        <metrics statements="13" coveredstatements="13" conditionals="0" coveredconditionals="0" methods="0" coveredmethods="0"/>
        <line num="1" count="8" type="stmt"/>
        <line num="2" count="8" type="stmt"/>
        <line num="3" count="8" type="stmt"/>
        <line num="6" count="8" type="stmt"/>
        <line num="8" count="8" type="stmt"/>
        <line num="9" count="8" type="stmt"/>
        <line num="10" count="8" type="stmt"/>
        <line num="11" count="8" type="stmt"/>
        <line num="12" count="8" type="stmt"/>
        <line num="13" count="8" type="stmt"/>
        <line num="14" count="8" type="stmt"/>
        <line num="15" count="8" type="stmt"/>
        <line num="25" count="8" type="stmt"/>
      </file>
      <file name="resources.route.ts" path="C:\Users\Acer\Documents\AI-powered-adaptive-quiz-system\quiz-backend\src\routes\resources.route.ts">
        <metrics statements="12" coveredstatements="12" conditionals="0" coveredconditionals="0" methods="0" coveredmethods="0"/>
        <line num="1" count="8" type="stmt"/>
        <line num="3" count="8" type="stmt"/>
        <line num="4" count="8" type="stmt"/>
        <line num="5" count="8" type="stmt"/>
        <line num="12" count="8" type="stmt"/>
        <line num="14" count="8" type="stmt"/>
        <line num="17" count="8" type="stmt"/>
        <line num="25" count="8" type="stmt"/>
        <line num="27" count="8" type="stmt"/>
        <line num="29" count="8" type="stmt"/>
        <line num="32" count="8" type="stmt"/>
        <line num="34" count="8" type="stmt"/>
      </file>
      <file name="school.routes.ts" path="C:\Users\Acer\Documents\AI-powered-adaptive-quiz-system\quiz-backend\src\routes\school.routes.ts">
        <metrics statements="27" coveredstatements="27" conditionals="0" coveredconditionals="0" methods="0" coveredmethods="0"/>
        <line num="1" count="8" type="stmt"/>
        <line num="2" count="8" type="stmt"/>
        <line num="9" count="8" type="stmt"/>
        <line num="10" count="8" type="stmt"/>
        <line num="11" count="8" type="stmt"/>
        <line num="12" count="8" type="stmt"/>
        <line num="13" count="8" type="stmt"/>
        <line num="14" count="8" type="stmt"/>
        <line num="15" count="8" type="stmt"/>
        <line num="16" count="8" type="stmt"/>
        <line num="19" count="8" type="stmt"/>
        <line num="20" count="8" type="stmt"/>
        <line num="21" count="8" type="stmt"/>
        <line num="22" count="8" type="stmt"/>
        <line num="23" count="8" type="stmt"/>
        <line num="24" count="8" type="stmt"/>
        <line num="25" count="8" type="stmt"/>
        <line num="26" count="8" type="stmt"/>
        <line num="27" count="8" type="stmt"/>
        <line num="30" count="8" type="stmt"/>
        <line num="31" count="8" type="stmt"/>
        <line num="32" count="8" type="stmt"/>
        <line num="33" count="8" type="stmt"/>
        <line num="34" count="8" type="stmt"/>
        <line num="35" count="8" type="stmt"/>
        <line num="38" count="8" type="stmt"/>
        <line num="40" count="8" type="stmt"/>
      </file>
      <file name="schoolresults.routes.ts" path="C:\Users\Acer\Documents\AI-powered-adaptive-quiz-system\quiz-backend\src\routes\schoolresults.routes.ts">
        <metrics statements="15" coveredstatements="13" conditionals="0" coveredconditionals="0" methods="4" coveredmethods="0"/>
        <line num="1" count="8" type="stmt"/>
        <line num="2" count="8" type="stmt"/>
        <line num="3" count="8" type="stmt"/>
        <line num="4" count="8" type="stmt"/>
        <line num="7" count="8" type="stmt"/>
        <line num="8" count="8" type="stmt"/>
        <line num="10" count="8" type="stmt"/>
        <line num="11" count="8" type="stmt"/>
        <line num="13" count="8" type="stmt"/>
        <line num="15" count="8" type="stmt"/>
        <line num="17" count="8" type="stmt"/>
        <line num="18" count="0" type="stmt"/>
        <line num="21" count="8" type="stmt"/>
        <line num="22" count="0" type="stmt"/>
        <line num="25" count="8" type="stmt"/>
      </file>
      <file name="student.routes.ts" path="C:\Users\Acer\Documents\AI-powered-adaptive-quiz-system\quiz-backend\src\routes\student.routes.ts">
        <metrics statements="20" coveredstatements="20" conditionals="0" coveredconditionals="0" methods="0" coveredmethods="0"/>
        <line num="1" count="8" type="stmt"/>
        <line num="3" count="8" type="stmt"/>
        <line num="4" count="8" type="stmt"/>
        <line num="5" count="8" type="stmt"/>
        <line num="6" count="8" type="stmt"/>
        <line num="7" count="8" type="stmt"/>
        <line num="8" count="8" type="stmt"/>
        <line num="9" count="8" type="stmt"/>
        <line num="10" count="8" type="stmt"/>
        <line num="11" count="8" type="stmt"/>
        <line num="12" count="8" type="stmt"/>
        <line num="13" count="8" type="stmt"/>
        <line num="14" count="8" type="stmt"/>
        <line num="15" count="8" type="stmt"/>
        <line num="17" count="8" type="stmt"/>
        <line num="18" count="8" type="stmt"/>
        <line num="20" count="8" type="stmt"/>
        <line num="21" count="8" type="stmt"/>
        <line num="23" count="8" type="stmt"/>
        <line num="25" count="8" type="stmt"/>
      </file>
      <file name="studentresults.routes.ts" path="C:\Users\Acer\Documents\AI-powered-adaptive-quiz-system\quiz-backend\src\routes\studentresults.routes.ts">
        <metrics statements="12" coveredstatements="11" conditionals="0" coveredconditionals="0" methods="2" coveredmethods="0"/>
        <line num="1" count="8" type="stmt"/>
        <line num="2" count="8" type="stmt"/>
        <line num="3" count="8" type="stmt"/>
        <line num="4" count="8" type="stmt"/>
        <line num="6" count="8" type="stmt"/>
        <line num="7" count="8" type="stmt"/>
        <line num="9" count="8" type="stmt"/>
        <line num="10" count="8" type="stmt"/>
        <line num="12" count="8" type="stmt"/>
        <line num="14" count="8" type="stmt"/>
        <line num="15" count="0" type="stmt"/>
        <line num="18" count="8" type="stmt"/>
      </file>
      <file name="superadmin.routes.ts" path="C:\Users\Acer\Documents\AI-powered-adaptive-quiz-system\quiz-backend\src\routes\superadmin.routes.ts">
        <metrics statements="5" coveredstatements="5" conditionals="0" coveredconditionals="0" methods="0" coveredmethods="0"/>
        <line num="1" count="8" type="stmt"/>
        <line num="2" count="8" type="stmt"/>
        <line num="4" count="8" type="stmt"/>
        <line num="5" count="8" type="stmt"/>
        <line num="7" count="8" type="stmt"/>
      </file>
    </package>
    <package name="services">
      <metrics statements="405" coveredstatements="345" conditionals="208" coveredconditionals="136" methods="92" coveredmethods="76"/>
      <file name="aiFeedback.service.ts" path="C:\Users\Acer\Documents\AI-powered-adaptive-quiz-system\quiz-backend\src\services\aiFeedback.service.ts">
        <metrics statements="12" coveredstatements="11" conditionals="6" coveredconditionals="3" methods="2" coveredmethods="2"/>
        <line num="1" count="11" type="stmt"/>
        <line num="3" count="11" type="stmt"/>
        <line num="8" count="10" type="cond" truecount="2" falsecount="0"/>
        <line num="9" count="1" type="stmt"/>
        <line num="12" count="9" type="stmt"/>
        <line num="13" count="9" type="stmt"/>
        <line num="23" count="1" type="stmt"/>
        <line num="24" count="1" type="stmt"/>
        <line num="34" count="1" type="stmt"/>
        <line num="39" count="0" type="cond" truecount="0" falsecount="2"/>
        <line num="41" count="1" type="stmt"/>
        <line num="42" count="1" type="stmt"/>
      </file>
      <file name="auth.services.ts" path="C:\Users\Acer\Documents\AI-powered-adaptive-quiz-system\quiz-backend\src\services\auth.services.ts">
        <metrics statements="52" coveredstatements="52" conditionals="22" coveredconditionals="22" methods="8" coveredmethods="8"/>
        <line num="1" count="10" type="stmt"/>
        <line num="2" count="10" type="stmt"/>
        <line num="3" count="10" type="stmt"/>
        <line num="4" count="10" type="stmt"/>
        <line num="5" count="10" type="stmt"/>
        <line num="6" count="10" type="stmt"/>
        <line num="7" count="10" type="stmt"/>
        <line num="8" count="10" type="stmt"/>
        <line num="10" count="10" type="stmt"/>
        <line num="12" count="7" type="stmt"/>
        <line num="17" count="7" type="cond" truecount="2" falsecount="0"/>
        <line num="18" count="6" type="cond" truecount="2" falsecount="0"/>
        <line num="19" count="5" type="cond" truecount="2" falsecount="0"/>
        <line num="20" count="1" type="stmt"/>
        <line num="22" count="4" type="stmt"/>
        <line num="24" count="4" type="stmt"/>
        <line num="31" count="11" type="stmt"/>
        <line num="32" count="11" type="cond" truecount="2" falsecount="0"/>
        <line num="34" count="10" type="stmt"/>
        <line num="35" count="10" type="cond" truecount="2" falsecount="0"/>
        <line num="37" count="8" type="stmt"/>
        <line num="49" count="4" type="stmt"/>
        <line num="51" count="4" type="cond" truecount="2" falsecount="0"/>
        <line num="53" count="3" type="stmt"/>
        <line num="55" count="3" type="cond" truecount="2" falsecount="0"/>
        <line num="57" count="2" type="stmt"/>
        <line num="63" count="2" type="stmt"/>
        <line num="75" count="2" type="stmt"/>
        <line num="77" count="2" type="stmt"/>
        <line num="81" count="5" type="stmt"/>
        <line num="82" count="5" type="cond" truecount="2" falsecount="0"/>
        <line num="85" count="3" type="stmt"/>
        <line num="86" count="3" type="stmt"/>
        <line num="88" count="3" type="stmt"/>
        <line num="93" count="3" type="stmt"/>
        <line num="95" count="3" type="stmt"/>
        <line num="105" count="5" type="stmt"/>
        <line num="106" count="5" type="stmt"/>
        <line num="108" count="5" type="cond" truecount="2" falsecount="0"/>
        <line num="110" count="3" type="stmt"/>
        <line num="112" count="3" type="stmt"/>
        <line num="120" count="3" type="stmt"/>
        <line num="121" count="3" type="cond" truecount="2" falsecount="0"/>
        <line num="124" count="2" type="stmt"/>
        <line num="126" count="2" type="stmt"/>
        <line num="128" count="2" type="stmt"/>
        <line num="133" count="2" type="stmt"/>
        <line num="143" count="4" type="stmt"/>
        <line num="145" count="4" type="stmt"/>
        <line num="151" count="4" type="cond" truecount="2" falsecount="0"/>
        <line num="153" count="3" type="stmt"/>
        <line num="155" count="3" type="stmt"/>
      </file>
      <file name="question.service.ts" path="C:\Users\Acer\Documents\AI-powered-adaptive-quiz-system\quiz-backend\src\services\question.service.ts">
        <metrics statements="30" coveredstatements="27" conditionals="6" coveredconditionals="3" methods="10" coveredmethods="9"/>
        <line num="1" count="8" type="stmt"/>
        <line num="2" count="8" type="stmt"/>
        <line num="3" count="8" type="stmt"/>
        <line num="4" count="8" type="stmt"/>
        <line num="5" count="8" type="stmt"/>
        <line num="13" count="8" type="stmt"/>
        <line num="18" count="2" type="stmt"/>
        <line num="19" count="2" type="stmt"/>
        <line num="21" count="2" type="stmt"/>
        <line num="22" count="2" type="stmt"/>
        <line num="23" count="18" type="stmt"/>
        <line num="25" count="4" type="stmt"/>
        <line num="26" count="4" type="stmt"/>
        <line num="38" count="4" type="stmt"/>
        <line num="53" count="0" type="stmt"/>
        <line num="57" count="2" type="cond" truecount="1" falsecount="1"/>
        <line num="58" count="2" type="stmt"/>
        <line num="61" count="2" type="stmt"/>
        <line num="63" count="2" type="stmt"/>
        <line num="73" count="3" type="stmt"/>
        <line num="88" count="1" type="stmt"/>
        <line num="94" count="1" type="cond" truecount="1" falsecount="1"/>
        <line num="95" count="1" type="stmt"/>
        <line num="99" count="1" type="stmt"/>
        <line num="103" count="1" type="cond" truecount="1" falsecount="1"/>
        <line num="104" count="1" type="stmt"/>
        <line num="108" count="1" type="stmt"/>
        <line num="112" count="1" type="stmt"/>
        <line num="116" count="0" type="stmt"/>
        <line num="120" count="0" type="stmt"/>
      </file>
      <file name="quiz.services.ts" path="C:\Users\Acer\Documents\AI-powered-adaptive-quiz-system\quiz-backend\src\services\quiz.services.ts">
        <metrics statements="22" coveredstatements="22" conditionals="10" coveredconditionals="10" methods="3" coveredmethods="3"/>
        <line num="1" count="9" type="stmt"/>
        <line num="2" count="9" type="stmt"/>
        <line num="4" count="9" type="stmt"/>
        <line num="5" count="9" type="stmt"/>
        <line num="7" count="9" type="stmt"/>
        <line num="9" count="15" type="stmt"/>
        <line num="10" count="15" type="stmt"/>
        <line num="12" count="15" type="cond" truecount="2" falsecount="0"/>
        <line num="13" count="15" type="cond" truecount="2" falsecount="0"/>
        <line num="15" count="15" type="cond" truecount="2" falsecount="0"/>
        <line num="16" count="8" type="stmt"/>
        <line num="31" count="8" type="cond" truecount="2" falsecount="0"/>
        <line num="32" count="6" type="stmt"/>
        <line num="35" count="7" type="stmt"/>
        <line num="37" count="7" type="stmt"/>
        <line num="41" count="4" type="stmt"/>
        <line num="50" count="7" type="stmt"/>
        <line num="54" count="9" type="stmt"/>
        <line num="56" count="4" type="stmt"/>
        <line num="58" count="4" type="cond" truecount="2" falsecount="0"/>
        <line num="59" count="3" type="stmt"/>
        <line num="62" count="1" type="stmt"/>
      </file>
      <file name="resource.service.ts" path="C:\Users\Acer\Documents\AI-powered-adaptive-quiz-system\quiz-backend\src\services\resource.service.ts">
        <metrics statements="30" coveredstatements="29" conditionals="12" coveredconditionals="11" methods="9" coveredmethods="8"/>
        <line num="1" count="9" type="stmt"/>
        <line num="3" count="9" type="stmt"/>
        <line num="4" count="9" type="stmt"/>
        <line num="6" count="9" type="stmt"/>
        <line num="8" count="9" type="stmt"/>
        <line num="9" count="26" type="stmt"/>
        <line num="10" count="26" type="stmt"/>
        <line num="13" count="2" type="stmt"/>
        <line num="17" count="2" type="stmt"/>
        <line num="21" count="1" type="stmt"/>
        <line num="28" count="5" type="stmt"/>
        <line num="29" count="5" type="cond" truecount="2" falsecount="0"/>
        <line num="31" count="4" type="cond" truecount="2" falsecount="0"/>
        <line num="33" count="2" type="cond" truecount="1" falsecount="1"/>
        <line num="34" count="2" type="stmt"/>
        <line num="35" count="2" type="stmt"/>
        <line num="37" count="2" type="stmt"/>
        <line num="38" count="2" type="stmt"/>
        <line num="41" count="4" type="stmt"/>
        <line num="45" count="3" type="stmt"/>
        <line num="46" count="3" type="cond" truecount="2" falsecount="0"/>
        <line num="47" count="2" type="stmt"/>
        <line num="48" count="2" type="stmt"/>
        <line num="50" count="3" type="stmt"/>
        <line num="54" count="2" type="stmt"/>
        <line num="58" count="0" type="stmt"/>
        <line num="62" count="3" type="stmt"/>
        <line num="63" count="3" type="cond" truecount="4" falsecount="0"/>
        <line num="64" count="2" type="stmt"/>
        <line num="66" count="1" type="stmt"/>
      </file>
      <file name="school.services.ts" path="C:\Users\Acer\Documents\AI-powered-adaptive-quiz-system\quiz-backend\src\services\school.services.ts">
        <metrics statements="46" coveredstatements="37" conditionals="32" coveredconditionals="12" methods="7" coveredmethods="6"/>
        <line num="1" count="8" type="stmt"/>
        <line num="2" count="8" type="stmt"/>
        <line num="3" count="8" type="stmt"/>
        <line num="5" count="8" type="stmt"/>
        <line num="7" count="8" type="stmt"/>
        <line num="8" count="1" type="stmt"/>
        <line num="9" count="1" type="stmt"/>
        <line num="10" count="1" type="cond" truecount="4" falsecount="1"/>
        <line num="11" count="0" type="stmt"/>
        <line num="13" count="1" type="stmt"/>
        <line num="35" count="8" type="stmt"/>
        <line num="39" count="2" type="cond" truecount="0" falsecount="3"/>
        <line num="41" count="2" type="stmt"/>
        <line num="42" count="2" type="cond" truecount="1" falsecount="1"/>
        <line num="44" count="2" type="cond" truecount="1" falsecount="1"/>
        <line num="45" count="0" type="stmt"/>
        <line num="51" count="2" type="stmt"/>
        <line num="53" count="2" type="stmt"/>
        <line num="59" count="2" type="stmt"/>
        <line num="63" count="8" type="stmt"/>
        <line num="64" count="1" type="stmt"/>
        <line num="65" count="1" type="cond" truecount="1" falsecount="1"/>
        <line num="66" count="1" type="stmt"/>
        <line num="69" count="8" type="stmt"/>
        <line num="73" count="1" type="cond" truecount="1" falsecount="1"/>
        <line num="74" count="0" type="stmt"/>
        <line num="76" count="1" type="cond" truecount="1" falsecount="1"/>
        <line num="77" count="0" type="stmt"/>
        <line num="78" count="0" type="cond" truecount="0" falsecount="5"/>
        <line num="79" count="0" type="stmt"/>
        <line num="81" count="0" type="stmt"/>
        <line num="85" count="1" type="stmt"/>
        <line num="86" count="1" type="cond" truecount="1" falsecount="1"/>
        <line num="87" count="1" type="stmt"/>
        <line num="90" count="8" type="stmt"/>
        <line num="91" count="1" type="stmt"/>
        <line num="92" count="1" type="stmt"/>
        <line num="94" count="1" type="cond" truecount="1" falsecount="1"/>
        <line num="95" count="1" type="stmt"/>
        <line num="98" count="8" type="stmt"/>
        <line num="99" count="1" type="stmt"/>
        <line num="100" count="1" type="cond" truecount="1" falsecount="1"/>
        <line num="101" count="1" type="stmt"/>
        <line num="104" count="8" type="stmt"/>
        <line num="105" count="0" type="cond" truecount="0" falsecount="2"/>
        <line num="106" count="0" type="stmt"/>
      </file>
      <file name="schoolresults.service.ts" path="C:\Users\Acer\Documents\AI-powered-adaptive-quiz-system\quiz-backend\src\services\schoolresults.service.ts">
        <metrics statements="24" coveredstatements="24" conditionals="24" coveredconditionals="20" methods="11" coveredmethods="11"/>
        <line num="1" count="9" type="stmt"/>
        <line num="2" count="9" type="stmt"/>
        <line num="5" count="9" type="stmt"/>
        <line num="6" count="24" type="stmt"/>
        <line num="10" count="7" type="cond" truecount="2" falsecount="0"/>
        <line num="11" count="6" type="stmt"/>
        <line num="16" count="4" type="stmt"/>
        <line num="17" count="4" type="stmt"/>
        <line num="35" count="5" type="stmt"/>
        <line num="36" count="5" type="cond" truecount="2" falsecount="0"/>
        <line num="38" count="4" type="stmt"/>
        <line num="40" count="4" type="stmt"/>
        <line num="71" count="4" type="stmt"/>
        <line num="72" count="4" type="cond" truecount="2" falsecount="0"/>
        <line num="74" count="3" type="stmt"/>
        <line num="78" count="3" type="cond" truecount="2" falsecount="0"/>
        <line num="81" count="2" type="stmt"/>
        <line num="86" count="2" type="stmt"/>
        <line num="110" count="1" type="cond" truecount="2" falsecount="0"/>
        <line num="121" count="3" type="stmt"/>
        <line num="122" count="3" type="stmt"/>
        <line num="124" count="3" type="cond" truecount="2" falsecount="0"/>
        <line num="126" count="2" type="stmt"/>
        <line num="128" count="2" type="stmt"/>
      </file>
      <file name="student.service.ts" path="C:\Users\Acer\Documents\AI-powered-adaptive-quiz-system\quiz-backend\src\services\student.service.ts">
        <metrics statements="10" coveredstatements="10" conditionals="2" coveredconditionals="2" methods="2" coveredmethods="2"/>
        <line num="1" count="9" type="stmt"/>
        <line num="3" count="9" type="stmt"/>
        <line num="5" count="4" type="stmt"/>
        <line num="6" count="4" type="cond" truecount="2" falsecount="0"/>
        <line num="7" count="2" type="stmt"/>
        <line num="14" count="2" type="stmt"/>
        <line num="15" count="2" type="stmt"/>
        <line num="17" count="2" type="stmt"/>
        <line num="19" count="2" type="stmt"/>
        <line num="22" count="3" type="stmt"/>
      </file>
      <file name="studentQuiz.services.ts" path="C:\Users\Acer\Documents\AI-powered-adaptive-quiz-system\quiz-backend\src\services\studentQuiz.services.ts">
        <metrics statements="146" coveredstatements="103" conditionals="76" coveredconditionals="40" methods="30" coveredmethods="18"/>
        <line num="2" count="9" type="stmt"/>
        <line num="3" count="9" type="stmt"/>
        <line num="4" count="9" type="stmt"/>
        <line num="6" count="9" type="stmt"/>
        <line num="7" count="9" type="stmt"/>
        <line num="8" count="9" type="stmt"/>
        <line num="9" count="9" type="stmt"/>
        <line num="10" count="9" type="stmt"/>
        <line num="12" count="9" type="stmt"/>
        <line num="13" count="9" type="stmt"/>
        <line num="14" count="9" type="stmt"/>
        <line num="16" count="9" type="stmt"/>
        <line num="17" count="22" type="stmt"/>
        <line num="18" count="22" type="stmt"/>
        <line num="19" count="22" type="stmt"/>
        <line num="20" count="22" type="stmt"/>
        <line num="23" count="12" type="stmt"/>
        <line num="24" count="12" type="cond" truecount="2" falsecount="0"/>
        <line num="25" count="3" type="stmt"/>
        <line num="28" count="9" type="stmt"/>
        <line num="33" count="9" type="cond" truecount="2" falsecount="0"/>
        <line num="34" count="2" type="stmt"/>
        <line num="37" count="7" type="stmt"/>
        <line num="39" count="7" type="stmt"/>
        <line num="49" count="7" type="stmt"/>
        <line num="53" count="4" type="stmt"/>
        <line num="55" count="4" type="stmt"/>
        <line num="62" count="4" type="stmt"/>
        <line num="66" count="13" type="stmt"/>
        <line num="67" count="13" type="cond" truecount="2" falsecount="0"/>
        <line num="70" count="10" type="stmt"/>
        <line num="71" count="10" type="cond" truecount="2" falsecount="0"/>
        <line num="72" count="2" type="stmt"/>
        <line num="74" count="8" type="cond" truecount="5" falsecount="0"/>
        <line num="75" count="3" type="stmt"/>
        <line num="76" count="3" type="stmt"/>
        <line num="79" count="5" type="stmt"/>
        <line num="84" count="5" type="cond" truecount="2" falsecount="0"/>
        <line num="86" count="3" type="stmt"/>
        <line num="88" count="3" type="stmt"/>
        <line num="89" count="3" type="stmt"/>
        <line num="90" count="15" type="stmt"/>
        <line num="91" count="40" type="stmt"/>
        <line num="92" count="3" type="stmt"/>
        <line num="95" count="8" type="cond" truecount="1" falsecount="1"/>
        <line num="97" count="15" type="stmt"/>
        <line num="100" count="3" type="stmt"/>
        <line num="101" count="3" type="stmt"/>
        <line num="103" count="8" type="cond" truecount="1" falsecount="1"/>
        <line num="104" count="8" type="stmt"/>
        <line num="106" count="0" type="stmt"/>
        <line num="109" count="0" type="cond" truecount="0" falsecount="2"/>
        <line num="112" count="3" type="stmt"/>
        <line num="114" count="3" type="stmt"/>
        <line num="121" count="5" type="stmt"/>
        <line num="126" count="5" type="stmt"/>
        <line num="127" count="2" type="stmt"/>
        <line num="130" count="5" type="cond" truecount="1" falsecount="1"/>
        <line num="131" count="0" type="stmt"/>
        <line num="134" count="5" type="stmt"/>
        <line num="138" count="5" type="stmt"/>
        <line num="139" count="5" type="stmt"/>
        <line num="140" count="13" type="cond" truecount="1" falsecount="1"/>
        <line num="141" count="13" type="stmt"/>
        <line num="142" count="13" type="stmt"/>
        <line num="143" count="13" type="cond" truecount="2" falsecount="0"/>
        <line num="146" count="5" type="cond" truecount="1" falsecount="1"/>
        <line num="147" count="0" type="stmt"/>
        <line num="151" count="5" type="stmt"/>
        <line num="153" count="5" type="stmt"/>
        <line num="154" count="5" type="cond" truecount="2" falsecount="0"/>
        <line num="156" count="2" type="stmt"/>
        <line num="157" count="2" type="stmt"/>
        <line num="158" count="2" type="cond" truecount="2" falsecount="0"/>
        <line num="160" count="2" type="stmt"/>
        <line num="161" count="2" type="stmt"/>
        <line num="164" count="2" type="stmt"/>
        <line num="167" count="5" type="stmt"/>
        <line num="168" count="5" type="stmt"/>
        <line num="170" count="5" type="cond" truecount="2" falsecount="0"/>
        <line num="173" count="5" type="cond" truecount="1" falsecount="1"/>
        <line num="174" count="0" type="stmt"/>
        <line num="175" count="0" type="stmt"/>
        <line num="176" count="0" type="stmt"/>
        <line num="177" count="0" type="stmt"/>
        <line num="179" count="0" type="cond" truecount="0" falsecount="5"/>
        <line num="180" count="0" type="stmt"/>
        <line num="181" count="0" type="stmt"/>
        <line num="184" count="0" type="cond" truecount="0" falsecount="4"/>
        <line num="185" count="0" type="stmt"/>
        <line num="186" count="0" type="stmt"/>
        <line num="191" count="5" type="cond" truecount="2" falsecount="0"/>
        <line num="192" count="2" type="stmt"/>
        <line num="196" count="5" type="stmt"/>
        <line num="197" count="5" type="cond" truecount="1" falsecount="1"/>
        <line num="198" count="0" type="cond" truecount="0" falsecount="2"/>
        <line num="199" count="0" type="stmt"/>
        <line num="200" count="0" type="cond" truecount="0" falsecount="4"/>
        <line num="201" count="0" type="stmt"/>
        <line num="205" count="5" type="stmt"/>
        <line num="206" count="5" type="stmt"/>
        <line num="208" count="5" type="stmt"/>
        <line num="209" count="11" type="cond" truecount="1" falsecount="1"/>
        <line num="210" count="11" type="stmt"/>
        <line num="213" count="11" type="stmt"/>
        <line num="214" count="11" type="stmt"/>
        <line num="215" count="11" type="stmt"/>
        <line num="217" count="11" type="cond" truecount="2" falsecount="0"/>
        <line num="218" count="7" type="stmt"/>
        <line num="219" count="7" type="stmt"/>
        <line num="223" count="5" type="cond" truecount="1" falsecount="1"/>
        <line num="224" count="0" type="stmt"/>
        <line num="227" count="0" type="stmt"/>
        <line num="233" count="5" type="cond" truecount="1" falsecount="1"/>
        <line num="237" count="5" type="stmt"/>
        <line num="241" count="20" type="stmt"/>
        <line num="251" count="5" type="stmt"/>
        <line num="255" count="0" type="stmt"/>
        <line num="260" count="0" type="stmt"/>
        <line num="262" count="0" type="stmt"/>
        <line num="263" count="0" type="stmt"/>
        <line num="264" count="0" type="stmt"/>
        <line num="265" count="0" type="stmt"/>
        <line num="267" count="0" type="stmt"/>
        <line num="268" count="0" type="stmt"/>
        <line num="269" count="0" type="cond" truecount="0" falsecount="2"/>
        <line num="270" count="0" type="stmt"/>
        <line num="272" count="0" type="stmt"/>
        <line num="273" count="0" type="cond" truecount="0" falsecount="2"/>
        <line num="276" count="0" type="stmt"/>
        <line num="277" count="0" type="stmt"/>
        <line num="278" count="0" type="stmt"/>
        <line num="280" count="0" type="cond" truecount="0" falsecount="2"/>
        <line num="282" count="0" type="stmt"/>
        <line num="283" count="0" type="stmt"/>
        <line num="284" count="0" type="stmt"/>
        <line num="292" count="0" type="stmt"/>
        <line num="295" count="0" type="stmt"/>
        <line num="305" count="0" type="stmt"/>
        <line num="314" count="0" type="stmt"/>
        <line num="325" count="5" type="stmt"/>
        <line num="326" count="5" type="stmt"/>
        <line num="327" count="2" type="stmt"/>
        <line num="328" count="2" type="cond" truecount="1" falsecount="1"/>
        <line num="329" count="2" type="stmt"/>
        <line num="330" count="2" type="stmt"/>
      </file>
      <file name="studentresults.service.ts" path="C:\Users\Acer\Documents\AI-powered-adaptive-quiz-system\quiz-backend\src\services\studentresults.service.ts">
        <metrics statements="24" coveredstatements="24" conditionals="14" coveredconditionals="13" methods="9" coveredmethods="9"/>
        <line num="1" count="9" type="stmt"/>
        <line num="7" count="9" type="stmt"/>
        <line num="8" count="23" type="stmt"/>
        <line num="11" count="12" type="cond" truecount="2" falsecount="0"/>
        <line num="12" count="11" type="stmt"/>
        <line num="17" count="6" type="stmt"/>
        <line num="19" count="6" type="stmt"/>
        <line num="41" count="4" type="stmt"/>
        <line num="45" count="4" type="cond" truecount="2" falsecount="0"/>
        <line num="47" count="2" type="stmt"/>
        <line num="52" count="2" type="stmt"/>
        <line num="70" count="1" type="cond" truecount="2" falsecount="0"/>
        <line num="80" count="5" type="stmt"/>
        <line num="86" count="5" type="stmt"/>
        <line num="88" count="5" type="stmt"/>
        <line num="89" count="7" type="cond" truecount="2" falsecount="0"/>
        <line num="90" count="6" type="cond" truecount="1" falsecount="1"/>
        <line num="91" count="6" type="stmt"/>
        <line num="93" count="6" type="cond" truecount="2" falsecount="0"/>
        <line num="95" count="6" type="stmt"/>
        <line num="104" count="5" type="stmt"/>
        <line num="105" count="5" type="stmt"/>
        <line num="106" count="1" type="stmt"/>
        <line num="110" count="5" type="stmt"/>
      </file>
      <file name="superadmin.services.ts" path="C:\Users\Acer\Documents\AI-powered-adaptive-quiz-system\quiz-backend\src\services\superadmin.services.ts">
        <metrics statements="9" coveredstatements="6" conditionals="4" coveredconditionals="0" methods="1" coveredmethods="0"/>
        <line num="1" count="8" type="stmt"/>
        <line num="2" count="8" type="stmt"/>
        <line num="3" count="8" type="stmt"/>
        <line num="5" count="8" type="stmt"/>
        <line num="6" count="8" type="stmt"/>
        <line num="8" count="8" type="stmt"/>
        <line num="10" count="0" type="cond" truecount="0" falsecount="4"/>
        <line num="11" count="0" type="stmt"/>
        <line num="13" count="0" type="stmt"/>
      </file>
    </package>
    <package name="types">
      <metrics statements="9" coveredstatements="9" conditionals="4" coveredconditionals="4" methods="2" coveredmethods="2"/>
      <file name="roles.types.ts" path="C:\Users\Acer\Documents\AI-powered-adaptive-quiz-system\quiz-backend\src\types\roles.types.ts">
        <metrics statements="4" coveredstatements="4" conditionals="2" coveredconditionals="2" methods="1" coveredmethods="1"/>
        <line num="1" count="11" type="cond" truecount="2" falsecount="0"/>
        <line num="2" count="11" type="stmt"/>
        <line num="3" count="11" type="stmt"/>
        <line num="4" count="11" type="stmt"/>
      </file>
      <file name="school.types.ts" path="C:\Users\Acer\Documents\AI-powered-adaptive-quiz-system\quiz-backend\src\types\school.types.ts">
        <metrics statements="5" coveredstatements="5" conditionals="2" coveredconditionals="2" methods="1" coveredmethods="1"/>
        <line num="1" count="12" type="cond" truecount="2" falsecount="0"/>
        <line num="2" count="12" type="stmt"/>
        <line num="3" count="12" type="stmt"/>
        <line num="4" count="12" type="stmt"/>
        <line num="5" count="12" type="stmt"/>
      </file>
    </package>
    <package name="utils">
      <metrics statements="12" coveredstatements="12" conditionals="0" coveredconditionals="0" methods="4" coveredmethods="4"/>
      <file name="asyncHandler.ts" path="C:\Users\Acer\Documents\AI-powered-adaptive-quiz-system\quiz-backend\src\utils\asyncHandler.ts">
        <metrics statements="4" coveredstatements="4" conditionals="0" coveredconditionals="0" methods="2" coveredmethods="2"/>
        <line num="3" count="8" type="stmt"/>
        <line num="4" count="8" type="stmt"/>
        <line num="5" count="56" type="stmt"/>
        <line num="6" count="7" type="stmt"/>
      </file>
      <file name="difficulty.ts" path="C:\Users\Acer\Documents\AI-powered-adaptive-quiz-system\quiz-backend\src\utils\difficulty.ts">
        <metrics statements="1" coveredstatements="1" conditionals="0" coveredconditionals="0" methods="0" coveredmethods="0"/>
        <line num="1" count="10" type="stmt"/>
      </file>
      <file name="mailer.ts" path="C:\Users\Acer\Documents\AI-powered-adaptive-quiz-system\quiz-backend\src\utils\mailer.ts">
        <metrics statements="5" coveredstatements="5" conditionals="0" coveredconditionals="0" methods="1" coveredmethods="1"/>
        <line num="1" count="10" type="stmt"/>
        <line num="3" count="10" type="stmt"/>
        <line num="4" count="1" type="stmt"/>
        <line num="12" count="1" type="stmt"/>
        <line num="18" count="1" type="stmt"/>
      </file>
      <file name="sigmoid.ts" path="C:\Users\Acer\Documents\AI-powered-adaptive-quiz-system\quiz-backend\src\utils\sigmoid.ts">
        <metrics statements="2" coveredstatements="2" conditionals="0" coveredconditionals="0" methods="1" coveredmethods="1"/>
        <line num="1" count="9" type="stmt"/>
        <line num="2" count="11" type="stmt"/>
      </file>
    </package>
  </project>
</coverage>
