{"C:\\Users\\Acer\\Documents\\AI-powered-adaptive-quiz-system\\quiz-backend\\src\\controllers\\auth.controller.ts": {"path":"C:\\Users\\Acer\\Documents\\AI-powered-adaptive-quiz-system\\quiz-backend\\src\\controllers\\auth.controller.ts","statementMap":{"0":{"start":{"line":2,"column":0},"end":{"line":2,"column":55}},"1":{"start":{"line":3,"column":0},"end":{"line":3,"column":63}},"2":{"start":{"line":4,"column":0},"end":{"line":4,"column":56}},"3":{"start":{"line":8,"column":30},"end":{"line":19,"column":1}},"4":{"start":{"line":9,"column":2},"end":{"line":18,"column":3}},"5":{"start":{"line":10,"column":17},"end":{"line":10,"column":50}},"6":{"start":{"line":11,"column":4},"end":{"line":11,"column":43}},"7":{"start":{"line":12,"column":4},"end":{"line":15,"column":7}},"8":{"start":{"line":17,"column":4},"end":{"line":17,"column":90}},"9":{"start":{"line":8,"column":13},"end":{"line":8,"column":30}},"10":{"start":{"line":21,"column":21},"end":{"line":36,"column":1}},"11":{"start":{"line":22,"column":2},"end":{"line":35,"column":3}},"12":{"start":{"line":23,"column":32},"end":{"line":23,"column":56}},"13":{"start":{"line":24,"column":19},"end":{"line":24,"column":59}},"14":{"start":{"line":25,"column":4},"end":{"line":30,"column":7}},"15":{"start":{"line":32,"column":4},"end":{"line":34,"column":77}},"16":{"start":{"line":21,"column":13},"end":{"line":21,"column":21}},"17":{"start":{"line":38,"column":28},"end":{"line":61,"column":1}},"18":{"start":{"line":39,"column":2},"end":{"line":60,"column":3}},"19":{"start":{"line":40,"column":32},"end":{"line":40,"column":56}},"20":{"start":{"line":41,"column":19},"end":{"line":41,"column":66}},"21":{"start":{"line":44,"column":4},"end":{"line":57,"column":7}},"22":{"start":{"line":59,"column":4},"end":{"line":59,"column":67}},"23":{"start":{"line":38,"column":13},"end":{"line":38,"column":28}},"24":{"start":{"line":63,"column":30},"end":{"line":75,"column":1}},"25":{"start":{"line":64,"column":2},"end":{"line":74,"column":3}},"26":{"start":{"line":65,"column":28},"end":{"line":65,"column":61}},"27":{"start":{"line":66,"column":4},"end":{"line":66,"column":66}},"28":{"start":{"line":66,"column":22},"end":{"line":66,"column":66}},"29":{"start":{"line":69,"column":4},"end":{"line":69,"column":71}},"30":{"start":{"line":71,"column":4},"end":{"line":71,"column":59}},"31":{"start":{"line":73,"column":4},"end":{"line":73,"column":51}},"32":{"start":{"line":63,"column":13},"end":{"line":63,"column":30}},"33":{"start":{"line":77,"column":30},"end":{"line":86,"column":1}},"34":{"start":{"line":78,"column":2},"end":{"line":85,"column":3}},"35":{"start":{"line":79,"column":22},"end":{"line":79,"column":30}},"36":{"start":{"line":80,"column":4},"end":{"line":80,"column":44}},"37":{"start":{"line":81,"column":4},"end":{"line":81,"column":53}},"38":{"start":{"line":81,"column":16},"end":{"line":81,"column":53}},"39":{"start":{"line":82,"column":4},"end":{"line":82,"column":77}},"40":{"start":{"line":84,"column":4},"end":{"line":84,"column":51}},"41":{"start":{"line":77,"column":13},"end":{"line":77,"column":30}},"42":{"start":{"line":88,"column":29},"end":{"line":96,"column":1}},"43":{"start":{"line":89,"column":2},"end":{"line":95,"column":3}},"44":{"start":{"line":90,"column":35},"end":{"line":90,"column":43}},"45":{"start":{"line":91,"column":4},"end":{"line":91,"column":56}},"46":{"start":{"line":92,"column":4},"end":{"line":92,"column":55}},"47":{"start":{"line":94,"column":4},"end":{"line":94,"column":51}},"48":{"start":{"line":88,"column":13},"end":{"line":88,"column":29}},"49":{"start":{"line":99,"column":37},"end":{"line":107,"column":1}},"50":{"start":{"line":100,"column":2},"end":{"line":106,"column":3}},"51":{"start":{"line":101,"column":22},"end":{"line":101,"column":30}},"52":{"start":{"line":102,"column":4},"end":{"line":102,"column":51}},"53":{"start":{"line":103,"column":4},"end":{"line":103,"column":54}},"54":{"start":{"line":105,"column":4},"end":{"line":105,"column":51}},"55":{"start":{"line":99,"column":13},"end":{"line":99,"column":37}},"56":{"start":{"line":110,"column":36},"end":{"line":120,"column":1}},"57":{"start":{"line":111,"column":2},"end":{"line":119,"column":3}},"58":{"start":{"line":112,"column":40},"end":{"line":112,"column":48}},"59":{"start":{"line":114,"column":4},"end":{"line":114,"column":68}},"60":{"start":{"line":116,"column":4},"end":{"line":116,"column":55}},"61":{"start":{"line":118,"column":4},"end":{"line":118,"column":51}},"62":{"start":{"line":110,"column":13},"end":{"line":110,"column":36}}},"fnMap":{"0":{"name":"(anonymous_0)","decl":{"start":{"line":8,"column":30},"end":{"line":8,"column":35}},"loc":{"start":{"line":8,"column":68},"end":{"line":19,"column":1}}},"1":{"name":"(anonymous_1)","decl":{"start":{"line":21,"column":21},"end":{"line":21,"column":26}},"loc":{"start":{"line":21,"column":59},"end":{"line":36,"column":1}}},"2":{"name":"(anonymous_2)","decl":{"start":{"line":38,"column":28},"end":{"line":38,"column":33}},"loc":{"start":{"line":38,"column":66},"end":{"line":61,"column":1}}},"3":{"name":"(anonymous_3)","decl":{"start":{"line":63,"column":30},"end":{"line":63,"column":35}},"loc":{"start":{"line":63,"column":72},"end":{"line":75,"column":1}}},"4":{"name":"(anonymous_4)","decl":{"start":{"line":77,"column":30},"end":{"line":77,"column":35}},"loc":{"start":{"line":77,"column":68},"end":{"line":86,"column":1}}},"5":{"name":"(anonymous_5)","decl":{"start":{"line":88,"column":29},"end":{"line":88,"column":34}},"loc":{"start":{"line":88,"column":67},"end":{"line":96,"column":1}}},"6":{"name":"(anonymous_6)","decl":{"start":{"line":99,"column":37},"end":{"line":99,"column":42}},"loc":{"start":{"line":99,"column":75},"end":{"line":107,"column":1}}},"7":{"name":"(anonymous_7)","decl":{"start":{"line":110,"column":36},"end":{"line":110,"column":41}},"loc":{"start":{"line":110,"column":74},"end":{"line":120,"column":1}}}},"branchMap":{"0":{"loc":{"start":{"line":17,"column":50},"end":{"line":17,"column":86}},"type":"binary-expr","locations":[{"start":{"line":17,"column":50},"end":{"line":17,"column":61}},{"start":{"line":17,"column":65},"end":{"line":17,"column":86}}]},"1":{"loc":{"start":{"line":34,"column":37},"end":{"line":34,"column":73}},"type":"binary-expr","locations":[{"start":{"line":34,"column":37},"end":{"line":34,"column":48}},{"start":{"line":34,"column":52},"end":{"line":34,"column":73}}]},"2":{"loc":{"start":{"line":66,"column":4},"end":{"line":66,"column":66}},"type":"if","locations":[{"start":{"line":66,"column":4},"end":{"line":66,"column":66}},{"start":{},"end":{}}]},"3":{"loc":{"start":{"line":81,"column":4},"end":{"line":81,"column":53}},"type":"if","locations":[{"start":{"line":81,"column":4},"end":{"line":81,"column":53}},{"start":{},"end":{}}]}},"s":{"0":9,"1":9,"2":9,"3":9,"4":3,"5":3,"6":2,"7":2,"8":1,"9":9,"10":9,"11":9,"12":9,"13":9,"14":7,"15":2,"16":9,"17":9,"18":2,"19":2,"20":1,"21":1,"22":1,"23":9,"24":9,"25":2,"26":2,"27":2,"28":0,"29":2,"30":1,"31":1,"32":9,"33":9,"34":3,"35":3,"36":3,"37":3,"38":1,"39":2,"40":1,"41":9,"42":9,"43":3,"44":3,"45":3,"46":1,"47":2,"48":9,"49":9,"50":2,"51":2,"52":2,"53":1,"54":1,"55":9,"56":9,"57":2,"58":2,"59":2,"60":1,"61":1,"62":9},"f":{"0":3,"1":9,"2":2,"3":2,"4":3,"5":3,"6":2,"7":2},"b":{"0":[1,0],"1":[2,0],"2":[0,2],"3":[1,2]}}
,"C:\\Users\\Acer\\Documents\\AI-powered-adaptive-quiz-system\\quiz-backend\\src\\controllers\\question.controller.ts": {"path":"C:\\Users\\Acer\\Documents\\AI-powered-adaptive-quiz-system\\quiz-backend\\src\\controllers\\question.controller.ts","statementMap":{"0":{"start":{"line":3,"column":0},"end":{"line":3,"column":63}},"1":{"start":{"line":5,"column":33},"end":{"line":22,"column":1}},"2":{"start":{"line":6,"column":2},"end":{"line":21,"column":3}},"3":{"start":{"line":7,"column":4},"end":{"line":9,"column":5}},"4":{"start":{"line":8,"column":6},"end":{"line":8,"column":69}},"5":{"start":{"line":10,"column":19},"end":{"line":12,"column":null}},"6":{"start":{"line":15,"column":4},"end":{"line":18,"column":7}},"7":{"start":{"line":20,"column":4},"end":{"line":20,"column":49}},"8":{"start":{"line":5,"column":13},"end":{"line":5,"column":33}},"9":{"start":{"line":23,"column":28},"end":{"line":30,"column":1}},"10":{"start":{"line":24,"column":2},"end":{"line":29,"column":3}},"11":{"start":{"line":25,"column":22},"end":{"line":25,"column":78}},"12":{"start":{"line":26,"column":4},"end":{"line":26,"column":40}},"13":{"start":{"line":28,"column":4},"end":{"line":28,"column":49}},"14":{"start":{"line":23,"column":13},"end":{"line":23,"column":28}},"15":{"start":{"line":32,"column":30},"end":{"line":43,"column":1}},"16":{"start":{"line":33,"column":2},"end":{"line":42,"column":3}},"17":{"start":{"line":34,"column":20},"end":{"line":37,"column":null}},"18":{"start":{"line":39,"column":4},"end":{"line":39,"column":77}},"19":{"start":{"line":41,"column":4},"end":{"line":41,"column":49}},"20":{"start":{"line":32,"column":13},"end":{"line":32,"column":30}},"21":{"start":{"line":45,"column":30},"end":{"line":52,"column":1}},"22":{"start":{"line":46,"column":2},"end":{"line":51,"column":3}},"23":{"start":{"line":47,"column":4},"end":{"line":47,"column":70}},"24":{"start":{"line":48,"column":4},"end":{"line":48,"column":58}},"25":{"start":{"line":50,"column":4},"end":{"line":50,"column":49}},"26":{"start":{"line":45,"column":13},"end":{"line":45,"column":30}},"27":{"start":{"line":54,"column":36},"end":{"line":64,"column":1}},"28":{"start":{"line":55,"column":2},"end":{"line":63,"column":3}},"29":{"start":{"line":56,"column":25},"end":{"line":58,"column":null}},"30":{"start":{"line":60,"column":4},"end":{"line":60,"column":75}},"31":{"start":{"line":62,"column":4},"end":{"line":62,"column":49}},"32":{"start":{"line":54,"column":13},"end":{"line":54,"column":36}},"33":{"start":{"line":66,"column":34},"end":{"line":80,"column":1}},"34":{"start":{"line":67,"column":2},"end":{"line":79,"column":3}},"35":{"start":{"line":68,"column":25},"end":{"line":69,"column":null}},"36":{"start":{"line":71,"column":4},"end":{"line":73,"column":5}},"37":{"start":{"line":72,"column":6},"end":{"line":72,"column":73}},"38":{"start":{"line":74,"column":4},"end":{"line":76,"column":7}},"39":{"start":{"line":78,"column":4},"end":{"line":78,"column":49}},"40":{"start":{"line":66,"column":13},"end":{"line":66,"column":34}}},"fnMap":{"0":{"name":"(anonymous_0)","decl":{"start":{"line":5,"column":33},"end":{"line":5,"column":38}},"loc":{"start":{"line":5,"column":75},"end":{"line":22,"column":1}}},"1":{"name":"(anonymous_1)","decl":{"start":{"line":23,"column":28},"end":{"line":23,"column":33}},"loc":{"start":{"line":23,"column":70},"end":{"line":30,"column":1}}},"2":{"name":"(anonymous_2)","decl":{"start":{"line":32,"column":30},"end":{"line":32,"column":35}},"loc":{"start":{"line":32,"column":72},"end":{"line":43,"column":1}}},"3":{"name":"(anonymous_3)","decl":{"start":{"line":45,"column":30},"end":{"line":45,"column":35}},"loc":{"start":{"line":45,"column":72},"end":{"line":52,"column":1}}},"4":{"name":"(anonymous_4)","decl":{"start":{"line":54,"column":36},"end":{"line":54,"column":41}},"loc":{"start":{"line":54,"column":78},"end":{"line":64,"column":1}}},"5":{"name":"(anonymous_5)","decl":{"start":{"line":66,"column":34},"end":{"line":66,"column":39}},"loc":{"start":{"line":66,"column":76},"end":{"line":80,"column":1}}}},"branchMap":{"0":{"loc":{"start":{"line":7,"column":4},"end":{"line":9,"column":5}},"type":"if","locations":[{"start":{"line":7,"column":4},"end":{"line":9,"column":5}},{"start":{},"end":{}}]},"1":{"loc":{"start":{"line":71,"column":4},"end":{"line":73,"column":5}},"type":"if","locations":[{"start":{"line":71,"column":4},"end":{"line":73,"column":5}},{"start":{},"end":{}}]}},"s":{"0":8,"1":8,"2":2,"3":2,"4":0,"5":2,"6":2,"7":0,"8":8,"9":8,"10":3,"11":3,"12":3,"13":0,"14":8,"15":8,"16":1,"17":1,"18":1,"19":0,"20":8,"21":8,"22":1,"23":1,"24":1,"25":0,"26":8,"27":8,"28":1,"29":1,"30":1,"31":0,"32":8,"33":8,"34":0,"35":0,"36":0,"37":0,"38":0,"39":0,"40":8},"f":{"0":2,"1":3,"2":1,"3":1,"4":1,"5":0},"b":{"0":[0,2],"1":[0,0]}}
,"C:\\Users\\Acer\\Documents\\AI-powered-adaptive-quiz-system\\quiz-backend\\src\\controllers\\quiz.controller.ts": {"path":"C:\\Users\\Acer\\Documents\\AI-powered-adaptive-quiz-system\\quiz-backend\\src\\controllers\\quiz.controller.ts","statementMap":{"0":{"start":{"line":3,"column":0},"end":{"line":3,"column":56}},"1":{"start":{"line":4,"column":0},"end":{"line":4,"column":61}},"2":{"start":{"line":5,"column":0},"end":{"line":5,"column":68}},"3":{"start":{"line":7,"column":16},"end":{"line":7,"column":45}},"4":{"start":{"line":10,"column":36},"end":{"line":20,"column":1}},"5":{"start":{"line":11,"column":2},"end":{"line":19,"column":3}},"6":{"start":{"line":12,"column":19},"end":{"line":12,"column":48}},"7":{"start":{"line":14,"column":17},"end":{"line":14,"column":67}},"8":{"start":{"line":16,"column":4},"end":{"line":16,"column":50}},"9":{"start":{"line":18,"column":4},"end":{"line":18,"column":67}},"10":{"start":{"line":10,"column":13},"end":{"line":10,"column":36}},"11":{"start":{"line":24,"column":4},"end":{"line":32,"column":5}},"12":{"start":{"line":25,"column":25},"end":{"line":25,"column":52}},"13":{"start":{"line":27,"column":19},"end":{"line":27,"column":58}},"14":{"start":{"line":29,"column":6},"end":{"line":29,"column":52}},"15":{"start":{"line":31,"column":6},"end":{"line":31,"column":69}},"16":{"start":{"line":22,"column":0},"end":{"line":22,"column":13}}},"fnMap":{"0":{"name":"(anonymous_0)","decl":{"start":{"line":10,"column":36},"end":{"line":10,"column":41}},"loc":{"start":{"line":10,"column":78},"end":{"line":20,"column":1}}},"1":{"name":"(anonymous_1)","decl":{"start":{"line":23,"column":2},"end":{"line":23,"column":7}},"loc":{"start":{"line":23,"column":47},"end":{"line":33,"column":3}}}},"branchMap":{},"s":{"0":8,"1":8,"2":8,"3":8,"4":8,"5":9,"6":9,"7":5,"8":4,"9":5,"10":8,"11":5,"12":5,"13":4,"14":1,"15":4,"16":8},"f":{"0":9,"1":5},"b":{}}
,"C:\\Users\\Acer\\Documents\\AI-powered-adaptive-quiz-system\\quiz-backend\\src\\controllers\\resource.controller.ts": {"path":"C:\\Users\\Acer\\Documents\\AI-powered-adaptive-quiz-system\\quiz-backend\\src\\controllers\\resource.controller.ts","statementMap":{"0":{"start":{"line":3,"column":0},"end":{"line":3,"column":63}},"1":{"start":{"line":4,"column":0},"end":{"line":4,"column":76}},"2":{"start":{"line":5,"column":0},"end":{"line":5,"column":71}},"3":{"start":{"line":9,"column":26},"end":{"line":9,"column":43}},"4":{"start":{"line":10,"column":24},"end":{"line":10,"column":45}},"5":{"start":{"line":11,"column":16},"end":{"line":11,"column":66}},"6":{"start":{"line":12,"column":30},"end":{"line":49,"column":1}},"7":{"start":{"line":13,"column":2},"end":{"line":48,"column":3}},"8":{"start":{"line":14,"column":19},"end":{"line":14,"column":52}},"9":{"start":{"line":18,"column":4},"end":{"line":31,"column":5}},"10":{"start":{"line":19,"column":6},"end":{"line":23,"column":7}},"11":{"start":{"line":20,"column":8},"end":{"line":22,"column":11}},"12":{"start":{"line":24,"column":6},"end":{"line":24,"column":62}},"13":{"start":{"line":25,"column":11},"end":{"line":31,"column":5}},"14":{"start":{"line":26,"column":6},"end":{"line":30,"column":7}},"15":{"start":{"line":27,"column":8},"end":{"line":29,"column":11}},"16":{"start":{"line":33,"column":21},"end":{"line":37,"column":6}},"17":{"start":{"line":39,"column":4},"end":{"line":42,"column":7}},"18":{"start":{"line":44,"column":4},"end":{"line":47,"column":7}},"19":{"start":{"line":12,"column":13},"end":{"line":12,"column":30}},"20":{"start":{"line":51,"column":34},"end":{"line":58,"column":1}},"21":{"start":{"line":52,"column":20},"end":{"line":52,"column":74}},"22":{"start":{"line":54,"column":2},"end":{"line":57,"column":5}},"23":{"start":{"line":51,"column":13},"end":{"line":51,"column":34}},"24":{"start":{"line":77,"column":35},"end":{"line":84,"column":1}},"25":{"start":{"line":78,"column":2},"end":{"line":83,"column":3}},"26":{"start":{"line":79,"column":22},"end":{"line":79,"column":80}},"27":{"start":{"line":80,"column":4},"end":{"line":80,"column":56}},"28":{"start":{"line":82,"column":4},"end":{"line":82,"column":60}},"29":{"start":{"line":77,"column":13},"end":{"line":77,"column":35}},"30":{"start":{"line":86,"column":30},"end":{"line":102,"column":1}},"31":{"start":{"line":87,"column":2},"end":{"line":101,"column":3}},"32":{"start":{"line":88,"column":21},"end":{"line":88,"column":73}},"33":{"start":{"line":89,"column":4},"end":{"line":89,"column":82}},"34":{"start":{"line":89,"column":19},"end":{"line":89,"column":82}},"35":{"start":{"line":90,"column":4},"end":{"line":92,"column":5}},"36":{"start":{"line":91,"column":6},"end":{"line":91,"column":65}},"37":{"start":{"line":94,"column":19},"end":{"line":94,"column":52}},"38":{"start":{"line":95,"column":24},"end":{"line":95,"column":92}},"39":{"start":{"line":96,"column":20},"end":{"line":96,"column":92}},"40":{"start":{"line":98,"column":4},"end":{"line":98,"column":54}},"41":{"start":{"line":100,"column":4},"end":{"line":100,"column":60}},"42":{"start":{"line":86,"column":13},"end":{"line":86,"column":30}},"43":{"start":{"line":104,"column":30},"end":{"line":121,"column":1}},"44":{"start":{"line":105,"column":19},"end":{"line":105,"column":71}},"45":{"start":{"line":107,"column":2},"end":{"line":109,"column":3}},"46":{"start":{"line":108,"column":4},"end":{"line":108,"column":67}},"47":{"start":{"line":111,"column":2},"end":{"line":113,"column":3}},"48":{"start":{"line":112,"column":4},"end":{"line":112,"column":63}},"49":{"start":{"line":115,"column":2},"end":{"line":115,"column":54}},"50":{"start":{"line":117,"column":2},"end":{"line":120,"column":5}},"51":{"start":{"line":104,"column":13},"end":{"line":104,"column":30}}},"fnMap":{"0":{"name":"(anonymous_0)","decl":{"start":{"line":12,"column":30},"end":{"line":12,"column":35}},"loc":{"start":{"line":12,"column":72},"end":{"line":49,"column":1}}},"1":{"name":"(anonymous_1)","decl":{"start":{"line":51,"column":34},"end":{"line":51,"column":39}},"loc":{"start":{"line":51,"column":76},"end":{"line":58,"column":1}}},"2":{"name":"(anonymous_2)","decl":{"start":{"line":77,"column":35},"end":{"line":77,"column":40}},"loc":{"start":{"line":77,"column":77},"end":{"line":84,"column":1}}},"3":{"name":"(anonymous_3)","decl":{"start":{"line":86,"column":30},"end":{"line":86,"column":35}},"loc":{"start":{"line":86,"column":72},"end":{"line":102,"column":1}}},"4":{"name":"(anonymous_4)","decl":{"start":{"line":104,"column":30},"end":{"line":104,"column":35}},"loc":{"start":{"line":104,"column":72},"end":{"line":121,"column":1}}}},"branchMap":{"0":{"loc":{"start":{"line":11,"column":16},"end":{"line":11,"column":66}},"type":"binary-expr","locations":[{"start":{"line":11,"column":16},"end":{"line":11,"column":39}},{"start":{"line":11,"column":43},"end":{"line":11,"column":66}}]},"1":{"loc":{"start":{"line":18,"column":4},"end":{"line":31,"column":5}},"type":"if","locations":[{"start":{"line":18,"column":4},"end":{"line":31,"column":5}},{"start":{"line":25,"column":11},"end":{"line":31,"column":5}}]},"2":{"loc":{"start":{"line":19,"column":6},"end":{"line":23,"column":7}},"type":"if","locations":[{"start":{"line":19,"column":6},"end":{"line":23,"column":7}},{"start":{},"end":{}}]},"3":{"loc":{"start":{"line":25,"column":11},"end":{"line":31,"column":5}},"type":"if","locations":[{"start":{"line":25,"column":11},"end":{"line":31,"column":5}},{"start":{},"end":{}}]},"4":{"loc":{"start":{"line":26,"column":6},"end":{"line":30,"column":7}},"type":"if","locations":[{"start":{"line":26,"column":6},"end":{"line":30,"column":7}},{"start":{},"end":{}}]},"5":{"loc":{"start":{"line":89,"column":4},"end":{"line":89,"column":82}},"type":"if","locations":[{"start":{"line":89,"column":4},"end":{"line":89,"column":82}},{"start":{},"end":{}}]},"6":{"loc":{"start":{"line":90,"column":4},"end":{"line":92,"column":5}},"type":"if","locations":[{"start":{"line":90,"column":4},"end":{"line":92,"column":5}},{"start":{},"end":{}}]},"7":{"loc":{"start":{"line":95,"column":24},"end":{"line":95,"column":92}},"type":"cond-expr","locations":[{"start":{"line":95,"column":35},"end":{"line":95,"column":80}},{"start":{"line":95,"column":83},"end":{"line":95,"column":92}}]},"8":{"loc":{"start":{"line":107,"column":2},"end":{"line":109,"column":3}},"type":"if","locations":[{"start":{"line":107,"column":2},"end":{"line":109,"column":3}},{"start":{},"end":{}}]},"9":{"loc":{"start":{"line":111,"column":2},"end":{"line":113,"column":3}},"type":"if","locations":[{"start":{"line":111,"column":2},"end":{"line":113,"column":3}},{"start":{},"end":{}}]},"10":{"loc":{"start":{"line":111,"column":6},"end":{"line":111,"column":73}},"type":"binary-expr","locations":[{"start":{"line":111,"column":6},"end":{"line":111,"column":24}},{"start":{"line":111,"column":28},"end":{"line":111,"column":73}}]}},"s":{"0":9,"1":9,"2":9,"3":9,"4":9,"5":9,"6":9,"7":5,"8":5,"9":5,"10":2,"11":1,"12":1,"13":3,"14":3,"15":1,"16":3,"17":2,"18":1,"19":9,"20":9,"21":1,"22":1,"23":9,"24":9,"25":2,"26":2,"27":1,"28":1,"29":9,"30":9,"31":4,"32":4,"33":4,"34":1,"35":3,"36":1,"37":2,"38":2,"39":2,"40":2,"41":0,"42":9,"43":9,"44":3,"45":3,"46":1,"47":2,"48":1,"49":1,"50":1,"51":9},"f":{"0":5,"1":1,"2":2,"3":4,"4":3},"b":{"0":[9,1],"1":[2,3],"2":[1,1],"3":[3,0],"4":[1,2],"5":[1,3],"6":[1,2],"7":[1,1],"8":[1,2],"9":[1,1],"10":[2,2]}}
,"C:\\Users\\Acer\\Documents\\AI-powered-adaptive-quiz-system\\quiz-backend\\src\\controllers\\school.controller.ts": {"path":"C:\\Users\\Acer\\Documents\\AI-powered-adaptive-quiz-system\\quiz-backend\\src\\controllers\\school.controller.ts","statementMap":{"0":{"start":{"line":107,"column":0},"end":{"line":107,"column":53}},"1":{"start":{"line":108,"column":0},"end":{"line":108,"column":null}},"2":{"start":{"line":117,"column":0},"end":{"line":117,"column":73}},"3":{"start":{"line":118,"column":0},"end":{"line":118,"column":33}},"4":{"start":{"line":120,"column":13},"end":{"line":146,"column":2}},"5":{"start":{"line":123,"column":42},"end":{"line":126,"column":6}},"6":{"start":{"line":129,"column":24},"end":{"line":129,"column":63}},"7":{"start":{"line":130,"column":4},"end":{"line":132,"column":5}},"8":{"start":{"line":131,"column":6},"end":{"line":131,"column":72}},"9":{"start":{"line":135,"column":20},"end":{"line":138,"column":6}},"10":{"start":{"line":140,"column":4},"end":{"line":144,"column":7}},"11":{"start":{"line":148,"column":13},"end":{"line":169,"column":2}},"12":{"start":{"line":150,"column":53},"end":{"line":150,"column":62}},"13":{"start":{"line":152,"column":20},"end":{"line":152,"column":53}},"14":{"start":{"line":153,"column":21},"end":{"line":153,"column":55}},"15":{"start":{"line":154,"column":17},"end":{"line":154,"column":41}},"16":{"start":{"line":155,"column":32},"end":{"line":159,"column":6}},"17":{"start":{"line":161,"column":4},"end":{"line":167,"column":7}},"18":{"start":{"line":183,"column":13},"end":{"line":196,"column":2}},"19":{"start":{"line":185,"column":20},"end":{"line":185,"column":62}},"20":{"start":{"line":187,"column":4},"end":{"line":192,"column":5}},"21":{"start":{"line":191,"column":6},"end":{"line":191,"column":45}},"22":{"start":{"line":194,"column":4},"end":{"line":194,"column":22}},"23":{"start":{"line":216,"column":13},"end":{"line":242,"column":2}},"24":{"start":{"line":218,"column":71},"end":{"line":221,"column":6}},"25":{"start":{"line":222,"column":4},"end":{"line":229,"column":7}},"26":{"start":{"line":223,"column":6},"end":{"line":228,"column":7}},"27":{"start":{"line":227,"column":8},"end":{"line":227,"column":52}},"28":{"start":{"line":231,"column":4},"end":{"line":233,"column":5}},"29":{"start":{"line":232,"column":6},"end":{"line":232,"column":56}},"30":{"start":{"line":235,"column":20},"end":{"line":235,"column":70}},"31":{"start":{"line":237,"column":4},"end":{"line":240,"column":7}},"32":{"start":{"line":244,"column":13},"end":{"line":253,"column":2}},"33":{"start":{"line":246,"column":25},"end":{"line":246,"column":33}},"34":{"start":{"line":247,"column":4},"end":{"line":247,"column":59}},"35":{"start":{"line":247,"column":19},"end":{"line":247,"column":59}},"36":{"start":{"line":249,"column":4},"end":{"line":249,"column":64}},"37":{"start":{"line":251,"column":4},"end":{"line":251,"column":59}},"38":{"start":{"line":255,"column":13},"end":{"line":260,"column":2}},"39":{"start":{"line":257,"column":4},"end":{"line":257,"column":46}},"40":{"start":{"line":258,"column":4},"end":{"line":258,"column":27}},"41":{"start":{"line":262,"column":13},"end":{"line":277,"column":2}},"42":{"start":{"line":264,"column":27},"end":{"line":264,"column":35}},"43":{"start":{"line":266,"column":4},"end":{"line":268,"column":5}},"44":{"start":{"line":267,"column":6},"end":{"line":267,"column":62}},"45":{"start":{"line":270,"column":19},"end":{"line":270,"column":63}},"46":{"start":{"line":272,"column":4},"end":{"line":275,"column":7}}},"fnMap":{"0":{"name":"(anonymous_0)","decl":{"start":{"line":121,"column":2},"end":{"line":121,"column":7}},"loc":{"start":{"line":121,"column":44},"end":{"line":145,"column":3}}},"1":{"name":"(anonymous_1)","decl":{"start":{"line":149,"column":2},"end":{"line":149,"column":7}},"loc":{"start":{"line":149,"column":44},"end":{"line":168,"column":3}}},"2":{"name":"(anonymous_2)","decl":{"start":{"line":184,"column":2},"end":{"line":184,"column":7}},"loc":{"start":{"line":184,"column":44},"end":{"line":195,"column":3}}},"3":{"name":"(anonymous_3)","decl":{"start":{"line":217,"column":2},"end":{"line":217,"column":7}},"loc":{"start":{"line":217,"column":44},"end":{"line":241,"column":3}}},"4":{"name":"(anonymous_4)","decl":{"start":{"line":222,"column":33},"end":{"line":222,"column":34}},"loc":{"start":{"line":222,"column":41},"end":{"line":229,"column":5}}},"5":{"name":"(anonymous_5)","decl":{"start":{"line":245,"column":2},"end":{"line":245,"column":7}},"loc":{"start":{"line":245,"column":44},"end":{"line":252,"column":3}}},"6":{"name":"(anonymous_6)","decl":{"start":{"line":256,"column":2},"end":{"line":256,"column":7}},"loc":{"start":{"line":256,"column":44},"end":{"line":259,"column":3}}},"7":{"name":"(anonymous_7)","decl":{"start":{"line":263,"column":2},"end":{"line":263,"column":7}},"loc":{"start":{"line":263,"column":44},"end":{"line":276,"column":3}}}},"branchMap":{"0":{"loc":{"start":{"line":125,"column":16},"end":{"line":125,"column":70}},"type":"cond-expr","locations":[{"start":{"line":125,"column":27},"end":{"line":125,"column":58}},{"start":{"line":125,"column":61},"end":{"line":125,"column":70}}]},"1":{"loc":{"start":{"line":130,"column":4},"end":{"line":132,"column":5}},"type":"if","locations":[{"start":{"line":130,"column":4},"end":{"line":132,"column":5}},{"start":{},"end":{}}]},"2":{"loc":{"start":{"line":150,"column":12},"end":{"line":150,"column":23}},"type":"default-arg","locations":[{"start":{"line":150,"column":21},"end":{"line":150,"column":23}}]},"3":{"loc":{"start":{"line":150,"column":25},"end":{"line":150,"column":35}},"type":"default-arg","locations":[{"start":{"line":150,"column":32},"end":{"line":150,"column":35}}]},"4":{"loc":{"start":{"line":150,"column":37},"end":{"line":150,"column":48}},"type":"default-arg","locations":[{"start":{"line":150,"column":45},"end":{"line":150,"column":48}}]},"5":{"loc":{"start":{"line":152,"column":20},"end":{"line":152,"column":53}},"type":"binary-expr","locations":[{"start":{"line":152,"column":20},"end":{"line":152,"column":48}},{"start":{"line":152,"column":52},"end":{"line":152,"column":53}}]},"6":{"loc":{"start":{"line":153,"column":21},"end":{"line":153,"column":55}},"type":"binary-expr","locations":[{"start":{"line":153,"column":21},"end":{"line":153,"column":50}},{"start":{"line":153,"column":54},"end":{"line":153,"column":55}}]},"7":{"loc":{"start":{"line":187,"column":4},"end":{"line":192,"column":5}},"type":"if","locations":[{"start":{"line":187,"column":4},"end":{"line":192,"column":5}},{"start":{},"end":{}}]},"8":{"loc":{"start":{"line":188,"column":6},"end":{"line":189,"column":64}},"type":"binary-expr","locations":[{"start":{"line":188,"column":6},"end":{"line":188,"column":23}},{"start":{"line":189,"column":6},"end":{"line":189,"column":64}}]},"9":{"loc":{"start":{"line":220,"column":16},"end":{"line":220,"column":70}},"type":"cond-expr","locations":[{"start":{"line":220,"column":27},"end":{"line":220,"column":58}},{"start":{"line":220,"column":61},"end":{"line":220,"column":70}}]},"10":{"loc":{"start":{"line":223,"column":6},"end":{"line":228,"column":7}},"type":"if","locations":[{"start":{"line":223,"column":6},"end":{"line":228,"column":7}},{"start":{},"end":{}}]},"11":{"loc":{"start":{"line":224,"column":8},"end":{"line":225,"column":51}},"type":"binary-expr","locations":[{"start":{"line":224,"column":8},"end":{"line":224,"column":58}},{"start":{"line":225,"column":8},"end":{"line":225,"column":51}}]},"12":{"loc":{"start":{"line":231,"column":4},"end":{"line":233,"column":5}},"type":"if","locations":[{"start":{"line":231,"column":4},"end":{"line":233,"column":5}},{"start":{},"end":{}}]},"13":{"loc":{"start":{"line":247,"column":4},"end":{"line":247,"column":59}},"type":"if","locations":[{"start":{"line":247,"column":4},"end":{"line":247,"column":59}},{"start":{},"end":{}}]},"14":{"loc":{"start":{"line":266,"column":4},"end":{"line":268,"column":5}},"type":"if","locations":[{"start":{"line":266,"column":4},"end":{"line":268,"column":5}},{"start":{},"end":{}}]},"15":{"loc":{"start":{"line":266,"column":8},"end":{"line":266,"column":56}},"type":"binary-expr","locations":[{"start":{"line":266,"column":8},"end":{"line":266,"column":34}},{"start":{"line":266,"column":38},"end":{"line":266,"column":56}}]}},"s":{"0":8,"1":8,"2":8,"3":8,"4":8,"5":1,"6":1,"7":1,"8":0,"9":1,"10":1,"11":8,"12":2,"13":2,"14":2,"15":2,"16":2,"17":2,"18":8,"19":1,"20":1,"21":0,"22":1,"23":8,"24":1,"25":1,"26":2,"27":1,"28":1,"29":0,"30":1,"31":1,"32":8,"33":1,"34":1,"35":0,"36":1,"37":1,"38":8,"39":1,"40":1,"41":8,"42":0,"43":0,"44":0,"45":0,"46":0},"f":{"0":1,"1":2,"2":1,"3":1,"4":2,"5":1,"6":1,"7":0},"b":{"0":[0,1],"1":[0,1],"2":[2],"3":[2],"4":[2],"5":[2,0],"6":[2,0],"7":[0,1],"8":[1,1],"9":[0,1],"10":[1,1],"11":[2,1],"12":[0,1],"13":[0,1],"14":[0,0],"15":[0,0]}}
,"C:\\Users\\Acer\\Documents\\AI-powered-adaptive-quiz-system\\quiz-backend\\src\\controllers\\schoolresults.controller.ts": {"path":"C:\\Users\\Acer\\Documents\\AI-powered-adaptive-quiz-system\\quiz-backend\\src\\controllers\\schoolresults.controller.ts","statementMap":{"0":{"start":{"line":3,"column":0},"end":{"line":3,"column":73}},"1":{"start":{"line":5,"column":16},"end":{"line":5,"column":42}},"2":{"start":{"line":10,"column":4},"end":{"line":16,"column":5}},"3":{"start":{"line":11,"column":23},"end":{"line":11,"column":35}},"4":{"start":{"line":12,"column":22},"end":{"line":12,"column":62}},"5":{"start":{"line":13,"column":6},"end":{"line":13,"column":35}},"6":{"start":{"line":15,"column":6},"end":{"line":15,"column":60}},"7":{"start":{"line":20,"column":4},"end":{"line":26,"column":5}},"8":{"start":{"line":21,"column":23},"end":{"line":21,"column":35}},"9":{"start":{"line":22,"column":22},"end":{"line":22,"column":68}},"10":{"start":{"line":23,"column":6},"end":{"line":23,"column":35}},"11":{"start":{"line":25,"column":6},"end":{"line":25,"column":60}},"12":{"start":{"line":30,"column":4},"end":{"line":38,"column":5}},"13":{"start":{"line":31,"column":23},"end":{"line":31,"column":35}},"14":{"start":{"line":32,"column":25},"end":{"line":32,"column":35}},"15":{"start":{"line":33,"column":22},"end":{"line":33,"column":70}},"16":{"start":{"line":34,"column":6},"end":{"line":34,"column":35}},"17":{"start":{"line":36,"column":21},"end":{"line":36,"column":66}},"18":{"start":{"line":37,"column":6},"end":{"line":37,"column":63}},"19":{"start":{"line":42,"column":4},"end":{"line":54,"column":5}},"20":{"start":{"line":43,"column":23},"end":{"line":43,"column":35}},"21":{"start":{"line":44,"column":36},"end":{"line":44,"column":46}},"22":{"start":{"line":45,"column":21},"end":{"line":48,"column":null}},"23":{"start":{"line":50,"column":6},"end":{"line":50,"column":34}},"24":{"start":{"line":52,"column":21},"end":{"line":52,"column":66}},"25":{"start":{"line":53,"column":6},"end":{"line":53,"column":63}},"26":{"start":{"line":7,"column":0},"end":{"line":7,"column":13}}},"fnMap":{"0":{"name":"(anonymous_0)","decl":{"start":{"line":9,"column":2},"end":{"line":9,"column":7}},"loc":{"start":{"line":9,"column":56},"end":{"line":17,"column":3}}},"1":{"name":"(anonymous_1)","decl":{"start":{"line":19,"column":2},"end":{"line":19,"column":7}},"loc":{"start":{"line":19,"column":53},"end":{"line":27,"column":3}}},"2":{"name":"(anonymous_2)","decl":{"start":{"line":29,"column":2},"end":{"line":29,"column":7}},"loc":{"start":{"line":29,"column":54},"end":{"line":39,"column":3}}},"3":{"name":"(anonymous_3)","decl":{"start":{"line":41,"column":2},"end":{"line":41,"column":7}},"loc":{"start":{"line":41,"column":62},"end":{"line":55,"column":3}}}},"branchMap":{"0":{"loc":{"start":{"line":36,"column":21},"end":{"line":36,"column":66}},"type":"cond-expr","locations":[{"start":{"line":36,"column":57},"end":{"line":36,"column":60}},{"start":{"line":36,"column":63},"end":{"line":36,"column":66}}]},"1":{"loc":{"start":{"line":52,"column":21},"end":{"line":52,"column":66}},"type":"cond-expr","locations":[{"start":{"line":52,"column":57},"end":{"line":52,"column":60}},{"start":{"line":52,"column":63},"end":{"line":52,"column":66}}]}},"s":{"0":9,"1":9,"2":2,"3":2,"4":2,"5":1,"6":1,"7":2,"8":2,"9":2,"10":1,"11":1,"12":3,"13":3,"14":3,"15":3,"16":1,"17":2,"18":2,"19":2,"20":2,"21":2,"22":2,"23":1,"24":1,"25":1,"26":9},"f":{"0":2,"1":2,"2":3,"3":2},"b":{"0":[1,1],"1":[1,0]}}
,"C:\\Users\\Acer\\Documents\\AI-powered-adaptive-quiz-system\\quiz-backend\\src\\controllers\\student.controller.ts": {"path":"C:\\Users\\Acer\\Documents\\AI-powered-adaptive-quiz-system\\quiz-backend\\src\\controllers\\student.controller.ts","statementMap":{"0":{"start":{"line":3,"column":0},"end":{"line":3,"column":62}},"1":{"start":{"line":4,"column":0},"end":{"line":4,"column":61}},"2":{"start":{"line":6,"column":43},"end":{"line":39,"column":1}},"3":{"start":{"line":10,"column":2},"end":{"line":38,"column":3}},"4":{"start":{"line":11,"column":4},"end":{"line":11,"column":44}},"5":{"start":{"line":13,"column":4},"end":{"line":15,"column":5}},"6":{"start":{"line":14,"column":6},"end":{"line":14,"column":76}},"7":{"start":{"line":17,"column":21},"end":{"line":17,"column":52}},"8":{"start":{"line":19,"column":20},"end":{"line":21,"column":null}},"9":{"start":{"line":24,"column":4},"end":{"line":32,"column":7}},"10":{"start":{"line":34,"column":4},"end":{"line":37,"column":7}},"11":{"start":{"line":6,"column":13},"end":{"line":6,"column":43}},"12":{"start":{"line":41,"column":33},"end":{"line":68,"column":1}},"13":{"start":{"line":42,"column":2},"end":{"line":67,"column":3}},"14":{"start":{"line":43,"column":20},"end":{"line":43,"column":62}},"15":{"start":{"line":45,"column":4},"end":{"line":50,"column":5}},"16":{"start":{"line":46,"column":6},"end":{"line":49,"column":9}},"17":{"start":{"line":52,"column":4},"end":{"line":61,"column":7}},"18":{"start":{"line":63,"column":4},"end":{"line":66,"column":7}},"19":{"start":{"line":41,"column":13},"end":{"line":41,"column":33}}},"fnMap":{"0":{"name":"(anonymous_0)","decl":{"start":{"line":6,"column":43},"end":{"line":6,"column":48}},"loc":{"start":{"line":9,"column":4},"end":{"line":39,"column":1}}},"1":{"name":"(anonymous_1)","decl":{"start":{"line":41,"column":33},"end":{"line":41,"column":38}},"loc":{"start":{"line":41,"column":75},"end":{"line":68,"column":1}}}},"branchMap":{"0":{"loc":{"start":{"line":13,"column":4},"end":{"line":15,"column":5}},"type":"if","locations":[{"start":{"line":13,"column":4},"end":{"line":15,"column":5}},{"start":{},"end":{}}]},"1":{"loc":{"start":{"line":36,"column":15},"end":{"line":36,"column":64}},"type":"binary-expr","locations":[{"start":{"line":36,"column":15},"end":{"line":36,"column":26}},{"start":{"line":36,"column":30},"end":{"line":36,"column":64}}]},"2":{"loc":{"start":{"line":45,"column":4},"end":{"line":50,"column":5}},"type":"if","locations":[{"start":{"line":45,"column":4},"end":{"line":50,"column":5}},{"start":{},"end":{}}]},"3":{"loc":{"start":{"line":65,"column":15},"end":{"line":65,"column":55}},"type":"binary-expr","locations":[{"start":{"line":65,"column":15},"end":{"line":65,"column":26}},{"start":{"line":65,"column":30},"end":{"line":65,"column":55}}]}},"s":{"0":9,"1":9,"2":9,"3":3,"4":3,"5":3,"6":1,"7":2,"8":2,"9":1,"10":1,"11":9,"12":9,"13":4,"14":4,"15":3,"16":1,"17":2,"18":1,"19":9},"f":{"0":3,"1":4},"b":{"0":[1,2],"1":[1,0],"2":[1,2],"3":[1,0]}}
,"C:\\Users\\Acer\\Documents\\AI-powered-adaptive-quiz-system\\quiz-backend\\src\\controllers\\studentQuiz.controller.ts": {"path":"C:\\Users\\Acer\\Documents\\AI-powered-adaptive-quiz-system\\quiz-backend\\src\\controllers\\studentQuiz.controller.ts","statementMap":{"0":{"start":{"line":3,"column":0},"end":{"line":3,"column":70}},"1":{"start":{"line":4,"column":0},"end":{"line":4,"column":50}},"2":{"start":{"line":6,"column":16},"end":{"line":6,"column":40}},"3":{"start":{"line":11,"column":4},"end":{"line":21,"column":5}},"4":{"start":{"line":12,"column":21},"end":{"line":14,"column":null}},"5":{"start":{"line":17,"column":6},"end":{"line":17,"column":30}},"6":{"start":{"line":20,"column":6},"end":{"line":20,"column":60}},"7":{"start":{"line":25,"column":4},"end":{"line":35,"column":5}},"8":{"start":{"line":26,"column":21},"end":{"line":28,"column":null}},"9":{"start":{"line":31,"column":6},"end":{"line":31,"column":30}},"10":{"start":{"line":34,"column":6},"end":{"line":34,"column":60}},"11":{"start":{"line":39,"column":4},"end":{"line":63,"column":5}},"12":{"start":{"line":40,"column":29},"end":{"line":40,"column":41}},"13":{"start":{"line":41,"column":22},"end":{"line":41,"column":55}},"14":{"start":{"line":42,"column":4},"end":{"line":44,"column":5}},"15":{"start":{"line":43,"column":6},"end":{"line":43,"column":68}},"16":{"start":{"line":45,"column":6},"end":{"line":45,"column":65}},"17":{"start":{"line":46,"column":25},"end":{"line":46,"column":42}},"18":{"start":{"line":48,"column":25},"end":{"line":48,"column":74}},"19":{"start":{"line":50,"column":6},"end":{"line":52,"column":7}},"20":{"start":{"line":51,"column":8},"end":{"line":51,"column":46}},"21":{"start":{"line":54,"column":6},"end":{"line":59,"column":9}},"22":{"start":{"line":61,"column":6},"end":{"line":61,"column":25}},"23":{"start":{"line":62,"column":6},"end":{"line":62,"column":63}},"24":{"start":{"line":8,"column":0},"end":{"line":8,"column":13}}},"fnMap":{"0":{"name":"(anonymous_0)","decl":{"start":{"line":10,"column":2},"end":{"line":10,"column":7}},"loc":{"start":{"line":10,"column":52},"end":{"line":22,"column":3}}},"1":{"name":"(anonymous_1)","decl":{"start":{"line":24,"column":2},"end":{"line":24,"column":7}},"loc":{"start":{"line":24,"column":52},"end":{"line":36,"column":3}}},"2":{"name":"(anonymous_2)","decl":{"start":{"line":38,"column":2},"end":{"line":38,"column":7}},"loc":{"start":{"line":38,"column":53},"end":{"line":64,"column":3}}}},"branchMap":{"0":{"loc":{"start":{"line":42,"column":4},"end":{"line":44,"column":5}},"type":"if","locations":[{"start":{"line":42,"column":4},"end":{"line":44,"column":5}},{"start":{},"end":{}}]},"1":{"loc":{"start":{"line":50,"column":6},"end":{"line":52,"column":7}},"type":"if","locations":[{"start":{"line":50,"column":6},"end":{"line":52,"column":7}},{"start":{},"end":{}}]}},"s":{"0":8,"1":8,"2":8,"3":6,"4":6,"5":3,"6":3,"7":7,"8":7,"9":3,"10":4,"11":2,"12":2,"13":2,"14":2,"15":0,"16":2,"17":2,"18":2,"19":2,"20":1,"21":1,"22":0,"23":0,"24":8},"f":{"0":6,"1":7,"2":2},"b":{"0":[0,2],"1":[1,1]}}
,"C:\\Users\\Acer\\Documents\\AI-powered-adaptive-quiz-system\\quiz-backend\\src\\controllers\\studentVerify.controller.ts": {"path":"C:\\Users\\Acer\\Documents\\AI-powered-adaptive-quiz-system\\quiz-backend\\src\\controllers\\studentVerify.controller.ts","statementMap":{"0":{"start":{"line":2,"column":0},"end":{"line":2,"column":28}},"1":{"start":{"line":5,"column":0},"end":{"line":5,"column":50}},"2":{"start":{"line":7,"column":30},"end":{"line":35,"column":1}},"3":{"start":{"line":8,"column":2},"end":{"line":34,"column":3}},"4":{"start":{"line":9,"column":32},"end":{"line":9,"column":40}},"5":{"start":{"line":11,"column":4},"end":{"line":13,"column":5}},"6":{"start":{"line":12,"column":6},"end":{"line":12,"column":82}},"7":{"start":{"line":15,"column":20},"end":{"line":15,"column":56}},"8":{"start":{"line":17,"column":4},"end":{"line":19,"column":5}},"9":{"start":{"line":18,"column":6},"end":{"line":18,"column":52}},"10":{"start":{"line":21,"column":20},"end":{"line":23,"column":null}},"11":{"start":{"line":26,"column":4},"end":{"line":28,"column":7}},"12":{"start":{"line":30,"column":4},"end":{"line":33,"column":7}},"13":{"start":{"line":7,"column":13},"end":{"line":7,"column":30}}},"fnMap":{"0":{"name":"(anonymous_1)","decl":{"start":{"line":7,"column":30},"end":{"line":7,"column":35}},"loc":{"start":{"line":7,"column":72},"end":{"line":35,"column":1}}}},"branchMap":{"0":{"loc":{"start":{"line":11,"column":4},"end":{"line":13,"column":5}},"type":"if","locations":[{"start":{"line":11,"column":4},"end":{"line":13,"column":5}},{"start":{},"end":{}}]},"1":{"loc":{"start":{"line":17,"column":4},"end":{"line":19,"column":5}},"type":"if","locations":[{"start":{"line":17,"column":4},"end":{"line":19,"column":5}},{"start":{},"end":{}}]},"2":{"loc":{"start":{"line":17,"column":8},"end":{"line":17,"column":37}},"type":"binary-expr","locations":[{"start":{"line":17,"column":8},"end":{"line":17,"column":16}},{"start":{"line":17,"column":20},"end":{"line":17,"column":37}}]}},"s":{"0":9,"1":9,"2":9,"3":5,"4":5,"5":5,"6":1,"7":4,"8":3,"9":1,"10":2,"11":2,"12":1,"13":9},"f":{"0":5},"b":{"0":[1,4],"1":[1,2],"2":[3,2]}}
,"C:\\Users\\Acer\\Documents\\AI-powered-adaptive-quiz-system\\quiz-backend\\src\\controllers\\studentresults.controller.ts": {"path":"C:\\Users\\Acer\\Documents\\AI-powered-adaptive-quiz-system\\quiz-backend\\src\\controllers\\studentresults.controller.ts","statementMap":{"0":{"start":{"line":3,"column":0},"end":{"line":3,"column":75}},"1":{"start":{"line":5,"column":16},"end":{"line":5,"column":43}},"2":{"start":{"line":10,"column":4},"end":{"line":19,"column":5}},"3":{"start":{"line":11,"column":24},"end":{"line":11,"column":36}},"4":{"start":{"line":12,"column":31},"end":{"line":15,"column":8}},"5":{"start":{"line":16,"column":6},"end":{"line":16,"column":42}},"6":{"start":{"line":18,"column":6},"end":{"line":18,"column":60}},"7":{"start":{"line":23,"column":4},"end":{"line":31,"column":5}},"8":{"start":{"line":24,"column":24},"end":{"line":24,"column":36}},"9":{"start":{"line":25,"column":25},"end":{"line":25,"column":35}},"10":{"start":{"line":26,"column":21},"end":{"line":26,"column":76}},"11":{"start":{"line":27,"column":6},"end":{"line":27,"column":34}},"12":{"start":{"line":29,"column":21},"end":{"line":29,"column":66}},"13":{"start":{"line":30,"column":6},"end":{"line":30,"column":63}},"14":{"start":{"line":7,"column":0},"end":{"line":7,"column":13}}},"fnMap":{"0":{"name":"(anonymous_0)","decl":{"start":{"line":9,"column":2},"end":{"line":9,"column":7}},"loc":{"start":{"line":9,"column":52},"end":{"line":20,"column":3}}},"1":{"name":"(anonymous_1)","decl":{"start":{"line":22,"column":2},"end":{"line":22,"column":7}},"loc":{"start":{"line":22,"column":57},"end":{"line":32,"column":3}}}},"branchMap":{"0":{"loc":{"start":{"line":29,"column":21},"end":{"line":29,"column":66}},"type":"cond-expr","locations":[{"start":{"line":29,"column":57},"end":{"line":29,"column":60}},{"start":{"line":29,"column":63},"end":{"line":29,"column":66}}]}},"s":{"0":9,"1":9,"2":2,"3":2,"4":2,"5":1,"6":1,"7":3,"8":3,"9":3,"10":3,"11":1,"12":2,"13":2,"14":9},"f":{"0":2,"1":3},"b":{"0":[1,1]}}
,"C:\\Users\\Acer\\Documents\\AI-powered-adaptive-quiz-system\\quiz-backend\\src\\controllers\\superadminauth.controller.ts": {"path":"C:\\Users\\Acer\\Documents\\AI-powered-adaptive-quiz-system\\quiz-backend\\src\\controllers\\superadminauth.controller.ts","statementMap":{"0":{"start":{"line":2,"column":0},"end":{"line":2,"column":72}},"1":{"start":{"line":3,"column":0},"end":{"line":3,"column":60}},"2":{"start":{"line":5,"column":31},"end":{"line":14,"column":1}},"3":{"start":{"line":6,"column":4},"end":{"line":13,"column":5}},"4":{"start":{"line":7,"column":34},"end":{"line":7,"column":68}},"5":{"start":{"line":8,"column":22},"end":{"line":8,"column":65}},"6":{"start":{"line":9,"column":8},"end":{"line":9,"column":26}},"7":{"start":{"line":12,"column":8},"end":{"line":12,"column":51}},"8":{"start":{"line":5,"column":13},"end":{"line":5,"column":31}}},"fnMap":{"0":{"name":"(anonymous_0)","decl":{"start":{"line":5,"column":31},"end":{"line":5,"column":32}},"loc":{"start":{"line":5,"column":62},"end":{"line":14,"column":1}}}},"branchMap":{},"s":{"0":8,"1":8,"2":8,"3":0,"4":0,"5":0,"6":0,"7":0,"8":8},"f":{"0":0},"b":{}}
,"C:\\Users\\Acer\\Documents\\AI-powered-adaptive-quiz-system\\quiz-backend\\src\\cron\\quiz.cron.ts": {"path":"C:\\Users\\Acer\\Documents\\AI-powered-adaptive-quiz-system\\quiz-backend\\src\\cron\\quiz.cron.ts","statementMap":{"0":{"start":{"line":1,"column":0},"end":{"line":1,"column":29}},"1":{"start":{"line":2,"column":0},"end":{"line":2,"column":49}},"2":{"start":{"line":4,"column":0},"end":{"line":13,"column":3}},"3":{"start":{"line":5,"column":2},"end":{"line":12,"column":3}},"4":{"start":{"line":6,"column":4},"end":{"line":9,"column":6}},"5":{"start":{"line":11,"column":4},"end":{"line":11,"column":57}}},"fnMap":{"0":{"name":"(anonymous_1)","decl":{"start":{"line":4,"column":27},"end":{"line":4,"column":32}},"loc":{"start":{"line":4,"column":38},"end":{"line":13,"column":1}}}},"branchMap":{},"s":{"0":8,"1":8,"2":8,"3":0,"4":0,"5":0},"f":{"0":0},"b":{}}
,"C:\\Users\\Acer\\Documents\\AI-powered-adaptive-quiz-system\\quiz-backend\\src\\database\\db.ts": {"path":"C:\\Users\\Acer\\Documents\\AI-powered-adaptive-quiz-system\\quiz-backend\\src\\database\\db.ts","statementMap":{"0":{"start":{"line":13,"column":0},"end":{"line":13,"column":7}},"1":{"start":{"line":1,"column":0},"end":{"line":1,"column":32}},"2":{"start":{"line":3,"column":18},"end":{"line":11,"column":1}},"3":{"start":{"line":4,"column":2},"end":{"line":10,"column":3}},"4":{"start":{"line":5,"column":4},"end":{"line":5,"column":57}},"5":{"start":{"line":6,"column":4},"end":{"line":6,"column":37}},"6":{"start":{"line":8,"column":4},"end":{"line":8,"column":55}},"7":{"start":{"line":9,"column":4},"end":{"line":9,"column":20}},"8":{"start":{"line":14,"column":2},"end":{"line":31,"column":3}},"9":{"start":{"line":15,"column":4},"end":{"line":17,"column":5}},"10":{"start":{"line":16,"column":6},"end":{"line":16,"column":22}},"11":{"start":{"line":19,"column":4},"end":{"line":19,"column":70}},"12":{"start":{"line":19,"column":29},"end":{"line":19,"column":70}},"13":{"start":{"line":21,"column":16},"end":{"line":21,"column":34}},"14":{"start":{"line":23,"column":4},"end":{"line":23,"column":32}},"15":{"start":{"line":24,"column":4},"end":{"line":24,"column":41}},"16":{"start":{"line":26,"column":4},"end":{"line":26,"column":48}},"17":{"start":{"line":27,"column":4},"end":{"line":27,"column":20}},"18":{"start":{"line":29,"column":4},"end":{"line":29,"column":43}},"19":{"start":{"line":30,"column":4},"end":{"line":30,"column":16}},"20":{"start":{"line":33,"column":0},"end":{"line":33,"column":25}}},"fnMap":{"0":{"name":"(anonymous_1)","decl":{"start":{"line":3,"column":18},"end":{"line":3,"column":23}},"loc":{"start":{"line":3,"column":44},"end":{"line":11,"column":1}}},"1":{"name":"connectDatabaseTest","decl":{"start":{"line":13,"column":22},"end":{"line":13,"column":41}},"loc":{"start":{"line":13,"column":41},"end":{"line":32,"column":1}}}},"branchMap":{"0":{"loc":{"start":{"line":15,"column":4},"end":{"line":17,"column":5}},"type":"if","locations":[{"start":{"line":15,"column":4},"end":{"line":17,"column":5}},{"start":{},"end":{}}]},"1":{"loc":{"start":{"line":19,"column":4},"end":{"line":19,"column":70}},"type":"if","locations":[{"start":{"line":19,"column":4},"end":{"line":19,"column":70}},{"start":{},"end":{}}]}},"s":{"0":21,"1":21,"2":21,"3":0,"4":0,"5":0,"6":0,"7":0,"8":30,"9":30,"10":9,"11":21,"12":0,"13":21,"14":21,"15":21,"16":21,"17":21,"18":0,"19":0,"20":21},"f":{"0":0,"1":30},"b":{"0":[9,21],"1":[0,21]}}
,"C:\\Users\\Acer\\Documents\\AI-powered-adaptive-quiz-system\\quiz-backend\\src\\dtos\\auth.dto.ts": {"path":"C:\\Users\\Acer\\Documents\\AI-powered-adaptive-quiz-system\\quiz-backend\\src\\dtos\\auth.dto.ts","statementMap":{"0":{"start":{"line":1,"column":0},"end":{"line":1,"column":22}},"1":{"start":{"line":3,"column":13},"end":{"line":6,"column":null}},"2":{"start":{"line":8,"column":13},"end":{"line":10,"column":null}}},"fnMap":{},"branchMap":{},"s":{"0":10,"1":10,"2":10},"f":{},"b":{}}
,"C:\\Users\\Acer\\Documents\\AI-powered-adaptive-quiz-system\\quiz-backend\\src\\dtos\\question.dto.ts": {"path":"C:\\Users\\Acer\\Documents\\AI-powered-adaptive-quiz-system\\quiz-backend\\src\\dtos\\question.dto.ts","statementMap":{"0":{"start":{"line":1,"column":0},"end":{"line":1,"column":22}},"1":{"start":{"line":3,"column":13},"end":{"line":15,"column":3}}},"fnMap":{},"branchMap":{},"s":{"0":9,"1":9},"f":{},"b":{}}
,"C:\\Users\\Acer\\Documents\\AI-powered-adaptive-quiz-system\\quiz-backend\\src\\dtos\\quiz.dto.ts": {"path":"C:\\Users\\Acer\\Documents\\AI-powered-adaptive-quiz-system\\quiz-backend\\src\\dtos\\quiz.dto.ts","statementMap":{"0":{"start":{"line":1,"column":0},"end":{"line":1,"column":24}},"1":{"start":{"line":3,"column":13},"end":{"line":9,"column":3}},"2":{"start":{"line":14,"column":13},"end":{"line":16,"column":3}}},"fnMap":{},"branchMap":{},"s":{"0":9,"1":9,"2":9},"f":{},"b":{}}
,"C:\\Users\\Acer\\Documents\\AI-powered-adaptive-quiz-system\\quiz-backend\\src\\dtos\\resource.dto.ts": {"path":"C:\\Users\\Acer\\Documents\\AI-powered-adaptive-quiz-system\\quiz-backend\\src\\dtos\\resource.dto.ts","statementMap":{"0":{"start":{"line":1,"column":0},"end":{"line":1,"column":24}},"1":{"start":{"line":4,"column":13},"end":{"line":10,"column":74}},"2":{"start":{"line":12,"column":13},"end":{"line":19,"column":44}}},"fnMap":{},"branchMap":{},"s":{"0":8,"1":8,"2":8},"f":{},"b":{}}
,"C:\\Users\\Acer\\Documents\\AI-powered-adaptive-quiz-system\\quiz-backend\\src\\dtos\\school.dto.ts": {"path":"C:\\Users\\Acer\\Documents\\AI-powered-adaptive-quiz-system\\quiz-backend\\src\\dtos\\school.dto.ts","statementMap":{"0":{"start":{"line":1,"column":0},"end":{"line":1,"column":22}},"1":{"start":{"line":2,"column":0},"end":{"line":2,"column":53}},"2":{"start":{"line":4,"column":13},"end":{"line":15,"column":3}}},"fnMap":{},"branchMap":{},"s":{"0":10,"1":10,"2":10},"f":{},"b":{}}
,"C:\\Users\\Acer\\Documents\\AI-powered-adaptive-quiz-system\\quiz-backend\\src\\dtos\\student.dto.ts": {"path":"C:\\Users\\Acer\\Documents\\AI-powered-adaptive-quiz-system\\quiz-backend\\src\\dtos\\student.dto.ts","statementMap":{"0":{"start":{"line":1,"column":0},"end":{"line":1,"column":24}},"1":{"start":{"line":3,"column":13},"end":{"line":13,"column":3}},"2":{"start":{"line":17,"column":13},"end":{"line":17,"column":52}}},"fnMap":{},"branchMap":{},"s":{"0":10,"1":10,"2":10},"f":{},"b":{}}
,"C:\\Users\\Acer\\Documents\\AI-powered-adaptive-quiz-system\\quiz-backend\\src\\dtos\\superadmin.dto.ts": {"path":"C:\\Users\\Acer\\Documents\\AI-powered-adaptive-quiz-system\\quiz-backend\\src\\dtos\\superadmin.dto.ts","statementMap":{"0":{"start":{"line":1,"column":0},"end":{"line":1,"column":22}},"1":{"start":{"line":3,"column":13},"end":{"line":8,"column":2}}},"fnMap":{},"branchMap":{},"s":{"0":8,"1":8},"f":{},"b":{}}
,"C:\\Users\\Acer\\Documents\\AI-powered-adaptive-quiz-system\\quiz-backend\\src\\middlewares\\auth.middleware.ts": {"path":"C:\\Users\\Acer\\Documents\\AI-powered-adaptive-quiz-system\\quiz-backend\\src\\middlewares\\auth.middleware.ts","statementMap":{"0":{"start":{"line":2,"column":0},"end":{"line":2,"column":31}},"1":{"start":{"line":14,"column":28},"end":{"line":41,"column":1}},"2":{"start":{"line":19,"column":21},"end":{"line":19,"column":46}},"3":{"start":{"line":21,"column":2},"end":{"line":23,"column":3}},"4":{"start":{"line":22,"column":4},"end":{"line":22,"column":75}},"5":{"start":{"line":25,"column":16},"end":{"line":25,"column":40}},"6":{"start":{"line":26,"column":2},"end":{"line":28,"column":3}},"7":{"start":{"line":27,"column":4},"end":{"line":27,"column":60}},"8":{"start":{"line":30,"column":2},"end":{"line":40,"column":3}},"9":{"start":{"line":31,"column":20},"end":{"line":33,"column":null}},"10":{"start":{"line":36,"column":4},"end":{"line":36,"column":23}},"11":{"start":{"line":37,"column":4},"end":{"line":37,"column":11}},"12":{"start":{"line":39,"column":4},"end":{"line":39,"column":71}},"13":{"start":{"line":14,"column":13},"end":{"line":14,"column":28}}},"fnMap":{"0":{"name":"(anonymous_1)","decl":{"start":{"line":14,"column":28},"end":{"line":14,"column":null}},"loc":{"start":{"line":18,"column":4},"end":{"line":41,"column":1}}}},"branchMap":{"0":{"loc":{"start":{"line":21,"column":2},"end":{"line":23,"column":3}},"type":"if","locations":[{"start":{"line":21,"column":2},"end":{"line":23,"column":3}},{"start":{},"end":{}}]},"1":{"loc":{"start":{"line":26,"column":2},"end":{"line":28,"column":3}},"type":"if","locations":[{"start":{"line":26,"column":2},"end":{"line":28,"column":3}},{"start":{},"end":{}}]}},"s":{"0":9,"1":9,"2":68,"3":68,"4":8,"5":60,"6":60,"7":2,"8":58,"9":58,"10":54,"11":54,"12":4,"13":9},"f":{"0":68},"b":{"0":[8,60],"1":[2,58]}}
,"C:\\Users\\Acer\\Documents\\AI-powered-adaptive-quiz-system\\quiz-backend\\src\\middlewares\\csv_uploads.middleware.ts": {"path":"C:\\Users\\Acer\\Documents\\AI-powered-adaptive-quiz-system\\quiz-backend\\src\\middlewares\\csv_uploads.middleware.ts","statementMap":{"0":{"start":{"line":1,"column":0},"end":{"line":1,"column":50}},"1":{"start":{"line":2,"column":0},"end":{"line":2,"column":24}},"2":{"start":{"line":3,"column":0},"end":{"line":3,"column":20}},"3":{"start":{"line":6,"column":0},"end":{"line":6,"column":34}},"4":{"start":{"line":8,"column":21},"end":{"line":8,"column":62}},"5":{"start":{"line":10,"column":0},"end":{"line":12,"column":1}},"6":{"start":{"line":11,"column":4},"end":{"line":11,"column":50}},"7":{"start":{"line":14,"column":16},"end":{"line":22,"column":2}},"8":{"start":{"line":16,"column":8},"end":{"line":16,"column":31}},"9":{"start":{"line":19,"column":26},"end":{"line":19,"column":57}},"10":{"start":{"line":20,"column":8},"end":{"line":20,"column":48}},"11":{"start":{"line":24,"column":22},"end":{"line":32,"column":1}},"12":{"start":{"line":25,"column":18},"end":{"line":25,"column":98}},"13":{"start":{"line":27,"column":4},"end":{"line":31,"column":5}},"14":{"start":{"line":28,"column":8},"end":{"line":28,"column":23}},"15":{"start":{"line":30,"column":8},"end":{"line":30,"column":68}},"16":{"start":{"line":33,"column":13},"end":{"line":39,"column":3}}},"fnMap":{"0":{"name":"(anonymous_1)","decl":{"start":{"line":15,"column":17},"end":{"line":15,"column":27}},"loc":{"start":{"line":15,"column":42},"end":{"line":17,"column":5}}},"1":{"name":"(anonymous_2)","decl":{"start":{"line":18,"column":13},"end":{"line":18,"column":14}},"loc":{"start":{"line":18,"column":30},"end":{"line":21,"column":5}}},"2":{"name":"(anonymous_3)","decl":{"start":{"line":24,"column":22},"end":{"line":24,"column":23}},"loc":{"start":{"line":24,"column":90},"end":{"line":32,"column":1}}}},"branchMap":{"0":{"loc":{"start":{"line":10,"column":0},"end":{"line":12,"column":1}},"type":"if","locations":[{"start":{"line":10,"column":0},"end":{"line":12,"column":1}},{"start":{},"end":{}}]},"1":{"loc":{"start":{"line":25,"column":18},"end":{"line":25,"column":98}},"type":"binary-expr","locations":[{"start":{"line":25,"column":18},"end":{"line":25,"column":46}},{"start":{"line":25,"column":50},"end":{"line":25,"column":98}}]},"2":{"loc":{"start":{"line":27,"column":4},"end":{"line":31,"column":5}},"type":"if","locations":[{"start":{"line":27,"column":4},"end":{"line":31,"column":5}},{"start":{"line":29,"column":11},"end":{"line":31,"column":5}}]}},"s":{"0":8,"1":8,"2":8,"3":8,"4":8,"5":8,"6":0,"7":8,"8":2,"9":2,"10":2,"11":8,"12":2,"13":2,"14":2,"15":0,"16":8},"f":{"0":2,"1":2,"2":2},"b":{"0":[0,8],"1":[2,0],"2":[2,0]}}
,"C:\\Users\\Acer\\Documents\\AI-powered-adaptive-quiz-system\\quiz-backend\\src\\middlewares\\error.middleware.ts": {"path":"C:\\Users\\Acer\\Documents\\AI-powered-adaptive-quiz-system\\quiz-backend\\src\\middlewares\\error.middleware.ts","statementMap":{"0":{"start":{"line":3,"column":31},"end":{"line":14,"column":1}},"1":{"start":{"line":9,"column":2},"end":{"line":9,"column":21}},"2":{"start":{"line":11,"column":2},"end":{"line":13,"column":5}},"3":{"start":{"line":3,"column":13},"end":{"line":3,"column":31}}},"fnMap":{"0":{"name":"(anonymous_0)","decl":{"start":{"line":3,"column":31},"end":{"line":3,"column":null}},"loc":{"start":{"line":8,"column":4},"end":{"line":14,"column":1}}}},"branchMap":{"0":{"loc":{"start":{"line":11,"column":13},"end":{"line":11,"column":34}},"type":"binary-expr","locations":[{"start":{"line":11,"column":13},"end":{"line":11,"column":27}},{"start":{"line":11,"column":31},"end":{"line":11,"column":34}}]},"1":{"loc":{"start":{"line":12,"column":11},"end":{"line":12,"column":48}},"type":"binary-expr","locations":[{"start":{"line":12,"column":11},"end":{"line":12,"column":22}},{"start":{"line":12,"column":26},"end":{"line":12,"column":48}}]}},"s":{"0":0,"1":0,"2":0,"3":0},"f":{"0":0},"b":{"0":[0,0],"1":[0,0]}}
,"C:\\Users\\Acer\\Documents\\AI-powered-adaptive-quiz-system\\quiz-backend\\src\\middlewares\\pdf_uploads.middleware.ts": {"path":"C:\\Users\\Acer\\Documents\\AI-powered-adaptive-quiz-system\\quiz-backend\\src\\middlewares\\pdf_uploads.middleware.ts","statementMap":{"0":{"start":{"line":1,"column":0},"end":{"line":1,"column":28}},"1":{"start":{"line":2,"column":0},"end":{"line":2,"column":24}},"2":{"start":{"line":3,"column":0},"end":{"line":3,"column":20}},"3":{"start":{"line":6,"column":19},"end":{"line":6,"column":60}},"4":{"start":{"line":8,"column":0},"end":{"line":10,"column":1}},"5":{"start":{"line":9,"column":2},"end":{"line":9,"column":48}},"6":{"start":{"line":12,"column":16},"end":{"line":21,"column":2}},"7":{"start":{"line":14,"column":4},"end":{"line":14,"column":25}},"8":{"start":{"line":18,"column":6},"end":{"line":18,"column":61}},"9":{"start":{"line":19,"column":4},"end":{"line":19,"column":25}},"10":{"start":{"line":23,"column":19},"end":{"line":33,"column":1}},"11":{"start":{"line":28,"column":2},"end":{"line":32,"column":3}},"12":{"start":{"line":29,"column":4},"end":{"line":29,"column":48}},"13":{"start":{"line":31,"column":4},"end":{"line":31,"column":19}},"14":{"start":{"line":35,"column":13},"end":{"line":41,"column":3}}},"fnMap":{"0":{"name":"(anonymous_1)","decl":{"start":{"line":13,"column":15},"end":{"line":13,"column":25}},"loc":{"start":{"line":13,"column":40},"end":{"line":15,"column":3}}},"1":{"name":"(anonymous_2)","decl":{"start":{"line":16,"column":12},"end":{"line":16,"column":22}},"loc":{"start":{"line":16,"column":36},"end":{"line":20,"column":3}}},"2":{"name":"(anonymous_3)","decl":{"start":{"line":23,"column":19},"end":{"line":23,"column":null}},"loc":{"start":{"line":27,"column":4},"end":{"line":33,"column":1}}}},"branchMap":{"0":{"loc":{"start":{"line":8,"column":0},"end":{"line":10,"column":1}},"type":"if","locations":[{"start":{"line":8,"column":0},"end":{"line":10,"column":1}},{"start":{},"end":{}}]},"1":{"loc":{"start":{"line":28,"column":2},"end":{"line":32,"column":3}},"type":"if","locations":[{"start":{"line":28,"column":2},"end":{"line":32,"column":3}},{"start":{"line":30,"column":9},"end":{"line":32,"column":3}}]}},"s":{"0":8,"1":8,"2":8,"3":8,"4":8,"5":0,"6":8,"7":0,"8":0,"9":0,"10":8,"11":0,"12":0,"13":0,"14":8},"f":{"0":0,"1":0,"2":0},"b":{"0":[0,8],"1":[0,0]}}
,"C:\\Users\\Acer\\Documents\\AI-powered-adaptive-quiz-system\\quiz-backend\\src\\middlewares\\role.middleware.ts": {"path":"C:\\Users\\Acer\\Documents\\AI-powered-adaptive-quiz-system\\quiz-backend\\src\\middlewares\\role.middleware.ts","statementMap":{"0":{"start":{"line":3,"column":0},"end":{"line":3,"column":44}},"1":{"start":{"line":4,"column":33},"end":{"line":13,"column":1}},"2":{"start":{"line":9,"column":2},"end":{"line":11,"column":3}},"3":{"start":{"line":10,"column":4},"end":{"line":10,"column":73}},"4":{"start":{"line":12,"column":2},"end":{"line":12,"column":9}},"5":{"start":{"line":4,"column":13},"end":{"line":4,"column":33}},"6":{"start":{"line":15,"column":26},"end":{"line":24,"column":1}},"7":{"start":{"line":20,"column":2},"end":{"line":22,"column":3}},"8":{"start":{"line":21,"column":4},"end":{"line":21,"column":65}},"9":{"start":{"line":23,"column":2},"end":{"line":23,"column":9}},"10":{"start":{"line":15,"column":13},"end":{"line":15,"column":26}},"11":{"start":{"line":26,"column":27},"end":{"line":35,"column":1}},"12":{"start":{"line":31,"column":2},"end":{"line":33,"column":3}},"13":{"start":{"line":32,"column":4},"end":{"line":32,"column":66}},"14":{"start":{"line":34,"column":2},"end":{"line":34,"column":9}},"15":{"start":{"line":26,"column":13},"end":{"line":26,"column":27}}},"fnMap":{"0":{"name":"(anonymous_0)","decl":{"start":{"line":4,"column":33},"end":{"line":4,"column":null}},"loc":{"start":{"line":8,"column":4},"end":{"line":13,"column":1}}},"1":{"name":"(anonymous_1)","decl":{"start":{"line":15,"column":26},"end":{"line":15,"column":null}},"loc":{"start":{"line":19,"column":4},"end":{"line":24,"column":1}}},"2":{"name":"(anonymous_2)","decl":{"start":{"line":26,"column":27},"end":{"line":26,"column":null}},"loc":{"start":{"line":30,"column":4},"end":{"line":35,"column":1}}}},"branchMap":{"0":{"loc":{"start":{"line":9,"column":2},"end":{"line":11,"column":3}},"type":"if","locations":[{"start":{"line":9,"column":2},"end":{"line":11,"column":3}},{"start":{},"end":{}}]},"1":{"loc":{"start":{"line":20,"column":2},"end":{"line":22,"column":3}},"type":"if","locations":[{"start":{"line":20,"column":2},"end":{"line":22,"column":3}},{"start":{},"end":{}}]},"2":{"loc":{"start":{"line":31,"column":2},"end":{"line":33,"column":3}},"type":"if","locations":[{"start":{"line":31,"column":2},"end":{"line":33,"column":3}},{"start":{},"end":{}}]}},"s":{"0":9,"1":9,"2":4,"3":3,"4":1,"5":9,"6":9,"7":30,"8":5,"9":25,"10":9,"11":9,"12":30,"13":8,"14":22,"15":9},"f":{"0":4,"1":30,"2":30},"b":{"0":[3,1],"1":[5,25],"2":[8,22]}}
,"C:\\Users\\Acer\\Documents\\AI-powered-adaptive-quiz-system\\quiz-backend\\src\\middlewares\\uploads.middleware.ts": {"path":"C:\\Users\\Acer\\Documents\\AI-powered-adaptive-quiz-system\\quiz-backend\\src\\middlewares\\uploads.middleware.ts","statementMap":{"0":{"start":{"line":1,"column":0},"end":{"line":1,"column":28}},"1":{"start":{"line":2,"column":0},"end":{"line":2,"column":24}},"2":{"start":{"line":3,"column":0},"end":{"line":3,"column":24}},"3":{"start":{"line":4,"column":0},"end":{"line":4,"column":20}},"4":{"start":{"line":6,"column":18},"end":{"line":6,"column":55}},"5":{"start":{"line":7,"column":0},"end":{"line":9,"column":1}},"6":{"start":{"line":8,"column":4},"end":{"line":8,"column":49}},"7":{"start":{"line":11,"column":16},"end":{"line":20,"column":2}},"8":{"start":{"line":13,"column":8},"end":{"line":13,"column":28}},"9":{"start":{"line":16,"column":29},"end":{"line":16,"column":38}},"10":{"start":{"line":17,"column":26},"end":{"line":17,"column":57}},"11":{"start":{"line":18,"column":8},"end":{"line":18,"column":66}},"12":{"start":{"line":21,"column":19},"end":{"line":27,"column":1}},"13":{"start":{"line":23,"column":4},"end":{"line":25,"column":5}},"14":{"start":{"line":24,"column":8},"end":{"line":24,"column":62}},"15":{"start":{"line":26,"column":4},"end":{"line":26,"column":19}},"16":{"start":{"line":28,"column":15},"end":{"line":32,"column":2}},"17":{"start":{"line":34,"column":13},"end":{"line":38,"column":2}},"18":{"start":{"line":35,"column":35},"end":{"line":35,"column":59}},"19":{"start":{"line":36,"column":52},"end":{"line":36,"column":85}},"20":{"start":{"line":37,"column":68},"end":{"line":37,"column":94}}},"fnMap":{"0":{"name":"(anonymous_1)","decl":{"start":{"line":12,"column":17},"end":{"line":12,"column":27}},"loc":{"start":{"line":12,"column":40},"end":{"line":14,"column":5}}},"1":{"name":"(anonymous_2)","decl":{"start":{"line":15,"column":14},"end":{"line":15,"column":24}},"loc":{"start":{"line":15,"column":37},"end":{"line":19,"column":5}}},"2":{"name":"(anonymous_3)","decl":{"start":{"line":21,"column":19},"end":{"line":21,"column":20}},"loc":{"start":{"line":21,"column":102},"end":{"line":27,"column":1}}},"3":{"name":"(anonymous_4)","decl":{"start":{"line":35,"column":12},"end":{"line":35,"column":13}},"loc":{"start":{"line":35,"column":35},"end":{"line":35,"column":59}}},"4":{"name":"(anonymous_5)","decl":{"start":{"line":36,"column":11},"end":{"line":36,"column":12}},"loc":{"start":{"line":36,"column":52},"end":{"line":36,"column":85}}},"5":{"name":"(anonymous_6)","decl":{"start":{"line":37,"column":12},"end":{"line":37,"column":13}},"loc":{"start":{"line":37,"column":68},"end":{"line":37,"column":94}}}},"branchMap":{"0":{"loc":{"start":{"line":7,"column":0},"end":{"line":9,"column":1}},"type":"if","locations":[{"start":{"line":7,"column":0},"end":{"line":9,"column":1}},{"start":{},"end":{}}]},"1":{"loc":{"start":{"line":23,"column":4},"end":{"line":25,"column":5}},"type":"if","locations":[{"start":{"line":23,"column":4},"end":{"line":25,"column":5}},{"start":{},"end":{}}]}},"s":{"0":8,"1":8,"2":8,"3":8,"4":8,"5":8,"6":0,"7":8,"8":0,"9":0,"10":0,"11":0,"12":8,"13":0,"14":0,"15":0,"16":8,"17":8,"18":32,"19":0,"20":0},"f":{"0":0,"1":0,"2":0,"3":32,"4":0,"5":0},"b":{"0":[0,8],"1":[0,0]}}
,"C:\\Users\\Acer\\Documents\\AI-powered-adaptive-quiz-system\\quiz-backend\\src\\models\\questions.model.ts": {"path":"C:\\Users\\Acer\\Documents\\AI-powered-adaptive-quiz-system\\quiz-backend\\src\\models\\questions.model.ts","statementMap":{"0":{"start":{"line":1,"column":0},"end":{"line":1,"column":48}},"1":{"start":{"line":3,"column":23},"end":{"line":32,"column":null}},"2":{"start":{"line":35,"column":13},"end":{"line":35,"column":63}}},"fnMap":{},"branchMap":{},"s":{"0":10,"1":10,"2":10},"f":{},"b":{}}
,"C:\\Users\\Acer\\Documents\\AI-powered-adaptive-quiz-system\\quiz-backend\\src\\models\\quiz.model.ts": {"path":"C:\\Users\\Acer\\Documents\\AI-powered-adaptive-quiz-system\\quiz-backend\\src\\models\\quiz.model.ts","statementMap":{"0":{"start":{"line":1,"column":0},"end":{"line":1,"column":48}},"1":{"start":{"line":3,"column":19},"end":{"line":14,"column":null}},"2":{"start":{"line":17,"column":13},"end":{"line":17,"column":51}}},"fnMap":{},"branchMap":{},"s":{"0":11,"1":11,"2":11},"f":{},"b":{}}
,"C:\\Users\\Acer\\Documents\\AI-powered-adaptive-quiz-system\\quiz-backend\\src\\models\\quizResult.model.ts": {"path":"C:\\Users\\Acer\\Documents\\AI-powered-adaptive-quiz-system\\quiz-backend\\src\\models\\quizResult.model.ts","statementMap":{"0":{"start":{"line":1,"column":0},"end":{"line":1,"column":48}},"1":{"start":{"line":3,"column":25},"end":{"line":23,"column":null}},"2":{"start":{"line":26,"column":13},"end":{"line":26,"column":69}}},"fnMap":{},"branchMap":{},"s":{"0":12,"1":12,"2":12},"f":{},"b":{}}
,"C:\\Users\\Acer\\Documents\\AI-powered-adaptive-quiz-system\\quiz-backend\\src\\models\\resource.model.ts": {"path":"C:\\Users\\Acer\\Documents\\AI-powered-adaptive-quiz-system\\quiz-backend\\src\\models\\resource.model.ts","statementMap":{"0":{"start":{"line":1,"column":0},"end":{"line":1,"column":54}},"1":{"start":{"line":18,"column":23},"end":{"line":49,"column":null}},"2":{"start":{"line":52,"column":13},"end":{"line":55,"column":2}}},"fnMap":{},"branchMap":{},"s":{"0":10,"1":10,"2":10},"f":{},"b":{}}
,"C:\\Users\\Acer\\Documents\\AI-powered-adaptive-quiz-system\\quiz-backend\\src\\models\\school.model.ts": {"path":"C:\\Users\\Acer\\Documents\\AI-powered-adaptive-quiz-system\\quiz-backend\\src\\models\\school.model.ts","statementMap":{"0":{"start":{"line":1,"column":0},"end":{"line":1,"column":41}},"1":{"start":{"line":2,"column":0},"end":{"line":2,"column":53}},"2":{"start":{"line":4,"column":21},"end":{"line":32,"column":null}},"3":{"start":{"line":35,"column":13},"end":{"line":35,"column":57}}},"fnMap":{},"branchMap":{},"s":{"0":10,"1":10,"2":10,"3":10},"f":{},"b":{}}
,"C:\\Users\\Acer\\Documents\\AI-powered-adaptive-quiz-system\\quiz-backend\\src\\models\\student.model.ts": {"path":"C:\\Users\\Acer\\Documents\\AI-powered-adaptive-quiz-system\\quiz-backend\\src\\models\\student.model.ts","statementMap":{"0":{"start":{"line":1,"column":0},"end":{"line":1,"column":48}},"1":{"start":{"line":3,"column":22},"end":{"line":17,"column":null}},"2":{"start":{"line":20,"column":13},"end":{"line":20,"column":55}}},"fnMap":{},"branchMap":{},"s":{"0":13,"1":13,"2":13},"f":{},"b":{}}
,"C:\\Users\\Acer\\Documents\\AI-powered-adaptive-quiz-system\\quiz-backend\\src\\models\\studentAnswer.model.ts": {"path":"C:\\Users\\Acer\\Documents\\AI-powered-adaptive-quiz-system\\quiz-backend\\src\\models\\studentAnswer.model.ts","statementMap":{"0":{"start":{"line":1,"column":0},"end":{"line":1,"column":48}},"1":{"start":{"line":3,"column":28},"end":{"line":31,"column":null}},"2":{"start":{"line":34,"column":13},"end":{"line":34,"column":78}}},"fnMap":{},"branchMap":{},"s":{"0":9,"1":9,"2":9},"f":{},"b":{}}
,"C:\\Users\\Acer\\Documents\\AI-powered-adaptive-quiz-system\\quiz-backend\\src\\models\\studentQuizPool.model.ts": {"path":"C:\\Users\\Acer\\Documents\\AI-powered-adaptive-quiz-system\\quiz-backend\\src\\models\\studentQuizPool.model.ts","statementMap":{"0":{"start":{"line":1,"column":0},"end":{"line":1,"column":32}},"1":{"start":{"line":3,"column":30},"end":{"line":7,"column":24}},"2":{"start":{"line":9,"column":13},"end":{"line":12,"column":2}}},"fnMap":{},"branchMap":{},"s":{"0":9,"1":9,"2":9},"f":{},"b":{}}
,"C:\\Users\\Acer\\Documents\\AI-powered-adaptive-quiz-system\\quiz-backend\\src\\repositories\\question.repository.ts": {"path":"C:\\Users\\Acer\\Documents\\AI-powered-adaptive-quiz-system\\quiz-backend\\src\\repositories\\question.repository.ts","statementMap":{"0":{"start":{"line":1,"column":0},"end":{"line":1,"column":58}},"1":{"start":{"line":3,"column":13},"end":{"line":23,"column":2}},"2":{"start":{"line":5,"column":4},"end":{"line":5,"column":47}},"3":{"start":{"line":9,"column":4},"end":{"line":9,"column":44}},"4":{"start":{"line":13,"column":4},"end":{"line":13,"column":50}},"5":{"start":{"line":17,"column":4},"end":{"line":17,"column":38}},"6":{"start":{"line":21,"column":4},"end":{"line":21,"column":53}}},"fnMap":{"0":{"name":"(anonymous_0)","decl":{"start":{"line":4,"column":2},"end":{"line":4,"column":12}},"loc":{"start":{"line":4,"column":29},"end":{"line":6,"column":3}}},"1":{"name":"(anonymous_1)","decl":{"start":{"line":8,"column":2},"end":{"line":8,"column":14}},"loc":{"start":{"line":8,"column":31},"end":{"line":10,"column":3}}},"2":{"name":"(anonymous_2)","decl":{"start":{"line":12,"column":2},"end":{"line":12,"column":16}},"loc":{"start":{"line":12,"column":33},"end":{"line":14,"column":3}}},"3":{"name":"(anonymous_3)","decl":{"start":{"line":16,"column":2},"end":{"line":16,"column":7}},"loc":{"start":{"line":16,"column":27},"end":{"line":18,"column":3}}},"4":{"name":"(anonymous_4)","decl":{"start":{"line":20,"column":2},"end":{"line":20,"column":7}},"loc":{"start":{"line":20,"column":31},"end":{"line":22,"column":3}}}},"branchMap":{},"s":{"0":9,"1":9,"2":2,"3":3,"4":0,"5":6,"6":0},"f":{"0":2,"1":3,"2":0,"3":6,"4":0},"b":{}}
,"C:\\Users\\Acer\\Documents\\AI-powered-adaptive-quiz-system\\quiz-backend\\src\\repositories\\quiz.repository.ts": {"path":"C:\\Users\\Acer\\Documents\\AI-powered-adaptive-quiz-system\\quiz-backend\\src\\repositories\\quiz.repository.ts","statementMap":{"0":{"start":{"line":1,"column":0},"end":{"line":1,"column":49}},"1":{"start":{"line":5,"column":4},"end":{"line":5,"column":62}},"2":{"start":{"line":12,"column":4},"end":{"line":19,"column":5}},"3":{"start":{"line":22,"column":4},"end":{"line":22,"column":74}},"4":{"start":{"line":3,"column":0},"end":{"line":3,"column":13}}},"fnMap":{"0":{"name":"(anonymous_0)","decl":{"start":{"line":4,"column":2},"end":{"line":4,"column":7}},"loc":{"start":{"line":4,"column":44},"end":{"line":6,"column":3}}},"1":{"name":"(anonymous_1)","decl":{"start":{"line":7,"column":2},"end":{"line":7,"column":7}},"loc":{"start":{"line":7,"column":41},"end":{"line":20,"column":3}}},"2":{"name":"(anonymous_2)","decl":{"start":{"line":21,"column":2},"end":{"line":21,"column":7}},"loc":{"start":{"line":21,"column":50},"end":{"line":23,"column":3}}}},"branchMap":{},"s":{"0":10,"1":7,"2":4,"3":1,"4":10},"f":{"0":7,"1":4,"2":1},"b":{}}
,"C:\\Users\\Acer\\Documents\\AI-powered-adaptive-quiz-system\\quiz-backend\\src\\repositories\\quizresult.repository.ts": {"path":"C:\\Users\\Acer\\Documents\\AI-powered-adaptive-quiz-system\\quiz-backend\\src\\repositories\\quizresult.repository.ts","statementMap":{"0":{"start":{"line":1,"column":0},"end":{"line":1,"column":61}},"1":{"start":{"line":5,"column":4},"end":{"line":5,"column":58}},"2":{"start":{"line":9,"column":4},"end":{"line":12,"column":6}},"3":{"start":{"line":16,"column":4},"end":{"line":18,"column":31}},"4":{"start":{"line":22,"column":4},"end":{"line":25,"column":31}},"5":{"start":{"line":3,"column":0},"end":{"line":3,"column":13}}},"fnMap":{"0":{"name":"(anonymous_0)","decl":{"start":{"line":4,"column":2},"end":{"line":4,"column":7}},"loc":{"start":{"line":4,"column":62},"end":{"line":6,"column":3}}},"1":{"name":"(anonymous_1)","decl":{"start":{"line":8,"column":2},"end":{"line":8,"column":7}},"loc":{"start":{"line":8,"column":33},"end":{"line":13,"column":3}}},"2":{"name":"(anonymous_2)","decl":{"start":{"line":15,"column":2},"end":{"line":15,"column":7}},"loc":{"start":{"line":15,"column":39},"end":{"line":19,"column":3}}},"3":{"name":"(anonymous_3)","decl":{"start":{"line":21,"column":2},"end":{"line":21,"column":7}},"loc":{"start":{"line":21,"column":39},"end":{"line":26,"column":3}}}},"branchMap":{},"s":{"0":11,"1":1,"2":1,"3":0,"4":1,"5":11},"f":{"0":1,"1":1,"2":0,"3":1},"b":{}}
,"C:\\Users\\Acer\\Documents\\AI-powered-adaptive-quiz-system\\quiz-backend\\src\\repositories\\resource.repository.ts": {"path":"C:\\Users\\Acer\\Documents\\AI-powered-adaptive-quiz-system\\quiz-backend\\src\\repositories\\resource.repository.ts","statementMap":{"0":{"start":{"line":1,"column":0},"end":{"line":1,"column":57}},"1":{"start":{"line":6,"column":4},"end":{"line":6,"column":44}},"2":{"start":{"line":10,"column":4},"end":{"line":10,"column":74}},"3":{"start":{"line":14,"column":4},"end":{"line":14,"column":62}},"4":{"start":{"line":18,"column":4},"end":{"line":18,"column":44}},"5":{"start":{"line":22,"column":4},"end":{"line":22,"column":74}},"6":{"start":{"line":26,"column":4},"end":{"line":26,"column":53}},"7":{"start":{"line":4,"column":0},"end":{"line":4,"column":13}}},"fnMap":{"0":{"name":"(anonymous_0)","decl":{"start":{"line":5,"column":2},"end":{"line":5,"column":7}},"loc":{"start":{"line":5,"column":24},"end":{"line":7,"column":3}}},"1":{"name":"(anonymous_1)","decl":{"start":{"line":9,"column":2},"end":{"line":9,"column":7}},"loc":{"start":{"line":9,"column":37},"end":{"line":11,"column":3}}},"2":{"name":"(anonymous_2)","decl":{"start":{"line":13,"column":2},"end":{"line":13,"column":7}},"loc":{"start":{"line":13,"column":15},"end":{"line":15,"column":3}}},"3":{"name":"(anonymous_3)","decl":{"start":{"line":17,"column":2},"end":{"line":17,"column":7}},"loc":{"start":{"line":17,"column":27},"end":{"line":19,"column":3}}},"4":{"name":"(anonymous_4)","decl":{"start":{"line":21,"column":2},"end":{"line":21,"column":7}},"loc":{"start":{"line":21,"column":36},"end":{"line":23,"column":3}}},"5":{"name":"(anonymous_5)","decl":{"start":{"line":25,"column":2},"end":{"line":25,"column":7}},"loc":{"start":{"line":25,"column":25},"end":{"line":27,"column":3}}}},"branchMap":{},"s":{"0":10,"1":1,"2":1,"3":1,"4":1,"5":1,"6":1,"7":10},"f":{"0":1,"1":1,"2":1,"3":1,"4":1,"5":1},"b":{}}
,"C:\\Users\\Acer\\Documents\\AI-powered-adaptive-quiz-system\\quiz-backend\\src\\repositories\\school.repository.ts": {"path":"C:\\Users\\Acer\\Documents\\AI-powered-adaptive-quiz-system\\quiz-backend\\src\\repositories\\school.repository.ts","statementMap":{"0":{"start":{"line":1,"column":0},"end":{"line":1,"column":53}},"1":{"start":{"line":4,"column":13},"end":{"line":34,"column":2}},"2":{"start":{"line":6,"column":4},"end":{"line":6,"column":36}},"3":{"start":{"line":10,"column":4},"end":{"line":10,"column":42}},"4":{"start":{"line":14,"column":4},"end":{"line":14,"column":41}},"5":{"start":{"line":17,"column":2},"end":{"line":17,"column":38}},"6":{"start":{"line":21,"column":2},"end":{"line":21,"column":48}},"7":{"start":{"line":25,"column":4},"end":{"line":25,"column":51}},"8":{"start":{"line":29,"column":4},"end":{"line":32,"column":7}}},"fnMap":{"0":{"name":"(anonymous_0)","decl":{"start":{"line":5,"column":10},"end":{"line":5,"column":11}},"loc":{"start":{"line":5,"column":40},"end":{"line":7,"column":3}}},"1":{"name":"(anonymous_1)","decl":{"start":{"line":9,"column":15},"end":{"line":9,"column":16}},"loc":{"start":{"line":9,"column":33},"end":{"line":11,"column":3}}},"2":{"name":"(anonymous_2)","decl":{"start":{"line":13,"column":20},"end":{"line":13,"column":21}},"loc":{"start":{"line":13,"column":37},"end":{"line":15,"column":3}}},"3":{"name":"(anonymous_3)","decl":{"start":{"line":16,"column":2},"end":{"line":16,"column":7}},"loc":{"start":{"line":16,"column":29},"end":{"line":18,"column":1}}},"4":{"name":"(anonymous_4)","decl":{"start":{"line":20,"column":0},"end":{"line":20,"column":5}},"loc":{"start":{"line":20,"column":47},"end":{"line":22,"column":1}}},"5":{"name":"(anonymous_5)","decl":{"start":{"line":24,"column":14},"end":{"line":24,"column":15}},"loc":{"start":{"line":24,"column":40},"end":{"line":26,"column":3}}},"6":{"name":"(anonymous_6)","decl":{"start":{"line":28,"column":20},"end":{"line":28,"column":21}},"loc":{"start":{"line":28,"column":38},"end":{"line":33,"column":3}}}},"branchMap":{},"s":{"0":10,"1":10,"2":1,"3":9,"4":0,"5":1,"6":1,"7":1,"8":1},"f":{"0":1,"1":9,"2":0,"3":1,"4":1,"5":1,"6":1},"b":{}}
[...]
5}},"type":"cond-expr","locations":[{"start":{"line":109,"column":34},"end":{"line":109,"column":50}},{"start":{"line":109,"column":53},"end":{"line":109,"column":65}}]},"10":{"loc":{"start":{"line":130,"column":4},"end":{"line":132,"column":5}},"type":"if","locations":[{"start":{"line":130,"column":4},"end":{"line":132,"column":5}},{"start":{},"end":{}}]},"11":{"loc":{"start":{"line":140,"column":17},"end":{"line":140,"column":72}},"type":"cond-expr","locations":[{"start":{"line":140,"column":41},"end":{"line":140,"column":57}},{"start":{"line":140,"column":60},"end":{"line":140,"column":72}}]},"12":{"loc":{"start":{"line":143,"column":13},"end":{"line":143,"column":34}},"type":"binary-expr","locations":[{"start":{"line":143,"column":13},"end":{"line":143,"column":19}},{"start":{"line":143,"column":23},"end":{"line":143,"column":34}}]},"13":{"loc":{"start":{"line":146,"column":4},"end":{"line":148,"column":5}},"type":"if","locations":[{"start":{"line":146,"column":4},"end":{"line":148,"column":5}},{"start":{},"end":{}}]},"14":{"loc":{"start":{"line":154,"column":6},"end":{"line":154,"column":57}},"type":"if","locations":[{"start":{"line":154,"column":6},"end":{"line":154,"column":57}},{"start":{},"end":{}}]},"15":{"loc":{"start":{"line":158,"column":22},"end":{"line":158,"column":44}},"type":"cond-expr","locations":[{"start":{"line":158,"column":34},"end":{"line":158,"column":40}},{"start":{"line":158,"column":43},"end":{"line":158,"column":44}}]},"16":{"loc":{"start":{"line":170,"column":6},"end":{"line":170,"column":75}},"type":"cond-expr","locations":[{"start":{"line":170,"column":33},"end":{"line":170,"column":69}},{"start":{"line":170,"column":72},"end":{"line":170,"column":75}}]},"17":{"loc":{"start":{"line":173,"column":4},"end":{"line":188,"column":5}},"type":"if","locations":[{"start":{"line":173,"column":4},"end":{"line":188,"column":5}},{"start":{},"end":{}}]},"18":{"loc":{"start":{"line":179,"column":6},"end":{"line":182,"column":7}},"type":"if","locations":[{"start":{"line":179,"column":6},"end":{"line":182,"column":7}},{"start":{},"end":{}}]},"19":{"loc":{"start":{"line":179,"column":10},"end":{"line":179,"column":57}},"type":"binary-expr","locations":[{"start":{"line":179,"column":10},"end":{"line":179,"column":20}},{"start":{"line":179,"column":24},"end":{"line":179,"column":34}},{"start":{"line":179,"column":38},"end":{"line":179,"column":57}}]},"20":{"loc":{"start":{"line":184,"column":6},"end":{"line":187,"column":7}},"type":"if","locations":[{"start":{"line":184,"column":6},"end":{"line":187,"column":7}},{"start":{},"end":{}}]},"21":{"loc":{"start":{"line":184,"column":10},"end":{"line":184,"column":34}},"type":"binary-expr","locations":[{"start":{"line":184,"column":10},"end":{"line":184,"column":18}},{"start":{"line":184,"column":22},"end":{"line":184,"column":34}}]},"22":{"loc":{"start":{"line":191,"column":6},"end":{"line":194,"column":12}},"type":"cond-expr","locations":[{"start":{"line":192,"column":10},"end":{"line":193,"column":23}},{"start":{"line":194,"column":10},"end":{"line":194,"column":12}}]},"23":{"loc":{"start":{"line":197,"column":4},"end":{"line":203,"column":5}},"type":"if","locations":[{"start":{"line":197,"column":4},"end":{"line":203,"column":5}},{"start":{},"end":{}}]},"24":{"loc":{"start":{"line":198,"column":6},"end":{"line":202,"column":7}},"type":"if","locations":[{"start":{"line":198,"column":6},"end":{"line":202,"column":7}},{"start":{"line":200,"column":13},"end":{"line":202,"column":7}}]},"25":{"loc":{"start":{"line":200,"column":13},"end":{"line":202,"column":7}},"type":"if","locations":[{"start":{"line":200,"column":13},"end":{"line":202,"column":7}},{"start":{},"end":{}}]},"26":{"loc":{"start":{"line":200,"column":17},"end":{"line":200,"column":77}},"type":"binary-expr","locations":[{"start":{"line":200,"column":17},"end":{"line":200,"column":55}},{"start":{"line":200,"column":59},"end":{"line":200,"column":77}}]},"27":{"loc":{"start":{"line":209,"column":25},"end":{"line":209,"column":57}},"type":"binary-expr","locations":[{"start":{"line":209,"column":25},"end":{"line":209,"column":52}},{"start":{"line":209,"column":56},"end":{"line":209,"column":57}}]},"28":{"loc":{"start":{"line":217,"column":6},"end":{"line":220,"column":7}},"type":"if","locations":[{"start":{"line":217,"column":6},"end":{"line":220,"column":7}},{"start":{},"end":{}}]},"29":{"loc":{"start":{"line":223,"column":4},"end":{"line":231,"column":5}},"type":"if","locations":[{"start":{"line":223,"column":4},"end":{"line":231,"column":5}},{"start":{},"end":{}}]},"30":{"loc":{"start":{"line":233,"column":29},"end":{"line":235,"column":20}},"type":"cond-expr","locations":[{"start":{"line":234,"column":8},"end":{"line":234,"column":31}},{"start":{"line":235,"column":8},"end":{"line":235,"column":20}}]},"31":{"loc":{"start":{"line":239,"column":12},"end":{"line":239,"column":59}},"type":"binary-expr","locations":[{"start":{"line":239,"column":12},"end":{"line":239,"column":32}},{"start":{"line":239,"column":36},"end":{"line":239,"column":59}}]},"32":{"loc":{"start":{"line":240,"column":30},"end":{"line":240,"column":55}},"type":"binary-expr","locations":[{"start":{"line":240,"column":30},"end":{"line":240,"column":49}},{"start":{"line":240,"column":53},"end":{"line":240,"column":55}}]},"33":{"loc":{"start":{"line":269,"column":6},"end":{"line":271,"column":7}},"type":"if","locations":[{"start":{"line":269,"column":6},"end":{"line":271,"column":7}},{"start":{},"end":{}}]},"34":{"loc":{"start":{"line":273,"column":6},"end":{"line":273,"column":53}},"type":"if","locations":[{"start":{"line":273,"column":6},"end":{"line":273,"column":53}},{"start":{},"end":{}}]},"35":{"loc":{"start":{"line":280,"column":20},"end":{"line":280,"column":71}},"type":"cond-expr","locations":[{"start":{"line":280,"column":41},"end":{"line":280,"column":67}},{"start":{"line":280,"column":70},"end":{"line":280,"column":71}}]},"36":{"loc":{"start":{"line":328,"column":6},"end":{"line":328,"column":37}},"type":"if","locations":[{"start":{"line":328,"column":6},"end":{"line":328,"column":37}},{"start":{},"end":{}}]}},"s":{"0":9,"1":9,"2":9,"3":9,"4":9,"5":9,"6":9,"7":9,"8":9,"9":9,"10":9,"11":22,"12":22,"13":22,"14":22,"15":12,"16":12,"17":3,"18":9,"19":9,"20":2,"21":7,"22":7,"23":7,"24":4,"25":4,"26":4,"27":13,"28":13,"29":3,"30":10,"31":10,"32":2,"33":8,"34":3,"35":3,"36":5,"37":5,"38":3,"39":3,"40":3,"41":15,"42":40,"43":3,"44":8,"45":15,"46":3,"47":3,"48":8,"49":8,"50":0,"51":0,"52":3,"53":3,"54":5,"55":5,"56":2,"57":5,"58":0,"59":5,"60":5,"61":5,"62":13,"63":13,"64":13,"65":13,"66":5,"67":0,"68":5,"69":5,"70":5,"71":3,"72":2,"73":2,"74":2,"75":2,"76":2,"77":2,"78":5,"79":5,"80":2,"81":5,"82":5,"83":0,"84":0,"85":0,"86":0,"87":0,"88":0,"89":0,"90":0,"91":0,"92":0,"93":0,"94":0,"95":0,"96":0,"97":5,"98":2,"99":5,"100":5,"101":0,"102":0,"103":0,"104":0,"105":5,"106":5,"107":5,"108":11,"109":11,"110":11,"111":11,"112":11,"113":11,"114":7,"115":7,"116":5,"117":0,"118":0,"119":5,"120":5,"121":20,"122":5,"123":0,"124":0,"125":0,"126":0,"127":0,"128":0,"129":0,"130":0,"131":0,"132":0,"133":0,"134":0,"135":0,"136":0,"137":0,"138":0,"139":0,"140":0,"141":0,"142":0,"143":0,"144":0,"145":0,"146":0,"147":0,"148":0,"149":5,"150":5,"151":2,"152":2,"153":0,"154":2,"155":2,"156":9},"f":{"0":22,"1":12,"2":4,"3":13,"4":40,"5":3,"6":8,"7":8,"8":0,"9":0,"10":2,"11":13,"12":5,"13":2,"14":2,"15":2,"16":0,"17":0,"18":0,"19":0,"20":2,"21":20,"22":0,"23":0,"24":0,"25":0,"26":0,"27":0,"28":5,"29":2},"b":{"0":[3,9],"1":[2,7],"2":[3,10],"3":[2,8],"4":[3,5],"5":[8,8,8],"6":[3,2],"7":[8,0],"8":[8,0],"9":[0,0],"10":[0,5],"11":[13,0],"12":[13,13],"13":[0,5],"14":[3,2],"15":[1,1],"16":[2,3],"17":[0,5],"18":[0,0],"19":[0,0,0],"20":[0,0],"21":[0,0],"22":[2,3],"23":[0,5],"24":[0,0],"25":[0,0],"26":[0,0],"27":[11,0],"28":[7,4],"29":[0,5],"30":[5,0],"31":[5,0],"32":[5,0],"33":[0,0],"34":[0,0],"35":[0,0],"36":[0,2]}}
,"C:\\Users\\Acer\\Documents\\AI-powered-adaptive-quiz-system\\quiz-backend\\src\\services\\studentresults.service.ts": {"path":"C:\\Users\\Acer\\Documents\\AI-powered-adaptive-quiz-system\\quiz-backend\\src\\services\\studentresults.service.ts","statementMap":{"0":{"start":{"line":1,"column":0},"end":{"line":1,"column":77}},"1":{"start":{"line":8,"column":10},"end":{"line":8,"column":54}},"2":{"start":{"line":11,"column":4},"end":{"line":11,"column":30}},"3":{"start":{"line":11,"column":21},"end":{"line":11,"column":30}},"4":{"start":{"line":12,"column":4},"end":{"line":12,"column":60}},"5":{"start":{"line":17,"column":20},"end":{"line":17,"column":70}},"6":{"start":{"line":19,"column":4},"end":{"line":34,"column":8}},"7":{"start":{"line":19,"column":35},"end":{"line":19,"column":51}},"8":{"start":{"line":19,"column":70},"end":{"line":34,"column":6}},"9":{"start":{"line":41,"column":19},"end":{"line":43,"column":null}},"10":{"start":{"line":45,"column":4},"end":{"line":45,"column":53}},"11":{"start":{"line":45,"column":17},"end":{"line":45,"column":53}},"12":{"start":{"line":47,"column":27},"end":{"line":49,"column":null}},"13":{"start":{"line":52,"column":4},"end":{"line":76,"column":6}},"14":{"start":{"line":70,"column":71},"end":{"line":74,"column":8}},"15":{"start":{"line":80,"column":20},"end":{"line":80,"column":70}},"16":{"start":{"line":86,"column":8},"end":{"line":86,"column":10}},"17":{"start":{"line":88,"column":4},"end":{"line":101,"column":5}},"18":{"start":{"line":89,"column":8},"end":{"line":89,"column":31}},"19":{"start":{"line":89,"column":22},"end":{"line":89,"column":31}},"20":{"start":{"line":90,"column":22},"end":{"line":90,"column":52}},"21":{"start":{"line":91,"column":23},"end":{"line":91,"column":76}},"22":{"start":{"line":93,"column":6},"end":{"line":93,"column":55}},"23":{"start":{"line":93,"column":31},"end":{"line":93,"column":55}},"24":{"start":{"line":95,"column":6},"end":{"line":100,"column":9}},"25":{"start":{"line":104,"column":4},"end":{"line":108,"column":5}},"26":{"start":{"line":105,"column":6},"end":{"line":107,"column":8}},"27":{"start":{"line":106,"column":18},"end":{"line":106,"column":73}},"28":{"start":{"line":110,"column":4},"end":{"line":110,"column":21}},"29":{"start":{"line":7,"column":0},"end":{"line":7,"column":13}}},"fnMap":{"0":{"name":"(anonymous_0)","decl":{"start":{"line":7,"column":0},"end":{"line":7,"column":13}},"loc":{"start":{"line":7,"column":0},"end":{"line":112,"column":1}}},"1":{"name":"(anonymous_1)","decl":{"start":{"line":10,"column":10},"end":{"line":10,"column":22}},"loc":{"start":{"line":10,"column":53},"end":{"line":13,"column":3}}},"2":{"name":"(anonymous_2)","decl":{"start":{"line":16,"column":2},"end":{"line":16,"column":7}},"loc":{"start":{"line":16,"column":43},"end":{"line":35,"column":3}}},"3":{"name":"(anonymous_3)","decl":{"start":{"line":19,"column":26},"end":{"line":19,"column":27}},"loc":{"start":{"line":19,"column":35},"end":{"line":19,"column":51}}},"4":{"name":"(anonymous_4)","decl":{"start":{"line":19,"column":57},"end":{"line":19,"column":58}},"loc":{"start":{"line":19,"column":70},"end":{"line":34,"column":6}}},"5":{"name":"(anonymous_5)","decl":{"start":{"line":37,"column":2},"end":{"line":37,"column":7}},"loc":{"start":{"line":39,"column":18},"end":{"line":77,"column":3}}},"6":{"name":"(anonymous_6)","decl":{"start":{"line":70,"column":57},"end":{"line":70,"column":58}},"loc":{"start":{"line":70,"column":71},"end":{"line":74,"column":8}}},"7":{"name":"(anonymous_7)","decl":{"start":{"line":79,"column":2},"end":{"line":79,"column":7}},"loc":{"start":{"line":79,"column":45},"end":{"line":111,"column":3}}},"8":{"name":"(anonymous_8)","decl":{"start":{"line":106,"column":8},"end":{"line":106,"column":9}},"loc":{"start":{"line":106,"column":18},"end":{"line":106,"column":73}}}},"branchMap":{"0":{"loc":{"start":{"line":11,"column":4},"end":{"line":11,"column":30}},"type":"if","locations":[{"start":{"line":11,"column":4},"end":{"line":11,"column":30}},{"start":{},"end":{}}]},"1":{"loc":{"start":{"line":45,"column":4},"end":{"line":45,"column":53}},"type":"if","locations":[{"start":{"line":45,"column":4},"end":{"line":45,"column":53}},{"start":{},"end":{}}]},"2":{"loc":{"start":{"line":69,"column":18},"end":{"line":69,"column":66}},"type":"binary-expr","locations":[{"start":{"line":69,"column":18},"end":{"line":69,"column":38}},{"start":{"line":69,"column":42},"end":{"line":69,"column":66}}]},"3":{"loc":{"start":{"line":70,"column":22},"end":{"line":70,"column":51}},"type":"binary-expr","locations":[{"start":{"line":70,"column":22},"end":{"line":70,"column":45}},{"start":{"line":70,"column":49},"end":{"line":70,"column":51}}]},"4":{"loc":{"start":{"line":89,"column":8},"end":{"line":89,"column":31}},"type":"if","locations":[{"start":{"line":89,"column":8},"end":{"line":89,"column":31}},{"start":{},"end":{}}]},"5":{"loc":{"start":{"line":90,"column":22},"end":{"line":90,"column":52}},"type":"binary-expr","locations":[{"start":{"line":90,"column":22},"end":{"line":90,"column":39}},{"start":{"line":90,"column":43},"end":{"line":90,"column":52}}]},"6":{"loc":{"start":{"line":93,"column":6},"end":{"line":93,"column":55}},"type":"if","locations":[{"start":{"line":93,"column":6},"end":{"line":93,"column":55}},{"start":{},"end":{}}]}},"s":{"0":9,"1":23,"2":12,"3":1,"4":11,"5":6,"6":6,"7":5,"8":4,"9":4,"10":4,"11":2,"12":2,"13":2,"14":1,"15":5,"16":5,"17":5,"18":7,"19":1,"20":6,"21":6,"22":6,"23":5,"24":6,"25":5,"26":5,"27":1,"28":5,"29":9},"f":{"0":23,"1":12,"2":6,"3":5,"4":4,"5":4,"6":1,"7":5,"8":1},"b":{"0":[1,11],"1":[2,2],"2":[2,1],"3":[2,1],"4":[1,6],"5":[6,0],"6":[5,1]}}
,"C:\\Users\\Acer\\Documents\\AI-powered-adaptive-quiz-system\\quiz-backend\\src\\services\\superadmin.services.ts": {"path":"C:\\Users\\Acer\\Documents\\AI-powered-adaptive-quiz-system\\quiz-backend\\src\\services\\superadmin.services.ts","statementMap":{"0":{"start":{"line":1,"column":0},"end":{"line":1,"column":31}},"1":{"start":{"line":2,"column":0},"end":{"line":2,"column":28}},"2":{"start":{"line":3,"column":0},"end":{"line":3,"column":16}},"3":{"start":{"line":5,"column":25},"end":{"line":5,"column":53}},"4":{"start":{"line":6,"column":28},"end":{"line":6,"column":59}},"5":{"start":{"line":8,"column":13},"end":{"line":17,"column":2}},"6":{"start":{"line":10,"column":8},"end":{"line":12,"column":9}},"7":{"start":{"line":11,"column":12},"end":{"line":11,"column":50}},"8":{"start":{"line":13,"column":8},"end":{"line":15,"column":10}}},"fnMap":{"0":{"name":"(anonymous_1)","decl":{"start":{"line":9,"column":4},"end":{"line":9,"column":9}},"loc":{"start":{"line":9,"column":41},"end":{"line":16,"column":5}}}},"branchMap":{"0":{"loc":{"start":{"line":10,"column":8},"end":{"line":12,"column":9}},"type":"if","locations":[{"start":{"line":10,"column":8},"end":{"line":12,"column":9}},{"start":{},"end":{}}]},"1":{"loc":{"start":{"line":10,"column":11},"end":{"line":10,"column":71}},"type":"binary-expr","locations":[{"start":{"line":10,"column":11},"end":{"line":10,"column":36}},{"start":{"line":10,"column":40},"end":{"line":10,"column":71}}]}},"s":{"0":8,"1":8,"2":8,"3":8,"4":8,"5":8,"6":0,"7":0,"8":0},"f":{"0":0},"b":{"0":[0,0],"1":[0,0]}}
,"C:\\Users\\Acer\\Documents\\AI-powered-adaptive-quiz-system\\quiz-backend\\src\\types\\roles.types.ts": {"path":"C:\\Users\\Acer\\Documents\\AI-powered-adaptive-quiz-system\\quiz-backend\\src\\types\\roles.types.ts","statementMap":{"0":{"start":{"line":1,"column":0},"end":{"line":1,"column":null}},"1":{"start":{"line":2,"column":4},"end":{"line":2,"column":null}},"2":{"start":{"line":3,"column":4},"end":{"line":3,"column":null}},"3":{"start":{"line":4,"column":4},"end":{"line":4,"column":null}}},"fnMap":{"0":{"name":"(anonymous_0)","decl":{"start":{"line":1,"column":0},"end":{"line":1,"column":12}},"loc":{"start":{"line":1,"column":16},"end":{"line":5,"column":1}}}},"branchMap":{"0":{"loc":{"start":{"line":1,"column":12},"end":{"line":1,"column":null}},"type":"binary-expr","locations":[{"start":{"line":1,"column":12},"end":{"line":1,"column":16}},{"start":{"line":1,"column":16},"end":{"line":1,"column":null}}]}},"s":{"0":11,"1":11,"2":11,"3":11},"f":{"0":11},"b":{"0":[11,11]}}
,"C:\\Users\\Acer\\Documents\\AI-powered-adaptive-quiz-system\\quiz-backend\\src\\types\\school.types.ts": {"path":"C:\\Users\\Acer\\Documents\\AI-powered-adaptive-quiz-system\\quiz-backend\\src\\types\\school.types.ts","statementMap":{"0":{"start":{"line":1,"column":0},"end":{"line":1,"column":null}},"1":{"start":{"line":2,"column":6},"end":{"line":2,"column":null}},"2":{"start":{"line":3,"column":6},"end":{"line":3,"column":null}},"3":{"start":{"line":4,"column":6},"end":{"line":4,"column":null}},"4":{"start":{"line":5,"column":6},"end":{"line":5,"column":null}}},"fnMap":{"0":{"name":"(anonymous_0)","decl":{"start":{"line":1,"column":0},"end":{"line":1,"column":12}},"loc":{"start":{"line":1,"column":24},"end":{"line":6,"column":1}}}},"branchMap":{"0":{"loc":{"start":{"line":1,"column":12},"end":{"line":1,"column":null}},"type":"binary-expr","locations":[{"start":{"line":1,"column":12},"end":{"line":1,"column":24}},{"start":{"line":1,"column":24},"end":{"line":1,"column":null}}]}},"s":{"0":12,"1":12,"2":12,"3":12,"4":12},"f":{"0":12},"b":{"0":[12,12]}}
,"C:\\Users\\Acer\\Documents\\AI-powered-adaptive-quiz-system\\quiz-backend\\src\\utils\\asyncHandler.ts": {"path":"C:\\Users\\Acer\\Documents\\AI-powered-adaptive-quiz-system\\quiz-backend\\src\\utils\\asyncHandler.ts","statementMap":{"0":{"start":{"line":4,"column":2},"end":{"line":6,"column":51}},"1":{"start":{"line":5,"column":2},"end":{"line":6,"column":51}},"2":{"start":{"line":6,"column":4},"end":{"line":6,"column":51}},"3":{"start":{"line":3,"column":13},"end":{"line":3,"column":null}}},"fnMap":{"0":{"name":"(anonymous_0)","decl":{"start":{"line":4,"column":2},"end":{"line":4,"column":3}},"loc":{"start":{"line":5,"column":2},"end":{"line":6,"column":51}}},"1":{"name":"(anonymous_1)","decl":{"start":{"line":5,"column":2},"end":{"line":5,"column":3}},"loc":{"start":{"line":6,"column":4},"end":{"line":6,"column":51}}}},"branchMap":{},"s":{"0":8,"1":56,"2":7,"3":8},"f":{"0":56,"1":7},"b":{}}
,"C:\\Users\\Acer\\Documents\\AI-powered-adaptive-quiz-system\\quiz-backend\\src\\utils\\difficulty.ts": {"path":"C:\\Users\\Acer\\Documents\\AI-powered-adaptive-quiz-system\\quiz-backend\\src\\utils\\difficulty.ts","statementMap":{"0":{"start":{"line":1,"column":13},"end":{"line":7,"column":2}}},"fnMap":{},"branchMap":{},"s":{"0":10},"f":{},"b":{}}
,"C:\\Users\\Acer\\Documents\\AI-powered-adaptive-quiz-system\\quiz-backend\\src\\utils\\mailer.ts": {"path":"C:\\Users\\Acer\\Documents\\AI-powered-adaptive-quiz-system\\quiz-backend\\src\\utils\\mailer.ts","statementMap":{"0":{"start":{"line":1,"column":0},"end":{"line":1,"column":36}},"1":{"start":{"line":3,"column":25},"end":{"line":19,"column":1}},"2":{"start":{"line":4,"column":22},"end":{"line":10,"column":4}},"3":{"start":{"line":12,"column":2},"end":{"line":17,"column":5}},"4":{"start":{"line":18,"column":2},"end":{"line":18,"column":37}},"5":{"start":{"line":3,"column":13},"end":{"line":3,"column":25}}},"fnMap":{"0":{"name":"(anonymous_1)","decl":{"start":{"line":3,"column":25},"end":{"line":3,"column":30}},"loc":{"start":{"line":3,"column":77},"end":{"line":19,"column":1}}}},"branchMap":{},"s":{"0":10,"1":10,"2":1,"3":1,"4":1,"5":10},"f":{"0":1},"b":{}}
,"C:\\Users\\Acer\\Documents\\AI-powered-adaptive-quiz-system\\quiz-backend\\src\\utils\\sigmoid.ts": {"path":"C:\\Users\\Acer\\Documents\\AI-powered-adaptive-quiz-system\\quiz-backend\\src\\utils\\sigmoid.ts","statementMap":{"0":{"start":{"line":1,"column":23},"end":{"line":2,"column":24}},"1":{"start":{"line":2,"column":2},"end":{"line":2,"column":24}},"2":{"start":{"line":1,"column":13},"end":{"line":1,"column":23}}},"fnMap":{"0":{"name":"(anonymous_0)","decl":{"start":{"line":1,"column":23},"end":{"line":1,"column":24}},"loc":{"start":{"line":2,"column":2},"end":{"line":2,"column":24}}}},"branchMap":{},"s":{"0":9,"1":11,"2":9},"f":{"0":11},"b":{}}
}
