TN:
SF:src\controllers\auth.controller.ts
FN:8,(anonymous_0)
FN:21,(anonymous_1)
FN:38,(anonymous_2)
FN:63,(anonymous_3)
FN:77,(anonymous_4)
FN:88,(anonymous_5)
FN:99,(anonymous_6)
FN:110,(anonymous_7)
FNF:8
FNH:8
FNDA:3,(anonymous_0)
FNDA:9,(anonymous_1)
FNDA:2,(anonymous_2)
FNDA:2,(anonymous_3)
FNDA:3,(anonymous_4)
FNDA:3,(anonymous_5)
FNDA:2,(anonymous_6)
FNDA:2,(anonymous_7)
DA:2,9
DA:3,9
DA:4,9
DA:8,9
DA:9,3
DA:10,3
DA:11,2
DA:12,2
DA:17,1
DA:21,9
DA:22,9
DA:23,9
DA:24,9
DA:25,7
DA:32,2
DA:38,9
DA:39,2
DA:40,2
DA:41,1
DA:44,1
DA:59,1
DA:63,9
DA:64,2
DA:65,2
DA:66,2
DA:69,2
DA:71,1
DA:73,1
DA:77,9
DA:78,3
DA:79,3
DA:80,3
DA:81,3
DA:82,2
DA:84,1
DA:88,9
DA:89,3
DA:90,3
DA:91,3
DA:92,1
DA:94,2
DA:99,9
DA:100,2
DA:101,2
DA:102,2
DA:103,1
DA:105,1
DA:110,9
DA:111,2
DA:112,2
DA:114,2
DA:116,1
DA:118,1
LF:53
LH:53
BRDA:17,0,0,1
BRDA:17,0,1,0
BRDA:34,1,0,2
BRDA:34,1,1,0
BRDA:66,2,0,0
BRDA:66,2,1,2
BRDA:81,3,0,1
BRDA:81,3,1,2
BRF:8
BRH:5
end_of_record
TN:
SF:src\controllers\question.controller.ts
FN:5,(anonymous_0)
FN:23,(anonymous_1)
FN:32,(anonymous_2)
FN:45,(anonymous_3)
FN:54,(anonymous_4)
FN:66,(anonymous_5)
FNF:6
FNH:5
FNDA:2,(anonymous_0)
FNDA:3,(anonymous_1)
FNDA:1,(anonymous_2)
FNDA:1,(anonymous_3)
FNDA:1,(anonymous_4)
FNDA:0,(anonymous_5)
DA:3,8
DA:5,8
DA:6,2
DA:7,2
DA:8,0
DA:10,2
DA:15,2
DA:20,0
DA:23,8
DA:24,3
DA:25,3
DA:26,3
DA:28,0
DA:32,8
DA:33,1
DA:34,1
DA:39,1
DA:41,0
DA:45,8
DA:46,1
DA:47,1
DA:48,1
DA:50,0
DA:54,8
DA:55,1
DA:56,1
DA:60,1
DA:62,0
DA:66,8
DA:67,0
DA:68,0
DA:71,0
DA:72,0
DA:74,0
DA:78,0
LF:35
LH:23
BRDA:7,0,0,0
BRDA:7,0,1,2
BRDA:71,1,0,0
BRDA:71,1,1,0
BRF:4
BRH:1
end_of_record
TN:
SF:src\controllers\quiz.controller.ts
FN:10,(anonymous_0)
FN:23,(anonymous_1)
FNF:2
FNH:2
FNDA:9,(anonymous_0)
FNDA:5,(anonymous_1)
DA:3,8
DA:4,8
DA:5,8
DA:7,8
DA:10,8
DA:11,9
DA:12,9
DA:14,5
DA:16,4
DA:18,5
DA:22,8
DA:24,5
DA:25,5
DA:27,4
DA:29,1
DA:31,4
LF:16
LH:16
BRF:0
BRH:0
end_of_record
TN:
SF:src\controllers\resource.controller.ts
FN:12,(anonymous_0)
FN:51,(anonymous_1)
FN:77,(anonymous_2)
FN:86,(anonymous_3)
FN:104,(anonymous_4)
FNF:5
FNH:5
FNDA:5,(anonymous_0)
FNDA:1,(anonymous_1)
FNDA:2,(anonymous_2)
FNDA:4,(anonymous_3)
FNDA:3,(anonymous_4)
DA:3,9
DA:4,9
DA:5,9
DA:9,9
DA:10,9
DA:11,9
DA:12,9
DA:13,5
DA:14,5
DA:18,5
DA:19,2
DA:20,1
DA:24,1
DA:25,3
DA:26,3
DA:27,1
DA:33,3
DA:39,2
DA:44,1
DA:51,9
DA:52,1
DA:54,1
DA:77,9
DA:78,2
DA:79,2
DA:80,1
DA:82,1
DA:86,9
DA:87,4
DA:88,4
DA:89,4
DA:90,3
DA:91,1
DA:94,2
DA:95,2
DA:96,2
DA:98,2
DA:100,0
DA:104,9
DA:105,3
DA:107,3
DA:108,1
DA:111,2
DA:112,1
DA:115,1
DA:117,1
LF:46
LH:45
BRDA:11,0,0,9
BRDA:11,0,1,1
BRDA:18,1,0,2
BRDA:18,1,1,3
BRDA:19,2,0,1
BRDA:19,2,1,1
BRDA:25,3,0,3
BRDA:25,3,1,0
BRDA:26,4,0,1
BRDA:26,4,1,2
BRDA:89,5,0,1
BRDA:89,5,1,3
BRDA:90,6,0,1
BRDA:90,6,1,2
BRDA:95,7,0,1
BRDA:95,7,1,1
BRDA:107,8,0,1
BRDA:107,8,1,2
BRDA:111,9,0,1
BRDA:111,9,1,1
BRDA:111,10,0,2
BRDA:111,10,1,2
BRF:22
BRH:21
end_of_record
TN:
SF:src\controllers\school.controller.ts
FN:121,(anonymous_0)
FN:149,(anonymous_1)
FN:184,(anonymous_2)
FN:217,(anonymous_3)
FN:222,(anonymous_4)
FN:245,(anonymous_5)
FN:256,(anonymous_6)
FN:263,(anonymous_7)
FNF:8
FNH:7
FNDA:1,(anonymous_0)
FNDA:2,(anonymous_1)
FNDA:1,(anonymous_2)
FNDA:1,(anonymous_3)
FNDA:2,(anonymous_4)
FNDA:1,(anonymous_5)
FNDA:1,(anonymous_6)
FNDA:0,(anonymous_7)
DA:107,8
DA:108,8
DA:117,8
DA:118,8
DA:120,8
DA:123,1
DA:129,1
DA:130,1
DA:131,0
DA:135,1
DA:140,1
DA:148,8
DA:150,2
DA:152,2
DA:153,2
DA:154,2
DA:155,2
DA:161,2
DA:183,8
DA:185,1
DA:187,1
DA:191,0
DA:194,1
DA:216,8
DA:218,1
DA:222,1
DA:223,2
DA:227,1
DA:231,1
DA:232,0
DA:235,1
DA:237,1
DA:244,8
DA:246,1
DA:247,1
DA:249,1
DA:251,1
DA:255,8
DA:257,1
DA:258,1
DA:262,8
DA:264,0
DA:266,0
DA:267,0
DA:270,0
DA:272,0
LF:46
LH:38
BRDA:125,0,0,0
BRDA:125,0,1,1
BRDA:130,1,0,0
BRDA:130,1,1,1
BRDA:150,2,0,2
BRDA:150,3,0,2
BRDA:150,4,0,2
BRDA:152,5,0,2
BRDA:152,5,1,0
BRDA:153,6,0,2
BRDA:153,6,1,0
BRDA:187,7,0,0
BRDA:187,7,1,1
BRDA:188,8,0,1
BRDA:188,8,1,1
BRDA:220,9,0,0
BRDA:220,9,1,1
BRDA:223,10,0,1
BRDA:223,10,1,1
BRDA:224,11,0,2
BRDA:224,11,1,1
BRDA:231,12,0,0
BRDA:231,12,1,1
BRDA:247,13,0,0
BRDA:247,13,1,1
BRDA:266,14,0,0
BRDA:266,14,1,0
BRDA:266,15,0,0
BRDA:266,15,1,0
BRF:29
BRH:17
end_of_record
TN:
SF:src\controllers\schoolresults.controller.ts
FN:9,(anonymous_0)
FN:19,(anonymous_1)
FN:29,(anonymous_2)
FN:41,(anonymous_3)
FNF:4
FNH:4
FNDA:2,(anonymous_0)
FNDA:2,(anonymous_1)
FNDA:3,(anonymous_2)
FNDA:2,(anonymous_3)
DA:3,9
DA:5,9
DA:7,9
DA:10,2
DA:11,2
DA:12,2
DA:13,1
DA:15,1
DA:20,2
DA:21,2
DA:22,2
DA:23,1
DA:25,1
DA:30,3
DA:31,3
DA:32,3
DA:33,3
DA:34,1
DA:36,2
DA:37,2
DA:42,2
DA:43,2
DA:44,2
DA:45,2
DA:50,1
DA:52,1
DA:53,1
LF:27
LH:27
BRDA:36,0,0,1
BRDA:36,0,1,1
BRDA:52,1,0,1
BRDA:52,1,1,0
BRF:4
BRH:3
end_of_record
TN:
SF:src\controllers\student.controller.ts
FN:6,(anonymous_0)
FN:41,(anonymous_1)
FNF:2
FNH:2
FNDA:3,(anonymous_0)
FNDA:4,(anonymous_1)
DA:3,9
DA:4,9
DA:6,9
DA:10,3
DA:11,3
DA:13,3
DA:14,1
DA:17,2
DA:19,2
DA:24,1
DA:34,1
DA:41,9
DA:42,4
DA:43,4
DA:45,3
DA:46,1
DA:52,2
DA:63,1
LF:18
LH:18
BRDA:13,0,0,1
BRDA:13,0,1,2
BRDA:36,1,0,1
BRDA:36,1,1,0
BRDA:45,2,0,1
BRDA:45,2,1,2
BRDA:65,3,0,1
BRDA:65,3,1,0
BRF:8
BRH:6
end_of_record
TN:
SF:src\controllers\studentQuiz.controller.ts
FN:10,(anonymous_0)
FN:24,(anonymous_1)
FN:38,(anonymous_2)
FNF:3
FNH:3
FNDA:6,(anonymous_0)
FNDA:7,(anonymous_1)
FNDA:2,(anonymous_2)
DA:3,8
DA:4,8
DA:6,8
DA:8,8
DA:11,6
DA:12,6
DA:17,3
DA:20,3
DA:25,7
DA:26,7
DA:31,3
DA:34,4
DA:39,2
DA:40,2
DA:41,2
DA:42,2
DA:43,0
DA:45,2
DA:46,2
DA:48,2
DA:50,2
DA:51,1
DA:54,1
DA:61,0
DA:62,0
LF:25
LH:22
BRDA:42,0,0,0
BRDA:42,0,1,2
BRDA:50,1,0,1
BRDA:50,1,1,1
BRF:4
BRH:3
end_of_record
TN:
SF:src\controllers\studentVerify.controller.ts
FN:7,(anonymous_1)
FNF:1
FNH:1
FNDA:5,(anonymous_1)
DA:2,9
DA:5,9
DA:7,9
DA:8,5
DA:9,5
DA:11,5
DA:12,1
DA:15,4
DA:17,3
DA:18,1
DA:21,2
DA:26,2
DA:30,1
LF:13
LH:13
BRDA:11,0,0,1
BRDA:11,0,1,4
BRDA:17,1,0,1
BRDA:17,1,1,2
BRDA:17,2,0,3
BRDA:17,2,1,2
BRF:6
BRH:6
end_of_record
TN:
SF:src\controllers\studentresults.controller.ts
FN:9,(anonymous_0)
FN:22,(anonymous_1)
FNF:2
FNH:2
FNDA:2,(anonymous_0)
FNDA:3,(anonymous_1)
DA:3,9
DA:5,9
DA:7,9
DA:10,2
DA:11,2
DA:12,2
DA:16,1
DA:18,1
DA:23,3
DA:24,3
DA:25,3
DA:26,3
DA:27,1
DA:29,2
DA:30,2
LF:15
LH:15
BRDA:29,0,0,1
BRDA:29,0,1,1
BRF:2
BRH:2
end_of_record
TN:
SF:src\controllers\superadminauth.controller.ts
FN:5,(anonymous_0)
FNF:1
FNH:0
FNDA:0,(anonymous_0)
DA:2,8
DA:3,8
DA:5,8
DA:6,0
DA:7,0
DA:8,0
DA:9,0
DA:12,0
LF:8
LH:3
BRF:0
BRH:0
end_of_record
TN:
SF:src\cron\quiz.cron.ts
FN:4,(anonymous_1)
FNF:1
FNH:0
FNDA:0,(anonymous_1)
DA:1,8
DA:2,8
DA:4,8
DA:5,0
DA:6,0
DA:11,0
LF:6
LH:3
BRF:0
BRH:0
end_of_record
TN:
SF:src\database\db.ts
FN:3,(anonymous_1)
FN:13,connectDatabaseTest
FNF:2
FNH:1
FNDA:0,(anonymous_1)
FNDA:30,connectDatabaseTest
DA:1,21
DA:3,21
DA:4,0
DA:5,0
DA:6,0
DA:8,0
DA:9,0
DA:13,21
DA:14,30
DA:15,30
DA:16,9
DA:19,21
DA:21,21
DA:23,21
DA:24,21
DA:26,21
DA:27,21
DA:29,0
DA:30,0
DA:33,21
LF:20
LH:13
BRDA:15,0,0,9
BRDA:15,0,1,21
BRDA:19,1,0,0
BRDA:19,1,1,21
BRF:4
BRH:3
end_of_record
TN:
SF:src\dtos\auth.dto.ts
FNF:0
FNH:0
DA:1,10
DA:3,10
DA:8,10
LF:3
LH:3
BRF:0
BRH:0
end_of_record
TN:
SF:src\dtos\question.dto.ts
FNF:0
FNH:0
DA:1,9
DA:3,9
LF:2
LH:2
BRF:0
BRH:0
end_of_record
TN:
SF:src\dtos\quiz.dto.ts
FNF:0
FNH:0
DA:1,9
DA:3,9
DA:14,9
LF:3
LH:3
BRF:0
BRH:0
end_of_record
TN:
SF:src\dtos\resource.dto.ts
FNF:0
FNH:0
DA:1,8
DA:4,8
DA:12,8
LF:3
LH:3
BRF:0
BRH:0
end_of_record
TN:
SF:src\dtos\school.dto.ts
FNF:0
FNH:0
DA:1,10
DA:2,10
DA:4,10
LF:3
LH:3
BRF:0
BRH:0
end_of_record
TN:
SF:src\dtos\student.dto.ts
FNF:0
FNH:0
DA:1,10
DA:3,10
DA:17,10
LF:3
LH:3
BRF:0
BRH:0
end_of_record
TN:
SF:src\dtos\superadmin.dto.ts
FNF:0
FNH:0
DA:1,8
DA:3,8
LF:2
LH:2
BRF:0
BRH:0
end_of_record
TN:
SF:src\middlewares\auth.middleware.ts
FN:14,(anonymous_1)
FNF:1
FNH:1
FNDA:68,(anonymous_1)
DA:2,9
DA:14,9
DA:19,68
DA:21,68
DA:22,8
DA:25,60
DA:26,60
DA:27,2
DA:30,58
DA:31,58
DA:36,54
DA:37,54
DA:39,4
LF:13
LH:13
BRDA:21,0,0,8
BRDA:21,0,1,60
BRDA:26,1,0,2
BRDA:26,1,1,58
BRF:4
BRH:4
end_of_record
TN:
SF:src\middlewares\csv_uploads.middleware.ts
FN:15,(anonymous_1)
FN:18,(anonymous_2)
FN:24,(anonymous_3)
FNF:3
FNH:3
FNDA:2,(anonymous_1)
FNDA:2,(anonymous_2)
FNDA:2,(anonymous_3)
DA:1,8
DA:2,8
DA:3,8
DA:6,8
DA:8,8
DA:10,8
DA:11,0
DA:14,8
DA:16,2
DA:19,2
DA:20,2
DA:24,8
DA:25,2
DA:27,2
DA:28,2
DA:30,0
DA:33,8
LF:17
LH:15
BRDA:10,0,0,0
BRDA:10,0,1,8
BRDA:25,1,0,2
BRDA:25,1,1,0
BRDA:27,2,0,2
BRDA:27,2,1,0
BRF:6
BRH:3
end_of_record
TN:
SF:src\middlewares\error.middleware.ts
FN:3,(anonymous_0)
FNF:1
FNH:0
FNDA:0,(anonymous_0)
DA:3,0
DA:9,0
DA:11,0
LF:3
LH:0
BRDA:11,0,0,0
BRDA:11,0,1,0
BRDA:12,1,0,0
BRDA:12,1,1,0
BRF:4
BRH:0
end_of_record
TN:
SF:src\middlewares\pdf_uploads.middleware.ts
FN:13,(anonymous_1)
FN:16,(anonymous_2)
FN:23,(anonymous_3)
FNF:3
FNH:0
FNDA:0,(anonymous_1)
FNDA:0,(anonymous_2)
FNDA:0,(anonymous_3)
DA:1,8
DA:2,8
DA:3,8
DA:6,8
DA:8,8
DA:9,0
DA:12,8
DA:14,0
DA:18,0
DA:19,0
DA:23,8
DA:28,0
DA:29,0
DA:31,0
DA:35,8
LF:15
LH:8
BRDA:8,0,0,0
BRDA:8,0,1,8
BRDA:28,1,0,0
BRDA:28,1,1,0
BRF:4
BRH:1
end_of_record
TN:
SF:src\middlewares\role.middleware.ts
FN:4,(anonymous_0)
FN:15,(anonymous_1)
FN:26,(anonymous_2)
FNF:3
FNH:3
FNDA:4,(anonymous_0)
FNDA:30,(anonymous_1)
FNDA:30,(anonymous_2)
DA:3,9
DA:4,9
DA:9,4
DA:10,3
DA:12,1
DA:15,9
DA:20,30
DA:21,5
DA:23,25
DA:26,9
DA:31,30
DA:32,8
DA:34,22
LF:13
LH:13
BRDA:9,0,0,3
BRDA:9,0,1,1
BRDA:20,1,0,5
BRDA:20,1,1,25
BRDA:31,2,0,8
BRDA:31,2,1,22
BRF:6
BRH:6
end_of_record
TN:
SF:src\middlewares\uploads.middleware.ts
FN:12,(anonymous_1)
FN:15,(anonymous_2)
FN:21,(anonymous_3)
FN:35,(anonymous_4)
FN:36,(anonymous_5)
FN:37,(anonymous_6)
FNF:6
FNH:1
FNDA:0,(anonymous_1)
FNDA:0,(anonymous_2)
FNDA:0,(anonymous_3)
FNDA:32,(anonymous_4)
FNDA:0,(anonymous_5)
FNDA:0,(anonymous_6)
DA:1,8
DA:2,8
DA:3,8
DA:4,8
DA:6,8
DA:7,8
DA:8,0
DA:11,8
DA:13,0
DA:16,0
DA:17,0
DA:18,0
DA:21,8
DA:23,0
DA:24,0
DA:26,0
DA:28,8
DA:34,8
DA:35,32
DA:36,0
DA:37,0
LF:21
LH:11
BRDA:7,0,0,0
BRDA:7,0,1,8
BRDA:23,1,0,0
BRDA:23,1,1,0
BRF:4
BRH:1
end_of_record
TN:
SF:src\models\questions.model.ts
FNF:0
FNH:0
DA:1,10
DA:3,10
DA:35,10
LF:3
LH:3
BRF:0
BRH:0
end_of_record
TN:
SF:src\models\quiz.model.ts
FNF:0
FNH:0
DA:1,11
DA:3,11
DA:17,11
LF:3
LH:3
BRF:0
BRH:0
end_of_record
TN:
SF:src\models\quizResult.model.ts
FNF:0
FNH:0
DA:1,12
DA:3,12
DA:26,12
LF:3
LH:3
BRF:0
BRH:0
end_of_record
TN:
SF:src\models\resource.model.ts
FNF:0
FNH:0
DA:1,10
DA:18,10
DA:52,10
LF:3
LH:3
BRF:0
BRH:0
end_of_record
TN:
SF:src\models\school.model.ts
FNF:0
FNH:0
DA:1,10
DA:2,10
DA:4,10
DA:35,10
LF:4
LH:4
BRF:0
BRH:0
end_of_record
TN:
SF:src\models\student.model.ts
FNF:0
FNH:0
DA:1,13
DA:3,13
DA:20,13
LF:3
LH:3
BRF:0
BRH:0
end_of_record
TN:
SF:src\models\studentAnswer.model.ts
FNF:0
FNH:0
DA:1,9
DA:3,9
DA:34,9
LF:3
LH:3
BRF:0
BRH:0
end_of_record
TN:
SF:src\models\studentQuizPool.model.ts
FNF:0
FNH:0
DA:1,9
DA:3,9
DA:9,9
LF:3
LH:3
BRF:0
BRH:0
end_of_record
TN:
SF:src\repositories\question.repository.ts
FN:4,(anonymous_0)
FN:8,(anonymous_1)
FN:12,(anonymous_2)
FN:16,(anonymous_3)
FN:20,(anonymous_4)
FNF:5
FNH:3
FNDA:2,(anonymous_0)
FNDA:3,(anonymous_1)
FNDA:0,(anonymous_2)
FNDA:6,(anonymous_3)
FNDA:0,(anonymous_4)
DA:1,9
DA:3,9
DA:5,2
DA:9,3
DA:13,0
DA:17,6
DA:21,0
LF:7
LH:5
BRF:0
BRH:0
end_of_record
TN:
SF:src\repositories\quiz.repository.ts
FN:4,(anonymous_0)
FN:7,(anonymous_1)
FN:21,(anonymous_2)
FNF:3
FNH:3
FNDA:7,(anonymous_0)
FNDA:4,(anonymous_1)
FNDA:1,(anonymous_2)
DA:1,10
DA:3,10
DA:5,7
DA:12,4
DA:22,1
LF:5
LH:5
BRF:0
BRH:0
end_of_record
TN:
SF:src\repositories\quizresult.repository.ts
FN:4,(anonymous_0)
FN:8,(anonymous_1)
FN:15,(anonymous_2)
FN:21,(anonymous_3)
FNF:4
FNH:3
FNDA:1,(anonymous_0)
FNDA:1,(anonymous_1)
FNDA:0,(anonymous_2)
FNDA:1,(anonymous_3)
DA:1,11
DA:3,11
DA:5,1
DA:9,1
DA:16,0
DA:22,1
LF:6
LH:5
BRF:0
BRH:0
end_of_record
TN:
SF:src\repositories\resource.repository.ts
FN:5,(anonymous_0)
FN:9,(anonymous_1)
FN:13,(anonymous_2)
FN:17,(anonymous_3)
FN:21,(anonymous_4)
FN:25,(anonymous_5)
FNF:6
FNH:6
FNDA:1,(anonymous_0)
FNDA:1,(anonymous_1)
FNDA:1,(anonymous_2)
FNDA:1,(anonymous_3)
FNDA:1,(anonymous_4)
FNDA:1,(anonymous_5)
DA:1,10
DA:4,10
DA:6,1
DA:10,1
DA:14,1
DA:18,1
DA:22,1
DA:26,1
LF:8
LH:8
BRF:0
BRH:0
end_of_record
TN:
SF:src\repositories\school.repository.ts
FN:5,(anonymous_0)
FN:9,(anonymous_1)
FN:13,(anonymous_2)
FN:16,(anonymous_3)
FN:20,(anonymous_4)
FN:24,(anonymous_5)
FN:28,(anonymous_6)
FNF:7
FNH:6
FNDA:1,(anonymous_0)
FNDA:9,(anonymous_1)
FNDA:0,(anonymous_2)
FNDA:1,(anonymous_3)
FNDA:1,(anonymous_4)
FNDA:1,(anonymous_5)
FNDA:1,(anonymous_6)
DA:1,10
DA:4,10
DA:6,1
DA:10,9
DA:14,0
DA:17,1
DA:21,1
DA:25,1
DA:29,1
LF:9
LH:8
BRF:0
BRH:0
end_of_record
TN:
SF:src\repositories\student.repository.ts
FN:20,(anonymous_0)
FN:23,(anonymous_1)
FN:27,(anonymous_2)
FN:31,(anonymous_3)
FN:35,(anonymous_4)
FN:42,(anonymous_5)
FN:46,(anonymous_6)
FN:48,(anonymous_7)
FN:52,(anonymous_8)
FNF:9
FNH:5
FNDA:0,(anonymous_0)
FNDA:0,(anonymous_1)
FNDA:1,(anonymous_2)
FNDA:1,(anonymous_3)
FNDA:1,(anonymous_4)
FNDA:1,(anonymous_5)
FNDA:0,(anonymous_6)
FNDA:0,(anonymous_7)
FNDA:1,(anonymous_8)
DA:1,12
DA:2,12
DA:19,12
DA:21,0
DA:24,0
DA:28,1
DA:32,1
DA:36,1
DA:43,1
DA:47,0
DA:48,0
DA:53,1
LF:12
LH:8
BRDA:23,0,0,0
BRF:1
BRH:0
end_of_record
TN:
SF:src\repositories\studentAnswer.repository.ts
FN:5,(anonymous_0)
FN:9,(anonymous_1)
FN:13,(anonymous_2)
FN:18,(anonymous_3)
FN:23,(anonymous_4)
FN:32,(anonymous_5)
FN:36,(anonymous_6)
FN:48,(anonymous_7)
FNF:8
FNH:7
FNDA:3,(anonymous_0)
FNDA:3,(anonymous_1)
FNDA:3,(anonymous_2)
FNDA:1,(anonymous_3)
FNDA:4,(anonymous_4)
FNDA:0,(anonymous_5)
FNDA:2,(anonymous_6)
FNDA:3,(anonymous_7)
DA:1,9
DA:2,9
DA:4,9
DA:6,3
DA:10,3
DA:14,3
DA:18,3
DA:19,3
DA:24,4
DA:29,4
DA:33,0
DA:41,2
DA:52,3
DA:53,3
LF:14
LH:13
BRDA:53,0,0,3
BRDA:53,0,1,2
BRF:2
BRH:2
end_of_record
TN:
SF:src\routes\auth.routes.ts
FNF:0
FNH:0
DA:1,8
DA:2,8
DA:3,8
DA:6,8
DA:8,8
DA:9,8
DA:10,8
DA:11,8
DA:12,8
DA:13,8
DA:14,8
DA:15,8
DA:25,8
LF:13
LH:13
BRF:0
BRH:0
end_of_record
TN:
SF:src\routes\resources.route.ts
FNF:0
FNH:0
DA:1,8
DA:3,8
DA:4,8
DA:5,8
DA:12,8
DA:14,8
DA:17,8
DA:25,8
DA:27,8
DA:29,8
DA:32,8
DA:34,8
LF:12
LH:12
BRF:0
BRH:0
end_of_record
TN:
SF:src\routes\school.routes.ts
FNF:0
FNH:0
DA:1,8
DA:2,8
DA:9,8
DA:10,8
DA:11,8
DA:12,8
DA:13,8
DA:14,8
DA:15,8
DA:16,8
DA:19,8
DA:20,8
DA:21,8
DA:22,8
DA:23,8
DA:24,8
DA:25,8
DA:26,8
DA:27,8
DA:30,8
DA:31,8
DA:32,8
DA:33,8
DA:34,8
DA:35,8
DA:38,8
DA:40,8
LF:27
LH:27
BRF:0
BRH:0
end_of_record
TN:
SF:src\routes\schoolresults.routes.ts
FN:13,(anonymous_0)
FN:15,(anonymous_1)
FN:17,(anonymous_2)
FN:21,(anonymous_3)
FNF:4
FNH:0
FNDA:0,(anonymous_0)
FNDA:0,(anonymous_1)
FNDA:0,(anonymous_2)
FNDA:0,(anonymous_3)
DA:1,8
DA:2,8
DA:3,8
DA:4,8
DA:7,8
DA:8,8
DA:10,8
DA:11,8
DA:13,8
DA:15,8
DA:17,8
DA:18,0
DA:21,8
DA:22,0
DA:25,8
LF:15
LH:13
BRF:0
BRH:0
end_of_record
TN:
SF:src\routes\student.routes.ts
FNF:0
FNH:0
DA:1,8
DA:3,8
DA:4,8
DA:5,8
DA:6,8
DA:7,8
DA:8,8
DA:9,8
DA:10,8
DA:11,8
DA:12,8
DA:13,8
DA:14,8
DA:15,8
DA:17,8
DA:18,8
DA:20,8
DA:21,8
DA:23,8
DA:25,8
LF:20
LH:20
BRF:0
BRH:0
end_of_record
TN:
SF:src\routes\studentresults.routes.ts
FN:12,(anonymous_0)
FN:14,(anonymous_1)
FNF:2
FNH:0
FNDA:0,(anonymous_0)
FNDA:0,(anonymous_1)
DA:1,8
DA:2,8
DA:3,8
DA:4,8
DA:6,8
DA:7,8
DA:9,8
DA:10,8
DA:12,8
DA:14,8
DA:15,0
DA:18,8
LF:12
LH:11
BRF:0
BRH:0
end_of_record
TN:
SF:src\routes\superadmin.routes.ts
FNF:0
FNH:0
DA:1,8
DA:2,8
DA:4,8
DA:5,8
DA:7,8
LF:5
LH:5
BRF:0
BRH:0
end_of_record
TN:
SF:src\services\aiFeedback.service.ts
FN:7,(anonymous_0)
FN:16,(anonymous_1)
FNF:2
FNH:2
FNDA:10,(anonymous_0)
FNDA:1,(anonymous_1)
DA:1,11
DA:3,11
DA:8,10
DA:9,1
DA:12,9
DA:13,9
DA:23,1
DA:24,1
DA:34,1
DA:39,0
DA:41,1
DA:42,1
LF:12
LH:11
BRDA:8,0,0,1
BRDA:8,0,1,9
BRDA:30,1,0,1
BRDA:30,1,1,0
BRDA:39,2,0,0
BRDA:39,2,1,0
BRF:6
BRH:3
end_of_record
TN:
SF:src\services\auth.services.ts
FN:11,(anonymous_1)
FN:30,(anonymous_2)
FN:47,(anonymous_3)
FN:74,(anonymous_4)
FN:80,(anonymous_5)
FN:104,(anonymous_6)
FN:119,(anonymous_7)
FN:142,(anonymous_8)
FNF:8
FNH:8
FNDA:7,(anonymous_1)
FNDA:11,(anonymous_2)
FNDA:4,(anonymous_3)
FNDA:2,(anonymous_4)
FNDA:5,(anonymous_5)
FNDA:5,(anonymous_6)
FNDA:3,(anonymous_7)
FNDA:4,(anonymous_8)
DA:1,10
DA:2,10
DA:3,10
DA:4,10
DA:5,10
DA:6,10
DA:7,10
DA:8,10
DA:10,10
DA:12,7
DA:17,7
DA:18,6
DA:19,5
DA:20,1
DA:22,4
DA:24,4
DA:31,11
DA:32,11
DA:34,10
DA:35,10
DA:37,8
DA:49,4
DA:51,4
DA:53,3
DA:55,3
DA:57,2
DA:63,2
DA:75,2
DA:77,2
DA:81,5
DA:82,5
DA:85,3
DA:86,3
DA:88,3
DA:93,3
DA:95,3
DA:105,5
DA:106,5
DA:108,5
DA:110,3
DA:112,3
DA:120,3
DA:121,3
DA:124,2
DA:126,2
DA:128,2
DA:133,2
DA:143,4
DA:145,4
DA:151,4
DA:153,3
DA:155,3
LF:52
LH:52
BRDA:17,0,0,1
BRDA:17,0,1,6
BRDA:18,1,0,1
BRDA:18,1,1,5
BRDA:19,2,0,1
BRDA:19,2,1,4
BRDA:32,3,0,1
BRDA:32,3,1,10
BRDA:35,4,0,2
BRDA:35,4,1,8
BRDA:51,5,0,1
BRDA:51,5,1,3
BRDA:55,6,0,1
BRDA:55,6,1,2
BRDA:82,7,0,2
BRDA:82,7,1,3
BRDA:108,8,0,2
BRDA:108,8,1,3
BRDA:121,9,0,1
BRDA:121,9,1,2
BRDA:151,10,0,1
BRDA:151,10,1,3
BRF:22
BRH:22
end_of_record
TN:
SF:src\services\question.service.ts
FN:14,(anonymous_1)
FN:21,(anonymous_2)
FN:23,(anonymous_3)
FN:24,(anonymous_4)
FN:56,(anonymous_5)
FN:72,(anonymous_6)
FN:77,(anonymous_7)
FN:98,(anonymous_8)
FN:107,(anonymous_9)
FN:115,(anonymous_10)
FNF:10
FNH:9
FNDA:2,(anonymous_1)
FNDA:2,(anonymous_2)
FNDA:18,(anonymous_3)
FNDA:4,(anonymous_4)
FNDA:2,(anonymous_5)
FNDA:3,(anonymous_6)
FNDA:1,(anonymous_7)
FNDA:1,(anonymous_8)
FNDA:1,(anonymous_9)
FNDA:0,(anonymous_10)
DA:1,8
DA:2,8
DA:3,8
DA:4,8
DA:5,8
DA:13,8
DA:18,2
DA:19,2
DA:21,2
DA:22,2
DA:23,18
DA:25,4
DA:26,4
DA:38,4
DA:53,0
DA:57,2
DA:58,2
DA:61,2
DA:63,2
DA:73,3
DA:88,1
DA:94,1
DA:95,1
DA:99,1
DA:103,1
DA:104,1
DA:108,1
DA:112,1
DA:116,0
DA:120,0
LF:30
LH:27
BRDA:57,0,0,2
BRDA:57,0,1,0
BRDA:94,1,0,0
BRDA:94,1,1,1
BRDA:103,2,0,0
BRDA:103,2,1,1
BRF:6
BRH:3
end_of_record
TN:
SF:src\services\quiz.services.ts
FN:8,(anonymous_0)
FN:41,(anonymous_1)
FN:55,(anonymous_2)
FNF:3
FNH:3
FNDA:15,(anonymous_0)
FNDA:4,(anonymous_1)
FNDA:4,(anonymous_2)
DA:1,9
DA:2,9
DA:4,9
DA:5,9
DA:7,9
DA:9,15
DA:10,15
DA:12,15
DA:13,15
DA:15,15
DA:16,8
DA:31,8
DA:32,6
DA:35,7
DA:37,7
DA:41,4
DA:50,7
DA:54,9
DA:56,4
DA:58,4
DA:59,3
DA:62,1
LF:22
LH:22
BRDA:12,0,0,11
BRDA:12,0,1,4
BRDA:13,1,0,11
BRDA:13,1,1,4
BRDA:15,2,0,8
BRDA:15,2,1,7
BRDA:31,3,0,2
BRDA:31,3,1,6
BRDA:58,4,0,3
BRDA:58,4,1,1
BRF:10
BRH:10
end_of_record
TN:
SF:src\services\resource.service.ts
FN:8,(anonymous_1)
FN:12,(anonymous_2)
FN:16,(anonymous_3)
FN:20,(anonymous_4)
FN:27,(anonymous_5)
FN:44,(anonymous_6)
FN:53,(anonymous_7)
FN:57,(anonymous_8)
FN:61,(anonymous_9)
FNF:9
FNH:8
FNDA:26,(anonymous_1)
FNDA:2,(anonymous_2)
FNDA:2,(anonymous_3)
FNDA:1,(anonymous_4)
FNDA:5,(anonymous_5)
FNDA:3,(anonymous_6)
FNDA:2,(anonymous_7)
FNDA:0,(anonymous_8)
FNDA:3,(anonymous_9)
DA:1,9
DA:3,9
DA:4,9
DA:6,9
DA:8,9
DA:9,26
DA:10,26
DA:13,2
DA:17,2
DA:21,1
DA:28,5
DA:29,5
DA:31,4
DA:33,2
DA:34,2
DA:35,2
DA:37,2
DA:38,2
DA:41,4
DA:45,3
DA:46,3
DA:47,2
DA:48,2
DA:50,3
DA:54,2
DA:58,0
DA:62,3
DA:63,3
DA:64,2
DA:66,1
LF:30
LH:29
BRDA:29,0,0,1
BRDA:29,0,1,4
BRDA:31,1,0,2
BRDA:31,1,1,2
BRDA:33,2,0,2
BRDA:33,2,1,0
BRDA:46,3,0,2
BRDA:46,3,1,1
BRDA:63,4,0,2
BRDA:63,4,1,1
BRDA:63,5,0,3
BRDA:63,5,1,2
BRF:12
BRH:11
end_of_record
TN:
SF:src\services\school.services.ts
FN:7,(anonymous_1)
FN:35,(anonymous_2)
FN:63,(anonymous_3)
FN:69,(anonymous_4)
FN:90,(anonymous_5)
FN:98,(anonymous_6)
FN:104,(anonymous_7)
FNF:7
FNH:6
FNDA:1,(anonymous_1)
FNDA:2,(anonymous_2)
FNDA:1,(anonymous_3)
FNDA:1,(anonymous_4)
FNDA:1,(anonymous_5)
FNDA:1,(anonymous_6)
FNDA:0,(anonymous_7)
DA:1,8
DA:2,8
DA:3,8
DA:5,8
DA:7,8
DA:8,1
DA:9,1
DA:10,1
DA:11,0
DA:13,1
DA:35,8
DA:39,2
DA:41,2
DA:42,2
DA:44,2
DA:45,0
DA:51,2
DA:53,2
DA:59,2
DA:63,8
DA:64,1
DA:65,1
DA:66,1
DA:69,8
DA:73,1
DA:74,0
DA:76,1
DA:77,0
DA:78,0
DA:79,0
DA:81,0
DA:85,1
DA:86,1
DA:87,1
DA:90,8
DA:91,1
DA:92,1
DA:94,1
DA:95,1
DA:98,8
DA:99,1
DA:100,1
DA:101,1
DA:104,8
DA:105,0
DA:106,0
LF:46
LH:37
BRDA:10,0,0,0
BRDA:10,0,1,1
BRDA:10,1,0,1
BRDA:10,1,1,1
BRDA:10,1,2,1
BRDA:37,2,0,0
BRDA:39,3,0,0
BRDA:39,4,0,0
BRDA:39,5,0,0
BRDA:42,6,0,2
BRDA:42,6,1,0
BRDA:44,7,0,0
BRDA:44,7,1,2
BRDA:65,8,0,0
BRDA:65,8,1,1
BRDA:73,9,0,0
BRDA:73,9,1,1
BRDA:76,10,0,0
BRDA:76,10,1,1
BRDA:78,11,0,0
BRDA:78,11,1,0
BRDA:78,12,0,0
BRDA:78,12,1,0
BRDA:78,12,2,0
BRDA:86,13,0,0
BRDA:86,13,1,1
BRDA:94,14,0,0
BRDA:94,14,1,1
BRDA:100,15,0,0
BRDA:100,15,1,1
BRDA:105,16,0,0
BRDA:105,16,1,0
BRF:32
BRH:12
end_of_record
TN:
SF:src\services\schoolresults.service.ts
FN:5,(anonymous_0)
FN:9,(anonymous_1)
FN:15,(anonymous_2)
FN:17,(anonymous_3)
FN:30,(anonymous_4)
FN:40,(anonymous_5)
FN:65,(anonymous_6)
FN:110,(anonymous_7)
FN:120,(anonymous_8)
FN:122,(anonymous_9)
FN:128,(anonymous_10)
FNF:11
FNH:11
FNDA:24,(anonymous_0)
FNDA:7,(anonymous_1)
FNDA:4,(anonymous_2)
FNDA:3,(anonymous_3)
FNDA:5,(anonymous_4)
FNDA:3,(anonymous_5)
FNDA:4,(anonymous_6)
FNDA:1,(anonymous_7)
FNDA:3,(anonymous_8)
FNDA:3,(anonymous_9)
FNDA:2,(anonymous_10)
DA:1,9
DA:2,9
DA:5,9
DA:6,24
DA:10,7
DA:11,6
DA:16,4
DA:17,4
DA:35,5
DA:36,5
DA:38,4
DA:40,4
DA:71,4
DA:72,4
DA:74,3
DA:78,3
DA:81,2
DA:86,2
DA:110,1
DA:121,3
DA:122,3
DA:124,3
DA:126,2
DA:128,2
LF:24
LH:24
BRDA:10,0,0,1
BRDA:10,0,1,6
BRDA:24,1,0,3
BRDA:24,1,1,1
BRDA:36,2,0,1
BRDA:36,2,1,4
BRDA:52,3,0,3
BRDA:52,3,1,0
BRDA:53,4,0,3
BRDA:53,4,1,0
BRDA:72,5,0,1
BRDA:72,5,1,3
BRDA:78,6,0,1
BRDA:78,6,1,2
BRDA:98,7,0,2
BRDA:98,7,1,0
BRDA:99,8,0,2
BRDA:99,8,1,0
BRDA:109,9,0,2
BRDA:109,9,1,1
BRDA:110,10,0,2
BRDA:110,10,1,1
BRDA:124,11,0,1
BRDA:124,11,1,2
BRF:24
BRH:20
end_of_record
TN:
SF:src\services\student.service.ts
FN:4,(anonymous_0)
FN:21,(anonymous_1)
FNF:2
FNH:2
FNDA:4,(anonymous_0)
FNDA:3,(anonymous_1)
DA:1,9
DA:3,9
DA:5,4
DA:6,4
DA:7,2
DA:14,2
DA:15,2
DA:17,2
DA:19,2
DA:22,3
LF:10
LH:10
BRDA:6,0,0,2
BRDA:6,0,1,2
BRF:2
BRH:2
end_of_record
TN:
SF:src\services\studentQuiz.services.ts
FN:16,(anonymous_0)
FN:22,(anonymous_1)
FN:52,(anonymous_2)
FN:65,(anonymous_3)
FN:91,(anonymous_4)
FN:92,(anonymous_5)
FN:94,(anonymous_6)
FN:102,(anonymous_7)
FN:106,(anonymous_8)
FN:108,(anonymous_9)
FN:126,(anonymous_10)
FN:139,(anonymous_11)
FN:153,(anonymous_12)
FN:156,(anonymous_13)
FN:161,(anonymous_14)
FN:168,(anonymous_15)
FN:174,(anonymous_16)
FN:175,(anonymous_17)
FN:176,(anonymous_18)
FN:177,(anonymous_19)
FN:192,(anonymous_20)
FN:241,(anonymous_21)
FN:254,(anonymous_22)
FN:263,(anonymous_23)
FN:265,(anonymous_24)
FN:277,(anonymous_25)
FN:278,(anonymous_26)
FN:305,(anonymous_27)
FN:324,(anonymous_28)
FN:326,(anonymous_29)
FNF:30
FNH:18
FNDA:22,(anonymous_0)
FNDA:12,(anonymous_1)
FNDA:4,(anonymous_2)
FNDA:13,(anonymous_3)
FNDA:40,(anonymous_4)
FNDA:3,(anonymous_5)
FNDA:8,(anonymous_6)
FNDA:8,(anonymous_7)
FNDA:0,(anonymous_8)
FNDA:0,(anonymous_9)
FNDA:2,(anonymous_10)
FNDA:13,(anonymous_11)
FNDA:5,(anonymous_12)
FNDA:2,(anonymous_13)
FNDA:2,(anonymous_14)
FNDA:2,(anonymous_15)
FNDA:0,(anonymous_16)
FNDA:0,(anonymous_17)
FNDA:0,(anonymous_18)
FNDA:0,(anonymous_19)
FNDA:2,(anonymous_20)
FNDA:20,(anonymous_21)
FNDA:0,(anonymous_22)
FNDA:0,(anonymous_23)
FNDA:0,(anonymous_24)
FNDA:0,(anonymous_25)
FNDA:0,(anonymous_26)
FNDA:0,(anonymous_27)
FNDA:5,(anonymous_28)
FNDA:2,(anonymous_29)
DA:2,9
DA:3,9
DA:4,9
DA:6,9
DA:7,9
DA:8,9
DA:9,9
DA:10,9
DA:12,9
DA:13,9
DA:14,9
DA:16,9
DA:17,22
DA:18,22
DA:19,22
DA:20,22
DA:23,12
DA:24,12
DA:25,3
DA:28,9
DA:33,9
DA:34,2
DA:37,7
DA:39,7
DA:49,7
DA:53,4
DA:55,4
DA:62,4
DA:66,13
DA:67,13
DA:70,10
DA:71,10
DA:72,2
DA:74,8
DA:75,3
DA:76,3
DA:79,5
DA:84,5
DA:86,3
DA:88,3
DA:89,3
DA:90,15
DA:91,40
DA:92,3
DA:95,8
DA:97,15
DA:100,3
DA:101,3
DA:103,8
DA:104,8
DA:106,0
DA:109,0
DA:112,3
DA:114,3
DA:121,5
DA:126,5
DA:127,2
DA:130,5
DA:131,0
DA:134,5
DA:138,5
DA:139,5
DA:140,13
DA:141,13
DA:142,13
DA:143,13
DA:146,5
DA:147,0
DA:151,5
DA:153,5
DA:154,5
DA:156,2
DA:157,2
DA:158,2
DA:160,2
DA:161,2
DA:164,2
DA:167,5
DA:168,5
DA:170,5
DA:173,5
DA:174,0
DA:175,0
DA:176,0
DA:177,0
DA:179,0
DA:180,0
DA:181,0
DA:184,0
DA:185,0
DA:186,0
DA:191,5
DA:192,2
DA:196,5
DA:197,5
DA:198,0
DA:199,0
DA:200,0
DA:201,0
DA:205,5
DA:206,5
DA:208,5
DA:209,11
DA:210,11
DA:213,11
DA:214,11
DA:215,11
DA:217,11
DA:218,7
DA:219,7
DA:223,5
DA:224,0
DA:227,0
DA:233,5
DA:237,5
DA:241,20
DA:251,5
DA:255,0
DA:260,0
DA:262,0
DA:263,0
DA:264,0
DA:265,0
DA:267,0
DA:268,0
DA:269,0
DA:270,0
DA:272,0
DA:273,0
DA:276,0
DA:277,0
DA:278,0
DA:280,0
DA:282,0
DA:283,0
DA:284,0
DA:292,0
DA:295,0
DA:305,0
DA:314,0
DA:325,5
DA:326,5
DA:327,2
DA:328,2
DA:329,2
DA:330,2
LF:146
LH:103
BRDA:24,0,0,3
BRDA:24,0,1,9
BRDA:33,1,0,2
BRDA:33,1,1,7
BRDA:67,2,0,3
BRDA:67,2,1,10
BRDA:71,3,0,2
BRDA:71,3,1,8
BRDA:74,4,0,3
BRDA:74,4,1,5
BRDA:74,5,0,8
BRDA:74,5,1,8
BRDA:74,5,2,8
BRDA:84,6,0,3
BRDA:84,6,1,2
BRDA:95,7,0,8
BRDA:95,7,1,0
BRDA:103,8,0,8
BRDA:103,8,1,0
BRDA:109,9,0,0
BRDA:109,9,1,0
BRDA:130,10,0,0
BRDA:130,10,1,5
BRDA:140,11,0,13
BRDA:140,11,1,0
BRDA:143,12,0,13
BRDA:143,12,1,13
BRDA:146,13,0,0
BRDA:146,13,1,5
BRDA:154,14,0,3
BRDA:154,14,1,2
BRDA:158,15,0,1
BRDA:158,15,1,1
BRDA:170,16,0,2
BRDA:170,16,1,3
BRDA:173,17,0,0
BRDA:173,17,1,5
BRDA:179,18,0,0
BRDA:179,18,1,0
BRDA:179,19,0,0
BRDA:179,19,1,0
BRDA:179,19,2,0
BRDA:184,20,0,0
BRDA:184,20,1,0
BRDA:184,21,0,0
BRDA:184,21,1,0
BRDA:191,22,0,2
BRDA:191,22,1,3
BRDA:197,23,0,0
BRDA:197,23,1,5
BRDA:198,24,0,0
BRDA:198,24,1,0
BRDA:200,25,0,0
BRDA:200,25,1,0
BRDA:200,26,0,0
BRDA:200,26,1,0
BRDA:209,27,0,11
BRDA:209,27,1,0
BRDA:217,28,0,7
BRDA:217,28,1,4
BRDA:223,29,0,0
BRDA:223,29,1,5
BRDA:233,30,0,5
BRDA:233,30,1,0
BRDA:239,31,0,5
BRDA:239,31,1,0
BRDA:240,32,0,5
BRDA:240,32,1,0
BRDA:269,33,0,0
BRDA:269,33,1,0
BRDA:273,34,0,0
BRDA:273,34,1,0
BRDA:280,35,0,0
BRDA:280,35,1,0
BRDA:328,36,0,0
BRDA:328,36,1,2
BRF:76
BRH:40
end_of_record
TN:
SF:src\services\studentresults.service.ts
FN:7,(anonymous_0)
FN:10,(anonymous_1)
FN:16,(anonymous_2)
FN:19,(anonymous_3)
FN:19,(anonymous_4)
FN:37,(anonymous_5)
FN:70,(anonymous_6)
FN:79,(anonymous_7)
FN:106,(anonymous_8)
FNF:9
FNH:9
FNDA:23,(anonymous_0)
FNDA:12,(anonymous_1)
FNDA:6,(anonymous_2)
FNDA:5,(anonymous_3)
FNDA:4,(anonymous_4)
FNDA:4,(anonymous_5)
FNDA:1,(anonymous_6)
FNDA:5,(anonymous_7)
FNDA:1,(anonymous_8)
DA:1,9
DA:7,9
DA:8,23
DA:11,12
DA:12,11
DA:17,6
DA:19,6
DA:41,4
DA:45,4
DA:47,2
DA:52,2
DA:70,1
DA:80,5
DA:86,5
DA:88,5
DA:89,7
DA:90,6
DA:91,6
DA:93,6
DA:95,6
DA:104,5
DA:105,5
DA:106,1
DA:110,5
LF:24
LH:24
BRDA:11,0,0,1
BRDA:11,0,1,11
BRDA:45,1,0,2
BRDA:45,1,1,2
BRDA:69,2,0,2
BRDA:69,2,1,1
BRDA:70,3,0,2
BRDA:70,3,1,1
BRDA:89,4,0,1
BRDA:89,4,1,6
BRDA:90,5,0,6
BRDA:90,5,1,0
BRDA:93,6,0,5
BRDA:93,6,1,1
BRF:14
BRH:13
end_of_record
TN:
SF:src\services\superadmin.services.ts
FN:9,(anonymous_1)
FNF:1
FNH:0
FNDA:0,(anonymous_1)
DA:1,8
DA:2,8
DA:3,8
DA:5,8
DA:6,8
DA:8,8
DA:10,0
DA:11,0
DA:13,0
LF:9
LH:6
BRDA:10,0,0,0
BRDA:10,0,1,0
BRDA:10,1,0,0
BRDA:10,1,1,0
BRF:4
BRH:0
end_of_record
TN:
SF:src\types\roles.types.ts
FN:1,(anonymous_0)
FNF:1
FNH:1
FNDA:11,(anonymous_0)
DA:1,11
DA:2,11
DA:3,11
DA:4,11
LF:4
LH:4
BRDA:1,0,0,11
BRDA:1,0,1,11
BRF:2
BRH:2
end_of_record
TN:
SF:src\types\school.types.ts
FN:1,(anonymous_0)
FNF:1
FNH:1
FNDA:12,(anonymous_0)
DA:1,12
DA:2,12
DA:3,12
DA:4,12
DA:5,12
LF:5
LH:5
BRDA:1,0,0,12
BRDA:1,0,1,12
BRF:2
BRH:2
end_of_record
TN:
SF:src\utils\asyncHandler.ts
FN:4,(anonymous_0)
FN:5,(anonymous_1)
FNF:2
FNH:2
FNDA:56,(anonymous_0)
FNDA:7,(anonymous_1)
DA:3,8
DA:4,8
DA:5,56
DA:6,7
LF:4
LH:4
BRF:0
BRH:0
end_of_record
TN:
SF:src\utils\difficulty.ts
FNF:0
FNH:0
DA:1,10
LF:1
LH:1
BRF:0
BRH:0
end_of_record
TN:
SF:src\utils\mailer.ts
FN:3,(anonymous_1)
FNF:1
FNH:1
FNDA:1,(anonymous_1)
DA:1,10
DA:3,10
DA:4,1
DA:12,1
DA:18,1
LF:5
LH:5
BRF:0
BRH:0
end_of_record
TN:
SF:src\utils\sigmoid.ts
FN:1,(anonymous_0)
FNF:1
FNH:1
FNDA:11,(anonymous_0)
DA:1,9
DA:2,11
LF:2
LH:2
BRF:0
BRH:0
end_of_record
